  Building Custom Rule C:/Users/hsauro/Documents/Visual Studio 2017/Projects/Libstructural/SWIG/CMakeLists.txt
  CMake does not need to re-run because C:/Users/hsauro/Documents/Visual Studio 2017/Projects/Libstructural/BUILD/SWIG/CMakeFiles/generate.stamp is up-to-date.
  Swig source
C:\Users\hsauro\Documents\Visual Studio 2017\Projects\Libstructural\SWIG\..\include\matrix.h(217): warning 362: operator= ignored
C:\Users\hsauro\Documents\Visual Studio 2017\Projects\Libstructural\SWIG\..\include\matrix.h(228): warning 362: operator= ignored
C:\Users\hsauro\Documents\Visual Studio 2017\Projects\Libstructural\SWIG\..\include\matrix.h(252): warning 389: operator[] ignored (consider using %extend)
C:\Users\hsauro\Documents\Visual Studio 2017\Projects\Libstructural\SWIG\..\include\matrix.h(258): warning 389: operator[] ignored (consider using %extend)
C:\Users\hsauro\Documents\Visual Studio 2017\Projects\Libstructural\SWIG\..\include\matrix.h(109): warning 509: Overloaded method LIB_LA::Matrix< double >::Matrix(double const **,int,int) effectively ignored,
C:\Users\hsauro\Documents\Visual Studio 2017\Projects\Libstructural\SWIG\..\include\matrix.h(86): warning 509: as it is shadowed by LIB_LA::Matrix< double >::Matrix(double *&,int,int).
C:\Users\hsauro\Documents\Visual Studio 2017\Projects\Libstructural\SWIG\..\include\matrix.h(109): warning 509: Overloaded method LIB_LA::Matrix< int >::Matrix(int const **,int,int) effectively ignored,
C:\Users\hsauro\Documents\Visual Studio 2017\Projects\Libstructural\SWIG\..\include\matrix.h(86): warning 509: as it is shadowed by LIB_LA::Matrix< int >::Matrix(int *&,int,int).
C:\Users\hsauro\Documents\Visual Studio 2017\Projects\Libstructural\SWIG\..\include\matrix.h(109): warning 509: Overloaded method LIB_LA::Matrix< LIB_LA::Complex >::Matrix(LIB_LA::Complex const **,int,int) effectively ignored,
C:\Users\hsauro\Documents\Visual Studio 2017\Projects\Libstructural\SWIG\..\include\matrix.h(86): warning 509: as it is shadowed by LIB_LA::Matrix< LIB_LA::Complex >::Matrix(LIB_LA::Complex *&,int,int).
  libstructuralPYTHON_wrap.cxx
C:\Users\hsauro\Documents\Visual Studio 2017\Projects\Libstructural\install_x64\wrapper\structural\libstructuralPYTHON_wrap.cxx(5552): warning C4101: 'e': unreferenced local variable
C:\Users\hsauro\Documents\Visual Studio 2017\Projects\Libstructural\install_x64\wrapper\structural\libstructuralPYTHON_wrap.cxx(5598): warning C4101: 'e': unreferenced local variable
C:\Users\hsauro\Documents\Visual Studio 2017\Projects\Libstructural\install_x64\wrapper\structural\libstructuralPYTHON_wrap.cxx(5653): warning C4101: 'e': unreferenced local variable
C:\Users\hsauro\Documents\Visual Studio 2017\Projects\Libstructural\install_x64\wrapper\structural\libstructuralPYTHON_wrap.cxx(5699): warning C4101: 'e': unreferenced local variable
C:\Users\hsauro\Documents\Visual Studio 2017\Projects\Libstructural\install_x64\wrapper\structural\libstructuralPYTHON_wrap.cxx(5798): warning C4101: 'e': unreferenced local variable
C:\Users\hsauro\Documents\Visual Studio 2017\Projects\Libstructural\install_x64\wrapper\structural\libstructuralPYTHON_wrap.cxx(5844): warning C4101: 'e': unreferenced local variable
C:\Users\hsauro\Documents\Visual Studio 2017\Projects\Libstructural\install_x64\wrapper\structural\libstructuralPYTHON_wrap.cxx(5942): warning C4101: 'e': unreferenced local variable
C:\Users\hsauro\Documents\Visual Studio 2017\Projects\Libstructural\install_x64\wrapper\structural\libstructuralPYTHON_wrap.cxx(5996): warning C4101: 'e': unreferenced local variable
C:\Users\hsauro\Documents\Visual Studio 2017\Projects\Libstructural\install_x64\wrapper\structural\libstructuralPYTHON_wrap.cxx(6032): warning C4101: 'e': unreferenced local variable
C:\Users\hsauro\Documents\Visual Studio 2017\Projects\Libstructural\install_x64\wrapper\structural\libstructuralPYTHON_wrap.cxx(6078): warning C4101: 'e': unreferenced local variable
C:\Users\hsauro\Documents\Visual Studio 2017\Projects\Libstructural\install_x64\wrapper\structural\libstructuralPYTHON_wrap.cxx(6124): warning C4101: 'e': unreferenced local variable
C:\Users\hsauro\Documents\Visual Studio 2017\Projects\Libstructural\install_x64\wrapper\structural\libstructuralPYTHON_wrap.cxx(6170): warning C4101: 'e': unreferenced local variable
C:\Users\hsauro\Documents\Visual Studio 2017\Projects\Libstructural\install_x64\wrapper\structural\libstructuralPYTHON_wrap.cxx(6225): warning C4101: 'e': unreferenced local variable
C:\Users\hsauro\Documents\Visual Studio 2017\Projects\Libstructural\install_x64\wrapper\structural\libstructuralPYTHON_wrap.cxx(6273): warning C4101: 'e': unreferenced local variable
C:\Users\hsauro\Documents\Visual Studio 2017\Projects\Libstructural\install_x64\wrapper\structural\libstructuralPYTHON_wrap.cxx(6321): warning C4101: 'e': unreferenced local variable
C:\Users\hsauro\Documents\Visual Studio 2017\Projects\Libstructural\install_x64\wrapper\structural\libstructuralPYTHON_wrap.cxx(6376): warning C4101: 'e': unreferenced local variable
C:\Users\hsauro\Documents\Visual Studio 2017\Projects\Libstructural\install_x64\wrapper\structural\libstructuralPYTHON_wrap.cxx(6431): warning C4101: 'e': unreferenced local variable
C:\Users\hsauro\Documents\Visual Studio 2017\Projects\Libstructural\install_x64\wrapper\structural\libstructuralPYTHON_wrap.cxx(6486): warning C4101: 'e': unreferenced local variable
C:\Users\hsauro\Documents\Visual Studio 2017\Projects\Libstructural\install_x64\wrapper\structural\libstructuralPYTHON_wrap.cxx(6541): warning C4101: 'e': unreferenced local variable
C:\Users\hsauro\Documents\Visual Studio 2017\Projects\Libstructural\install_x64\wrapper\structural\libstructuralPYTHON_wrap.cxx(6589): warning C4101: 'e': unreferenced local variable
C:\Users\hsauro\Documents\Visual Studio 2017\Projects\Libstructural\install_x64\wrapper\structural\libstructuralPYTHON_wrap.cxx(6668): warning C4101: 'e': unreferenced local variable
C:\Users\hsauro\Documents\Visual Studio 2017\Projects\Libstructural\install_x64\wrapper\structural\libstructuralPYTHON_wrap.cxx(6715): warning C4101: 'e': unreferenced local variable
C:\Users\hsauro\Documents\Visual Studio 2017\Projects\Libstructural\install_x64\wrapper\structural\libstructuralPYTHON_wrap.cxx(6756): warning C4101: 'e': unreferenced local variable
C:\Users\hsauro\Documents\Visual Studio 2017\Projects\Libstructural\install_x64\wrapper\structural\libstructuralPYTHON_wrap.cxx(6950): warning C4101: 'e': unreferenced local variable
C:\Users\hsauro\Documents\Visual Studio 2017\Projects\Libstructural\install_x64\wrapper\structural\libstructuralPYTHON_wrap.cxx(6995): warning C4101: 'e': unreferenced local variable
C:\Users\hsauro\Documents\Visual Studio 2017\Projects\Libstructural\install_x64\wrapper\structural\libstructuralPYTHON_wrap.cxx(7031): warning C4101: 'e': unreferenced local variable
C:\Users\hsauro\Documents\Visual Studio 2017\Projects\Libstructural\install_x64\wrapper\structural\libstructuralPYTHON_wrap.cxx(7067): warning C4101: 'e': unreferenced local variable
C:\Users\hsauro\Documents\Visual Studio 2017\Projects\Libstructural\install_x64\wrapper\structural\libstructuralPYTHON_wrap.cxx(7103): warning C4101: 'e': unreferenced local variable
C:\Users\hsauro\Documents\Visual Studio 2017\Projects\Libstructural\install_x64\wrapper\structural\libstructuralPYTHON_wrap.cxx(7145): warning C4101: 'e': unreferenced local variable
C:\Users\hsauro\Documents\Visual Studio 2017\Projects\Libstructural\install_x64\wrapper\structural\libstructuralPYTHON_wrap.cxx(7208): warning C4101: 'e': unreferenced local variable
C:\Users\hsauro\Documents\Visual Studio 2017\Projects\Libstructural\install_x64\wrapper\structural\libstructuralPYTHON_wrap.cxx(7284): warning C4101: 'e': unreferenced local variable
C:\Users\hsauro\Documents\Visual Studio 2017\Projects\Libstructural\install_x64\wrapper\structural\libstructuralPYTHON_wrap.cxx(7348): warning C4101: 'e': unreferenced local variable
C:\Users\hsauro\Documents\Visual Studio 2017\Projects\Libstructural\install_x64\wrapper\structural\libstructuralPYTHON_wrap.cxx(7474): warning C4101: 'e': unreferenced local variable
C:\Users\hsauro\Documents\Visual Studio 2017\Projects\Libstructural\install_x64\wrapper\structural\libstructuralPYTHON_wrap.cxx(7524): warning C4101: 'e': unreferenced local variable
C:\Users\hsauro\Documents\Visual Studio 2017\Projects\Libstructural\install_x64\wrapper\structural\libstructuralPYTHON_wrap.cxx(7577): warning C4101: 'e': unreferenced local variable
C:\Users\hsauro\Documents\Visual Studio 2017\Projects\Libstructural\install_x64\wrapper\structural\libstructuralPYTHON_wrap.cxx(7643): warning C4101: 'e': unreferenced local variable
C:\Users\hsauro\Documents\Visual Studio 2017\Projects\Libstructural\install_x64\wrapper\structural\libstructuralPYTHON_wrap.cxx(7697): warning C4101: 'e': unreferenced local variable
C:\Users\hsauro\Documents\Visual Studio 2017\Projects\Libstructural\install_x64\wrapper\structural\libstructuralPYTHON_wrap.cxx(7749): warning C4101: 'e': unreferenced local variable
C:\Users\hsauro\Documents\Visual Studio 2017\Projects\Libstructural\install_x64\wrapper\structural\libstructuralPYTHON_wrap.cxx(7847): warning C4101: 'e': unreferenced local variable
C:\Users\hsauro\Documents\Visual Studio 2017\Projects\Libstructural\install_x64\wrapper\structural\libstructuralPYTHON_wrap.cxx(7958): warning C4101: 'e': unreferenced local variable
C:\Users\hsauro\Documents\Visual Studio 2017\Projects\Libstructural\install_x64\wrapper\structural\libstructuralPYTHON_wrap.cxx(8078): warning C4101: 'e': unreferenced local variable
C:\Users\hsauro\Documents\Visual Studio 2017\Projects\Libstructural\install_x64\wrapper\structural\libstructuralPYTHON_wrap.cxx(8107): warning C4101: 'e': unreferenced local variable
C:\Users\hsauro\Documents\Visual Studio 2017\Projects\Libstructural\install_x64\wrapper\structural\libstructuralPYTHON_wrap.cxx(8148): warning C4101: 'e': unreferenced local variable
C:\Users\hsauro\Documents\Visual Studio 2017\Projects\Libstructural\install_x64\wrapper\structural\libstructuralPYTHON_wrap.cxx(8186): warning C4101: 'e': unreferenced local variable
C:\Users\hsauro\Documents\Visual Studio 2017\Projects\Libstructural\install_x64\wrapper\structural\libstructuralPYTHON_wrap.cxx(8222): warning C4101: 'e': unreferenced local variable
C:\Users\hsauro\Documents\Visual Studio 2017\Projects\Libstructural\install_x64\wrapper\structural\libstructuralPYTHON_wrap.cxx(8257): warning C4101: 'e': unreferenced local variable
C:\Users\hsauro\Documents\Visual Studio 2017\Projects\Libstructural\install_x64\wrapper\structural\libstructuralPYTHON_wrap.cxx(8304): warning C4101: 'e': unreferenced local variable
C:\Users\hsauro\Documents\Visual Studio 2017\Projects\Libstructural\install_x64\wrapper\structural\libstructuralPYTHON_wrap.cxx(8340): warning C4101: 'e': unreferenced local variable
C:\Users\hsauro\Documents\Visual Studio 2017\Projects\Libstructural\install_x64\wrapper\structural\libstructuralPYTHON_wrap.cxx(8376): warning C4101: 'e': unreferenced local variable
C:\Users\hsauro\Documents\Visual Studio 2017\Projects\Libstructural\install_x64\wrapper\structural\libstructuralPYTHON_wrap.cxx(8413): warning C4101: 'e': unreferenced local variable
C:\Users\hsauro\Documents\Visual Studio 2017\Projects\Libstructural\install_x64\wrapper\structural\libstructuralPYTHON_wrap.cxx(8450): warning C4101: 'e': unreferenced local variable
C:\Users\hsauro\Documents\Visual Studio 2017\Projects\Libstructural\install_x64\wrapper\structural\libstructuralPYTHON_wrap.cxx(8487): warning C4101: 'e': unreferenced local variable
C:\Users\hsauro\Documents\Visual Studio 2017\Projects\Libstructural\install_x64\wrapper\structural\libstructuralPYTHON_wrap.cxx(8524): warning C4101: 'e': unreferenced local variable
C:\Users\hsauro\Documents\Visual Studio 2017\Projects\Libstructural\install_x64\wrapper\structural\libstructuralPYTHON_wrap.cxx(8559): warning C4101: 'e': unreferenced local variable
C:\Users\hsauro\Documents\Visual Studio 2017\Projects\Libstructural\install_x64\wrapper\structural\libstructuralPYTHON_wrap.cxx(8603): warning C4101: 'e': unreferenced local variable
C:\Users\hsauro\Documents\Visual Studio 2017\Projects\Libstructural\install_x64\wrapper\structural\libstructuralPYTHON_wrap.cxx(8654): warning C4101: 'e': unreferenced local variable
C:\Users\hsauro\Documents\Visual Studio 2017\Projects\Libstructural\install_x64\wrapper\structural\libstructuralPYTHON_wrap.cxx(8721): warning C4101: 'e': unreferenced local variable
C:\Users\hsauro\Documents\Visual Studio 2017\Projects\Libstructural\install_x64\wrapper\structural\libstructuralPYTHON_wrap.cxx(8823): warning C4101: 'e': unreferenced local variable
C:\Users\hsauro\Documents\Visual Studio 2017\Projects\Libstructural\install_x64\wrapper\structural\libstructuralPYTHON_wrap.cxx(8931): warning C4101: 'e': unreferenced local variable
C:\Users\hsauro\Documents\Visual Studio 2017\Projects\Libstructural\install_x64\wrapper\structural\libstructuralPYTHON_wrap.cxx(8969): warning C4101: 'e': unreferenced local variable
C:\Users\hsauro\Documents\Visual Studio 2017\Projects\Libstructural\install_x64\wrapper\structural\libstructuralPYTHON_wrap.cxx(9005): warning C4101: 'e': unreferenced local variable
C:\Users\hsauro\Documents\Visual Studio 2017\Projects\Libstructural\install_x64\wrapper\structural\libstructuralPYTHON_wrap.cxx(9063): warning C4101: 'e': unreferenced local variable
C:\Users\hsauro\Documents\Visual Studio 2017\Projects\Libstructural\install_x64\wrapper\structural\libstructuralPYTHON_wrap.cxx(9123): warning C4101: 'e': unreferenced local variable
C:\Users\hsauro\Documents\Visual Studio 2017\Projects\Libstructural\install_x64\wrapper\structural\libstructuralPYTHON_wrap.cxx(9242): warning C4101: 'e': unreferenced local variable
C:\Users\hsauro\Documents\Visual Studio 2017\Projects\Libstructural\install_x64\wrapper\structural\libstructuralPYTHON_wrap.cxx(9318): warning C4101: 'e': unreferenced local variable
C:\Users\hsauro\Documents\Visual Studio 2017\Projects\Libstructural\install_x64\wrapper\structural\libstructuralPYTHON_wrap.cxx(9424): warning C4101: 'e': unreferenced local variable
C:\Users\hsauro\Documents\Visual Studio 2017\Projects\Libstructural\install_x64\wrapper\structural\libstructuralPYTHON_wrap.cxx(9460): warning C4101: 'e': unreferenced local variable
C:\Users\hsauro\Documents\Visual Studio 2017\Projects\Libstructural\install_x64\wrapper\structural\libstructuralPYTHON_wrap.cxx(9495): warning C4101: 'e': unreferenced local variable
C:\Users\hsauro\Documents\Visual Studio 2017\Projects\Libstructural\install_x64\wrapper\structural\libstructuralPYTHON_wrap.cxx(9540): warning C4101: 'e': unreferenced local variable
C:\Users\hsauro\Documents\Visual Studio 2017\Projects\Libstructural\install_x64\wrapper\structural\libstructuralPYTHON_wrap.cxx(9576): warning C4101: 'e': unreferenced local variable
C:\Users\hsauro\Documents\Visual Studio 2017\Projects\Libstructural\install_x64\wrapper\structural\libstructuralPYTHON_wrap.cxx(9612): warning C4101: 'e': unreferenced local variable
C:\Users\hsauro\Documents\Visual Studio 2017\Projects\Libstructural\install_x64\wrapper\structural\libstructuralPYTHON_wrap.cxx(9648): warning C4101: 'e': unreferenced local variable
C:\Users\hsauro\Documents\Visual Studio 2017\Projects\Libstructural\install_x64\wrapper\structural\libstructuralPYTHON_wrap.cxx(9690): warning C4101: 'e': unreferenced local variable
C:\Users\hsauro\Documents\Visual Studio 2017\Projects\Libstructural\install_x64\wrapper\structural\libstructuralPYTHON_wrap.cxx(9753): warning C4101: 'e': unreferenced local variable
C:\Users\hsauro\Documents\Visual Studio 2017\Projects\Libstructural\install_x64\wrapper\structural\libstructuralPYTHON_wrap.cxx(9829): warning C4101: 'e': unreferenced local variable
C:\Users\hsauro\Documents\Visual Studio 2017\Projects\Libstructural\install_x64\wrapper\structural\libstructuralPYTHON_wrap.cxx(9893): warning C4101: 'e': unreferenced local variable
C:\Users\hsauro\Documents\Visual Studio 2017\Projects\Libstructural\install_x64\wrapper\structural\libstructuralPYTHON_wrap.cxx(10019): warning C4101: 'e': unreferenced local variable
C:\Users\hsauro\Documents\Visual Studio 2017\Projects\Libstructural\install_x64\wrapper\structural\libstructuralPYTHON_wrap.cxx(10069): warning C4101: 'e': unreferenced local variable
C:\Users\hsauro\Documents\Visual Studio 2017\Projects\Libstructural\install_x64\wrapper\structural\libstructuralPYTHON_wrap.cxx(10122): warning C4101: 'e': unreferenced local variable
C:\Users\hsauro\Documents\Visual Studio 2017\Projects\Libstructural\install_x64\wrapper\structural\libstructuralPYTHON_wrap.cxx(10188): warning C4101: 'e': unreferenced local variable
C:\Users\hsauro\Documents\Visual Studio 2017\Projects\Libstructural\install_x64\wrapper\structural\libstructuralPYTHON_wrap.cxx(10242): warning C4101: 'e': unreferenced local variable
C:\Users\hsauro\Documents\Visual Studio 2017\Projects\Libstructural\install_x64\wrapper\structural\libstructuralPYTHON_wrap.cxx(10294): warning C4101: 'e': unreferenced local variable
C:\Users\hsauro\Documents\Visual Studio 2017\Projects\Libstructural\install_x64\wrapper\structural\libstructuralPYTHON_wrap.cxx(10392): warning C4101: 'e': unreferenced local variable
C:\Users\hsauro\Documents\Visual Studio 2017\Projects\Libstructural\install_x64\wrapper\structural\libstructuralPYTHON_wrap.cxx(10503): warning C4101: 'e': unreferenced local variable
C:\Users\hsauro\Documents\Visual Studio 2017\Projects\Libstructural\install_x64\wrapper\structural\libstructuralPYTHON_wrap.cxx(10623): warning C4101: 'e': unreferenced local variable
C:\Users\hsauro\Documents\Visual Studio 2017\Projects\Libstructural\install_x64\wrapper\structural\libstructuralPYTHON_wrap.cxx(10652): warning C4101: 'e': unreferenced local variable
C:\Users\hsauro\Documents\Visual Studio 2017\Projects\Libstructural\install_x64\wrapper\structural\libstructuralPYTHON_wrap.cxx(10693): warning C4101: 'e': unreferenced local variable
C:\Users\hsauro\Documents\Visual Studio 2017\Projects\Libstructural\install_x64\wrapper\structural\libstructuralPYTHON_wrap.cxx(10731): warning C4101: 'e': unreferenced local variable
C:\Users\hsauro\Documents\Visual Studio 2017\Projects\Libstructural\install_x64\wrapper\structural\libstructuralPYTHON_wrap.cxx(10767): warning C4101: 'e': unreferenced local variable
C:\Users\hsauro\Documents\Visual Studio 2017\Projects\Libstructural\install_x64\wrapper\structural\libstructuralPYTHON_wrap.cxx(10802): warning C4101: 'e': unreferenced local variable
C:\Users\hsauro\Documents\Visual Studio 2017\Projects\Libstructural\install_x64\wrapper\structural\libstructuralPYTHON_wrap.cxx(10849): warning C4101: 'e': unreferenced local variable
C:\Users\hsauro\Documents\Visual Studio 2017\Projects\Libstructural\install_x64\wrapper\structural\libstructuralPYTHON_wrap.cxx(10885): warning C4101: 'e': unreferenced local variable
C:\Users\hsauro\Documents\Visual Studio 2017\Projects\Libstructural\install_x64\wrapper\structural\libstructuralPYTHON_wrap.cxx(10921): warning C4101: 'e': unreferenced local variable
C:\Users\hsauro\Documents\Visual Studio 2017\Projects\Libstructural\install_x64\wrapper\structural\libstructuralPYTHON_wrap.cxx(10958): warning C4101: 'e': unreferenced local variable
C:\Users\hsauro\Documents\Visual Studio 2017\Projects\Libstructural\install_x64\wrapper\structural\libstructuralPYTHON_wrap.cxx(10995): warning C4101: 'e': unreferenced local variable
C:\Users\hsauro\Documents\Visual Studio 2017\Projects\Libstructural\install_x64\wrapper\structural\libstructuralPYTHON_wrap.cxx(11032): warning C4101: 'e': unreferenced local variable
C:\Users\hsauro\Documents\Visual Studio 2017\Projects\Libstructural\install_x64\wrapper\structural\libstructuralPYTHON_wrap.cxx(11069): warning C4101: 'e': unreferenced local variable
C:\Users\hsauro\Documents\Visual Studio 2017\Projects\Libstructural\install_x64\wrapper\structural\libstructuralPYTHON_wrap.cxx(11104): warning C4101: 'e': unreferenced local variable
C:\Users\hsauro\Documents\Visual Studio 2017\Projects\Libstructural\install_x64\wrapper\structural\libstructuralPYTHON_wrap.cxx(11148): warning C4101: 'e': unreferenced local variable
C:\Users\hsauro\Documents\Visual Studio 2017\Projects\Libstructural\install_x64\wrapper\structural\libstructuralPYTHON_wrap.cxx(11199): warning C4101: 'e': unreferenced local variable
C:\Users\hsauro\Documents\Visual Studio 2017\Projects\Libstructural\install_x64\wrapper\structural\libstructuralPYTHON_wrap.cxx(11266): warning C4101: 'e': unreferenced local variable
C:\Users\hsauro\Documents\Visual Studio 2017\Projects\Libstructural\install_x64\wrapper\structural\libstructuralPYTHON_wrap.cxx(11368): warning C4101: 'e': unreferenced local variable
C:\Users\hsauro\Documents\Visual Studio 2017\Projects\Libstructural\install_x64\wrapper\structural\libstructuralPYTHON_wrap.cxx(11476): warning C4101: 'e': unreferenced local variable
C:\Users\hsauro\Documents\Visual Studio 2017\Projects\Libstructural\install_x64\wrapper\structural\libstructuralPYTHON_wrap.cxx(11514): warning C4101: 'e': unreferenced local variable
C:\Users\hsauro\Documents\Visual Studio 2017\Projects\Libstructural\install_x64\wrapper\structural\libstructuralPYTHON_wrap.cxx(11550): warning C4101: 'e': unreferenced local variable
C:\Users\hsauro\Documents\Visual Studio 2017\Projects\Libstructural\install_x64\wrapper\structural\libstructuralPYTHON_wrap.cxx(11608): warning C4101: 'e': unreferenced local variable
C:\Users\hsauro\Documents\Visual Studio 2017\Projects\Libstructural\install_x64\wrapper\structural\libstructuralPYTHON_wrap.cxx(11668): warning C4101: 'e': unreferenced local variable
C:\Users\hsauro\Documents\Visual Studio 2017\Projects\Libstructural\install_x64\wrapper\structural\libstructuralPYTHON_wrap.cxx(11787): warning C4101: 'e': unreferenced local variable
C:\Users\hsauro\Documents\Visual Studio 2017\Projects\Libstructural\install_x64\wrapper\structural\libstructuralPYTHON_wrap.cxx(11863): warning C4101: 'e': unreferenced local variable
C:\Users\hsauro\Documents\Visual Studio 2017\Projects\Libstructural\install_x64\wrapper\structural\libstructuralPYTHON_wrap.cxx(11969): warning C4101: 'e': unreferenced local variable
C:\Users\hsauro\Documents\Visual Studio 2017\Projects\Libstructural\install_x64\wrapper\structural\libstructuralPYTHON_wrap.cxx(12005): warning C4101: 'e': unreferenced local variable
C:\Users\hsauro\Documents\Visual Studio 2017\Projects\Libstructural\install_x64\wrapper\structural\libstructuralPYTHON_wrap.cxx(12040): warning C4101: 'e': unreferenced local variable
C:\Users\hsauro\Documents\Visual Studio 2017\Projects\Libstructural\install_x64\wrapper\structural\libstructuralPYTHON_wrap.cxx(12085): warning C4101: 'e': unreferenced local variable
C:\Users\hsauro\Documents\Visual Studio 2017\Projects\Libstructural\install_x64\wrapper\structural\libstructuralPYTHON_wrap.cxx(12121): warning C4101: 'e': unreferenced local variable
C:\Users\hsauro\Documents\Visual Studio 2017\Projects\Libstructural\install_x64\wrapper\structural\libstructuralPYTHON_wrap.cxx(12157): warning C4101: 'e': unreferenced local variable
C:\Users\hsauro\Documents\Visual Studio 2017\Projects\Libstructural\install_x64\wrapper\structural\libstructuralPYTHON_wrap.cxx(12193): warning C4101: 'e': unreferenced local variable
C:\Users\hsauro\Documents\Visual Studio 2017\Projects\Libstructural\install_x64\wrapper\structural\libstructuralPYTHON_wrap.cxx(12235): warning C4101: 'e': unreferenced local variable
C:\Users\hsauro\Documents\Visual Studio 2017\Projects\Libstructural\install_x64\wrapper\structural\libstructuralPYTHON_wrap.cxx(12298): warning C4101: 'e': unreferenced local variable
C:\Users\hsauro\Documents\Visual Studio 2017\Projects\Libstructural\install_x64\wrapper\structural\libstructuralPYTHON_wrap.cxx(12374): warning C4101: 'e': unreferenced local variable
C:\Users\hsauro\Documents\Visual Studio 2017\Projects\Libstructural\install_x64\wrapper\structural\libstructuralPYTHON_wrap.cxx(12438): warning C4101: 'e': unreferenced local variable
C:\Users\hsauro\Documents\Visual Studio 2017\Projects\Libstructural\install_x64\wrapper\structural\libstructuralPYTHON_wrap.cxx(12564): warning C4101: 'e': unreferenced local variable
C:\Users\hsauro\Documents\Visual Studio 2017\Projects\Libstructural\install_x64\wrapper\structural\libstructuralPYTHON_wrap.cxx(12614): warning C4101: 'e': unreferenced local variable
C:\Users\hsauro\Documents\Visual Studio 2017\Projects\Libstructural\install_x64\wrapper\structural\libstructuralPYTHON_wrap.cxx(12667): warning C4101: 'e': unreferenced local variable
C:\Users\hsauro\Documents\Visual Studio 2017\Projects\Libstructural\install_x64\wrapper\structural\libstructuralPYTHON_wrap.cxx(12733): warning C4101: 'e': unreferenced local variable
C:\Users\hsauro\Documents\Visual Studio 2017\Projects\Libstructural\install_x64\wrapper\structural\libstructuralPYTHON_wrap.cxx(12787): warning C4101: 'e': unreferenced local variable
C:\Users\hsauro\Documents\Visual Studio 2017\Projects\Libstructural\install_x64\wrapper\structural\libstructuralPYTHON_wrap.cxx(12839): warning C4101: 'e': unreferenced local variable
C:\Users\hsauro\Documents\Visual Studio 2017\Projects\Libstructural\install_x64\wrapper\structural\libstructuralPYTHON_wrap.cxx(12937): warning C4101: 'e': unreferenced local variable
C:\Users\hsauro\Documents\Visual Studio 2017\Projects\Libstructural\install_x64\wrapper\structural\libstructuralPYTHON_wrap.cxx(13045): warning C4101: 'e': unreferenced local variable
C:\Users\hsauro\Documents\Visual Studio 2017\Projects\Libstructural\install_x64\wrapper\structural\libstructuralPYTHON_wrap.cxx(13162): warning C4101: 'e': unreferenced local variable
C:\Users\hsauro\Documents\Visual Studio 2017\Projects\Libstructural\install_x64\wrapper\structural\libstructuralPYTHON_wrap.cxx(13189): warning C4101: 'e': unreferenced local variable
C:\Users\hsauro\Documents\Visual Studio 2017\Projects\Libstructural\install_x64\wrapper\structural\libstructuralPYTHON_wrap.cxx(13230): warning C4101: 'e': unreferenced local variable
C:\Users\hsauro\Documents\Visual Studio 2017\Projects\Libstructural\install_x64\wrapper\structural\libstructuralPYTHON_wrap.cxx(13268): warning C4101: 'e': unreferenced local variable
C:\Users\hsauro\Documents\Visual Studio 2017\Projects\Libstructural\install_x64\wrapper\structural\libstructuralPYTHON_wrap.cxx(13304): warning C4101: 'e': unreferenced local variable
C:\Users\hsauro\Documents\Visual Studio 2017\Projects\Libstructural\install_x64\wrapper\structural\libstructuralPYTHON_wrap.cxx(13339): warning C4101: 'e': unreferenced local variable
C:\Users\hsauro\Documents\Visual Studio 2017\Projects\Libstructural\install_x64\wrapper\structural\libstructuralPYTHON_wrap.cxx(13386): warning C4101: 'e': unreferenced local variable
C:\Users\hsauro\Documents\Visual Studio 2017\Projects\Libstructural\install_x64\wrapper\structural\libstructuralPYTHON_wrap.cxx(13422): warning C4101: 'e': unreferenced local variable
C:\Users\hsauro\Documents\Visual Studio 2017\Projects\Libstructural\install_x64\wrapper\structural\libstructuralPYTHON_wrap.cxx(13458): warning C4101: 'e': unreferenced local variable
C:\Users\hsauro\Documents\Visual Studio 2017\Projects\Libstructural\install_x64\wrapper\structural\libstructuralPYTHON_wrap.cxx(13495): warning C4101: 'e': unreferenced local variable
C:\Users\hsauro\Documents\Visual Studio 2017\Projects\Libstructural\install_x64\wrapper\structural\libstructuralPYTHON_wrap.cxx(13532): warning C4101: 'e': unreferenced local variable
C:\Users\hsauro\Documents\Visual Studio 2017\Projects\Libstructural\install_x64\wrapper\structural\libstructuralPYTHON_wrap.cxx(13569): warning C4101: 'e': unreferenced local variable
C:\Users\hsauro\Documents\Visual Studio 2017\Projects\Libstructural\install_x64\wrapper\structural\libstructuralPYTHON_wrap.cxx(13606): warning C4101: 'e': unreferenced local variable
C:\Users\hsauro\Documents\Visual Studio 2017\Projects\Libstructural\install_x64\wrapper\structural\libstructuralPYTHON_wrap.cxx(13641): warning C4101: 'e': unreferenced local variable
C:\Users\hsauro\Documents\Visual Studio 2017\Projects\Libstructural\install_x64\wrapper\structural\libstructuralPYTHON_wrap.cxx(13685): warning C4101: 'e': unreferenced local variable
C:\Users\hsauro\Documents\Visual Studio 2017\Projects\Libstructural\install_x64\wrapper\structural\libstructuralPYTHON_wrap.cxx(13736): warning C4101: 'e': unreferenced local variable
C:\Users\hsauro\Documents\Visual Studio 2017\Projects\Libstructural\install_x64\wrapper\structural\libstructuralPYTHON_wrap.cxx(13803): warning C4101: 'e': unreferenced local variable
C:\Users\hsauro\Documents\Visual Studio 2017\Projects\Libstructural\install_x64\wrapper\structural\libstructuralPYTHON_wrap.cxx(13902): warning C4101: 'e': unreferenced local variable
C:\Users\hsauro\Documents\Visual Studio 2017\Projects\Libstructural\install_x64\wrapper\structural\libstructuralPYTHON_wrap.cxx(14007): warning C4101: 'e': unreferenced local variable
C:\Users\hsauro\Documents\Visual Studio 2017\Projects\Libstructural\install_x64\wrapper\structural\libstructuralPYTHON_wrap.cxx(14043): warning C4101: 'e': unreferenced local variable
C:\Users\hsauro\Documents\Visual Studio 2017\Projects\Libstructural\install_x64\wrapper\structural\libstructuralPYTHON_wrap.cxx(14079): warning C4101: 'e': unreferenced local variable
C:\Users\hsauro\Documents\Visual Studio 2017\Projects\Libstructural\install_x64\wrapper\structural\libstructuralPYTHON_wrap.cxx(14134): warning C4101: 'e': unreferenced local variable
C:\Users\hsauro\Documents\Visual Studio 2017\Projects\Libstructural\install_x64\wrapper\structural\libstructuralPYTHON_wrap.cxx(14189): warning C4101: 'e': unreferenced local variable
C:\Users\hsauro\Documents\Visual Studio 2017\Projects\Libstructural\install_x64\wrapper\structural\libstructuralPYTHON_wrap.cxx(14305): warning C4101: 'e': unreferenced local variable
C:\Users\hsauro\Documents\Visual Studio 2017\Projects\Libstructural\install_x64\wrapper\structural\libstructuralPYTHON_wrap.cxx(14376): warning C4101: 'e': unreferenced local variable
C:\Users\hsauro\Documents\Visual Studio 2017\Projects\Libstructural\install_x64\wrapper\structural\libstructuralPYTHON_wrap.cxx(14484): warning C4101: 'e': unreferenced local variable
C:\Users\hsauro\Documents\Visual Studio 2017\Projects\Libstructural\install_x64\wrapper\structural\libstructuralPYTHON_wrap.cxx(14520): warning C4101: 'e': unreferenced local variable
C:\Users\hsauro\Documents\Visual Studio 2017\Projects\Libstructural\install_x64\wrapper\structural\libstructuralPYTHON_wrap.cxx(14555): warning C4101: 'e': unreferenced local variable
C:\Users\hsauro\Documents\Visual Studio 2017\Projects\Libstructural\install_x64\wrapper\structural\libstructuralPYTHON_wrap.cxx(14589): warning C4101: 'e': unreferenced local variable
C:\Users\hsauro\Documents\Visual Studio 2017\Projects\Libstructural\install_x64\wrapper\structural\libstructuralPYTHON_wrap.cxx(14638): warning C4101: 'e': unreferenced local variable
C:\Users\hsauro\Documents\Visual Studio 2017\Projects\Libstructural\install_x64\wrapper\structural\libstructuralPYTHON_wrap.cxx(14679): warning C4101: 'e': unreferenced local variable
C:\Users\hsauro\Documents\Visual Studio 2017\Projects\Libstructural\install_x64\wrapper\structural\libstructuralPYTHON_wrap.cxx(14864): warning C4101: 'e': unreferenced local variable
C:\Users\hsauro\Documents\Visual Studio 2017\Projects\Libstructural\install_x64\wrapper\structural\libstructuralPYTHON_wrap.cxx(14898): warning C4101: 'e': unreferenced local variable
C:\Users\hsauro\Documents\Visual Studio 2017\Projects\Libstructural\install_x64\wrapper\structural\libstructuralPYTHON_wrap.cxx(14945): warning C4101: 'e': unreferenced local variable
C:\Users\hsauro\Documents\Visual Studio 2017\Projects\Libstructural\install_x64\wrapper\structural\libstructuralPYTHON_wrap.cxx(14986): warning C4101: 'e': unreferenced local variable
C:\Users\hsauro\Documents\Visual Studio 2017\Projects\Libstructural\install_x64\wrapper\structural\libstructuralPYTHON_wrap.cxx(15172): warning C4101: 'e': unreferenced local variable
C:\Users\hsauro\Documents\Visual Studio 2017\Projects\Libstructural\install_x64\wrapper\structural\libstructuralPYTHON_wrap.cxx(15206): warning C4101: 'e': unreferenced local variable
C:\Users\hsauro\Documents\Visual Studio 2017\Projects\Libstructural\install_x64\wrapper\structural\libstructuralPYTHON_wrap.cxx(15242): warning C4101: 'e': unreferenced local variable
C:\Users\hsauro\Documents\Visual Studio 2017\Projects\Libstructural\install_x64\wrapper\structural\libstructuralPYTHON_wrap.cxx(15289): warning C4101: 'e': unreferenced local variable
C:\Users\hsauro\Documents\Visual Studio 2017\Projects\Libstructural\install_x64\wrapper\structural\libstructuralPYTHON_wrap.cxx(15348): warning C4101: 'e': unreferenced local variable
C:\Users\hsauro\Documents\Visual Studio 2017\Projects\Libstructural\install_x64\wrapper\structural\libstructuralPYTHON_wrap.cxx(15407): warning C4101: 'e': unreferenced local variable
C:\Users\hsauro\Documents\Visual Studio 2017\Projects\Libstructural\install_x64\wrapper\structural\libstructuralPYTHON_wrap.cxx(15454): warning C4101: 'e': unreferenced local variable
C:\Users\hsauro\Documents\Visual Studio 2017\Projects\Libstructural\install_x64\wrapper\structural\libstructuralPYTHON_wrap.cxx(15511): warning C4101: 'e': unreferenced local variable
C:\Users\hsauro\Documents\Visual Studio 2017\Projects\Libstructural\install_x64\wrapper\structural\libstructuralPYTHON_wrap.cxx(15568): warning C4101: 'e': unreferenced local variable
C:\Users\hsauro\Documents\Visual Studio 2017\Projects\Libstructural\install_x64\wrapper\structural\libstructuralPYTHON_wrap.cxx(15615): warning C4101: 'e': unreferenced local variable
C:\Users\hsauro\Documents\Visual Studio 2017\Projects\Libstructural\install_x64\wrapper\structural\libstructuralPYTHON_wrap.cxx(15662): warning C4101: 'e': unreferenced local variable
C:\Users\hsauro\Documents\Visual Studio 2017\Projects\Libstructural\install_x64\wrapper\structural\libstructuralPYTHON_wrap.cxx(15709): warning C4101: 'e': unreferenced local variable
C:\Users\hsauro\Documents\Visual Studio 2017\Projects\Libstructural\install_x64\wrapper\structural\libstructuralPYTHON_wrap.cxx(15744): warning C4101: 'e': unreferenced local variable
C:\Users\hsauro\Documents\Visual Studio 2017\Projects\Libstructural\install_x64\wrapper\structural\libstructuralPYTHON_wrap.cxx(15779): warning C4101: 'e': unreferenced local variable
C:\Users\hsauro\Documents\Visual Studio 2017\Projects\Libstructural\install_x64\wrapper\structural\libstructuralPYTHON_wrap.cxx(15814): warning C4101: 'e': unreferenced local variable
C:\Users\hsauro\Documents\Visual Studio 2017\Projects\Libstructural\install_x64\wrapper\structural\libstructuralPYTHON_wrap.cxx(15849): warning C4101: 'e': unreferenced local variable
C:\Users\hsauro\Documents\Visual Studio 2017\Projects\Libstructural\install_x64\wrapper\structural\libstructuralPYTHON_wrap.cxx(15884): warning C4101: 'e': unreferenced local variable
C:\Users\hsauro\Documents\Visual Studio 2017\Projects\Libstructural\install_x64\wrapper\structural\libstructuralPYTHON_wrap.cxx(15920): warning C4101: 'e': unreferenced local variable
C:\Users\hsauro\Documents\Visual Studio 2017\Projects\Libstructural\install_x64\wrapper\structural\libstructuralPYTHON_wrap.cxx(15956): warning C4101: 'e': unreferenced local variable
C:\Users\hsauro\Documents\Visual Studio 2017\Projects\Libstructural\install_x64\wrapper\structural\libstructuralPYTHON_wrap.cxx(15992): warning C4101: 'e': unreferenced local variable
C:\Users\hsauro\Documents\Visual Studio 2017\Projects\Libstructural\install_x64\wrapper\structural\libstructuralPYTHON_wrap.cxx(16028): warning C4101: 'e': unreferenced local variable
C:\Users\hsauro\Documents\Visual Studio 2017\Projects\Libstructural\install_x64\wrapper\structural\libstructuralPYTHON_wrap.cxx(16064): warning C4101: 'e': unreferenced local variable
C:\Users\hsauro\Documents\Visual Studio 2017\Projects\Libstructural\install_x64\wrapper\structural\libstructuralPYTHON_wrap.cxx(16100): warning C4101: 'e': unreferenced local variable
C:\Users\hsauro\Documents\Visual Studio 2017\Projects\Libstructural\install_x64\wrapper\structural\libstructuralPYTHON_wrap.cxx(16136): warning C4101: 'e': unreferenced local variable
C:\Users\hsauro\Documents\Visual Studio 2017\Projects\Libstructural\install_x64\wrapper\structural\libstructuralPYTHON_wrap.cxx(16172): warning C4101: 'e': unreferenced local variable
C:\Users\hsauro\Documents\Visual Studio 2017\Projects\Libstructural\install_x64\wrapper\structural\libstructuralPYTHON_wrap.cxx(16208): warning C4101: 'e': unreferenced local variable
C:\Users\hsauro\Documents\Visual Studio 2017\Projects\Libstructural\install_x64\wrapper\structural\libstructuralPYTHON_wrap.cxx(16244): warning C4101: 'e': unreferenced local variable
C:\Users\hsauro\Documents\Visual Studio 2017\Projects\Libstructural\install_x64\wrapper\structural\libstructuralPYTHON_wrap.cxx(16280): warning C4101: 'e': unreferenced local variable
C:\Users\hsauro\Documents\Visual Studio 2017\Projects\Libstructural\install_x64\wrapper\structural\libstructuralPYTHON_wrap.cxx(16316): warning C4101: 'e': unreferenced local variable
C:\Users\hsauro\Documents\Visual Studio 2017\Projects\Libstructural\install_x64\wrapper\structural\libstructuralPYTHON_wrap.cxx(16352): warning C4101: 'e': unreferenced local variable
C:\Users\hsauro\Documents\Visual Studio 2017\Projects\Libstructural\install_x64\wrapper\structural\libstructuralPYTHON_wrap.cxx(16400): warning C4101: 'e': unreferenced local variable
C:\Users\hsauro\Documents\Visual Studio 2017\Projects\Libstructural\install_x64\wrapper\structural\libstructuralPYTHON_wrap.cxx(16436): warning C4101: 'e': unreferenced local variable
C:\Users\hsauro\Documents\Visual Studio 2017\Projects\Libstructural\install_x64\wrapper\structural\libstructuralPYTHON_wrap.cxx(16472): warning C4101: 'e': unreferenced local variable
C:\Users\hsauro\Documents\Visual Studio 2017\Projects\Libstructural\install_x64\wrapper\structural\libstructuralPYTHON_wrap.cxx(16508): warning C4101: 'e': unreferenced local variable
C:\Users\hsauro\Documents\Visual Studio 2017\Projects\Libstructural\install_x64\wrapper\structural\libstructuralPYTHON_wrap.cxx(16544): warning C4101: 'e': unreferenced local variable
C:\Users\hsauro\Documents\Visual Studio 2017\Projects\Libstructural\install_x64\wrapper\structural\libstructuralPYTHON_wrap.cxx(16580): warning C4101: 'e': unreferenced local variable
C:\Users\hsauro\Documents\Visual Studio 2017\Projects\Libstructural\install_x64\wrapper\structural\libstructuralPYTHON_wrap.cxx(16616): warning C4101: 'e': unreferenced local variable
C:\Users\hsauro\Documents\Visual Studio 2017\Projects\Libstructural\install_x64\wrapper\structural\libstructuralPYTHON_wrap.cxx(16652): warning C4101: 'e': unreferenced local variable
C:\Users\hsauro\Documents\Visual Studio 2017\Projects\Libstructural\install_x64\wrapper\structural\libstructuralPYTHON_wrap.cxx(16688): warning C4101: 'e': unreferenced local variable
C:\Users\hsauro\Documents\Visual Studio 2017\Projects\Libstructural\install_x64\wrapper\structural\libstructuralPYTHON_wrap.cxx(16724): warning C4101: 'e': unreferenced local variable
C:\Users\hsauro\Documents\Visual Studio 2017\Projects\Libstructural\install_x64\wrapper\structural\libstructuralPYTHON_wrap.cxx(16760): warning C4101: 'e': unreferenced local variable
C:\Users\hsauro\Documents\Visual Studio 2017\Projects\Libstructural\install_x64\wrapper\structural\libstructuralPYTHON_wrap.cxx(16796): warning C4101: 'e': unreferenced local variable
C:\Users\hsauro\Documents\Visual Studio 2017\Projects\Libstructural\install_x64\wrapper\structural\libstructuralPYTHON_wrap.cxx(16832): warning C4101: 'e': unreferenced local variable
C:\Users\hsauro\Documents\Visual Studio 2017\Projects\Libstructural\install_x64\wrapper\structural\libstructuralPYTHON_wrap.cxx(16868): warning C4101: 'e': unreferenced local variable
C:\Users\hsauro\Documents\Visual Studio 2017\Projects\Libstructural\install_x64\wrapper\structural\libstructuralPYTHON_wrap.cxx(16904): warning C4101: 'e': unreferenced local variable
C:\Users\hsauro\Documents\Visual Studio 2017\Projects\Libstructural\install_x64\wrapper\structural\libstructuralPYTHON_wrap.cxx(16940): warning C4101: 'e': unreferenced local variable
C:\Users\hsauro\Documents\Visual Studio 2017\Projects\Libstructural\install_x64\wrapper\structural\libstructuralPYTHON_wrap.cxx(16976): warning C4101: 'e': unreferenced local variable
C:\Users\hsauro\Documents\Visual Studio 2017\Projects\Libstructural\install_x64\wrapper\structural\libstructuralPYTHON_wrap.cxx(17012): warning C4101: 'e': unreferenced local variable
C:\Users\hsauro\Documents\Visual Studio 2017\Projects\Libstructural\install_x64\wrapper\structural\libstructuralPYTHON_wrap.cxx(17048): warning C4101: 'e': unreferenced local variable
C:\Users\hsauro\Documents\Visual Studio 2017\Projects\Libstructural\install_x64\wrapper\structural\libstructuralPYTHON_wrap.cxx(17084): warning C4101: 'e': unreferenced local variable
C:\Users\hsauro\Documents\Visual Studio 2017\Projects\Libstructural\install_x64\wrapper\structural\libstructuralPYTHON_wrap.cxx(17120): warning C4101: 'e': unreferenced local variable
C:\Users\hsauro\Documents\Visual Studio 2017\Projects\Libstructural\install_x64\wrapper\structural\libstructuralPYTHON_wrap.cxx(17156): warning C4101: 'e': unreferenced local variable
C:\Users\hsauro\Documents\Visual Studio 2017\Projects\Libstructural\install_x64\wrapper\structural\libstructuralPYTHON_wrap.cxx(17192): warning C4101: 'e': unreferenced local variable
C:\Users\hsauro\Documents\Visual Studio 2017\Projects\Libstructural\install_x64\wrapper\structural\libstructuralPYTHON_wrap.cxx(17228): warning C4101: 'e': unreferenced local variable
C:\Users\hsauro\Documents\Visual Studio 2017\Projects\Libstructural\install_x64\wrapper\structural\libstructuralPYTHON_wrap.cxx(17264): warning C4101: 'e': unreferenced local variable
C:\Users\hsauro\Documents\Visual Studio 2017\Projects\Libstructural\install_x64\wrapper\structural\libstructuralPYTHON_wrap.cxx(17300): warning C4101: 'e': unreferenced local variable
C:\Users\hsauro\Documents\Visual Studio 2017\Projects\Libstructural\install_x64\wrapper\structural\libstructuralPYTHON_wrap.cxx(17348): warning C4101: 'e': unreferenced local variable
C:\Users\hsauro\Documents\Visual Studio 2017\Projects\Libstructural\install_x64\wrapper\structural\libstructuralPYTHON_wrap.cxx(17396): warning C4101: 'e': unreferenced local variable
C:\Users\hsauro\Documents\Visual Studio 2017\Projects\Libstructural\install_x64\wrapper\structural\libstructuralPYTHON_wrap.cxx(17444): warning C4101: 'e': unreferenced local variable
C:\Users\hsauro\Documents\Visual Studio 2017\Projects\Libstructural\install_x64\wrapper\structural\libstructuralPYTHON_wrap.cxx(17492): warning C4101: 'e': unreferenced local variable
C:\Users\hsauro\Documents\Visual Studio 2017\Projects\Libstructural\install_x64\wrapper\structural\libstructuralPYTHON_wrap.cxx(17540): warning C4101: 'e': unreferenced local variable
C:\Users\hsauro\Documents\Visual Studio 2017\Projects\Libstructural\install_x64\wrapper\structural\libstructuralPYTHON_wrap.cxx(17588): warning C4101: 'e': unreferenced local variable
C:\Users\hsauro\Documents\Visual Studio 2017\Projects\Libstructural\install_x64\wrapper\structural\libstructuralPYTHON_wrap.cxx(17679): warning C4101: 'e': unreferenced local variable
C:\Users\hsauro\Documents\Visual Studio 2017\Projects\Libstructural\install_x64\wrapper\structural\libstructuralPYTHON_wrap.cxx(17723): warning C4101: 'e': unreferenced local variable
C:\Users\hsauro\Documents\Visual Studio 2017\Projects\Libstructural\install_x64\wrapper\structural\libstructuralPYTHON_wrap.cxx(17759): warning C4101: 'e': unreferenced local variable
C:\Users\hsauro\Documents\Visual Studio 2017\Projects\Libstructural\install_x64\wrapper\structural\libstructuralPYTHON_wrap.cxx(17786): warning C4101: 'e': unreferenced local variable
C:\Users\hsauro\Documents\Visual Studio 2017\Projects\Libstructural\install_x64\wrapper\structural\libstructuralPYTHON_wrap.cxx(17813): warning C4101: 'e': unreferenced local variable
C:\Users\hsauro\Documents\Visual Studio 2017\Projects\Libstructural\install_x64\wrapper\structural\libstructuralPYTHON_wrap.cxx(17849): warning C4101: 'e': unreferenced local variable
C:\Users\hsauro\Documents\Visual Studio 2017\Projects\Libstructural\install_x64\wrapper\structural\libstructuralPYTHON_wrap.cxx(17895): warning C4101: 'e': unreferenced local variable
C:\Users\hsauro\Documents\Visual Studio 2017\Projects\Libstructural\install_x64\wrapper\structural\libstructuralPYTHON_wrap.cxx(17999): warning C4101: 'e': unreferenced local variable
C:\Users\hsauro\Documents\Visual Studio 2017\Projects\Libstructural\install_x64\wrapper\structural\libstructuralPYTHON_wrap.cxx(18112): warning C4101: 'e': unreferenced local variable
C:\Users\hsauro\Documents\Visual Studio 2017\Projects\Libstructural\install_x64\wrapper\structural\libstructuralPYTHON_wrap.cxx(18204): warning C4101: 'e': unreferenced local variable
C:\Users\hsauro\Documents\Visual Studio 2017\Projects\Libstructural\install_x64\wrapper\structural\libstructuralPYTHON_wrap.cxx(18240): warning C4101: 'e': unreferenced local variable
C:\Users\hsauro\Documents\Visual Studio 2017\Projects\Libstructural\install_x64\wrapper\structural\libstructuralPYTHON_wrap.cxx(18276): warning C4101: 'e': unreferenced local variable
C:\Users\hsauro\Documents\Visual Studio 2017\Projects\Libstructural\install_x64\wrapper\structural\libstructuralPYTHON_wrap.cxx(18312): warning C4101: 'e': unreferenced local variable
C:\Users\hsauro\Documents\Visual Studio 2017\Projects\Libstructural\install_x64\wrapper\structural\libstructuralPYTHON_wrap.cxx(18348): warning C4101: 'e': unreferenced local variable
C:\Users\hsauro\Documents\Visual Studio 2017\Projects\Libstructural\install_x64\wrapper\structural\libstructuralPYTHON_wrap.cxx(18384): warning C4101: 'e': unreferenced local variable
C:\Users\hsauro\Documents\Visual Studio 2017\Projects\Libstructural\install_x64\wrapper\structural\libstructuralPYTHON_wrap.cxx(18420): warning C4101: 'e': unreferenced local variable
C:\Users\hsauro\Documents\Visual Studio 2017\Projects\Libstructural\install_x64\wrapper\structural\libstructuralPYTHON_wrap.cxx(18456): warning C4101: 'e': unreferenced local variable
C:\Users\hsauro\Documents\Visual Studio 2017\Projects\Libstructural\install_x64\wrapper\structural\libstructuralPYTHON_wrap.cxx(18492): warning C4101: 'e': unreferenced local variable
C:\Users\hsauro\Documents\Visual Studio 2017\Projects\Libstructural\install_x64\wrapper\structural\libstructuralPYTHON_wrap.cxx(18528): warning C4101: 'e': unreferenced local variable
C:\Users\hsauro\Documents\Visual Studio 2017\Projects\Libstructural\install_x64\wrapper\structural\libstructuralPYTHON_wrap.cxx(18564): warning C4101: 'e': unreferenced local variable
C:\Users\hsauro\Documents\Visual Studio 2017\Projects\Libstructural\install_x64\wrapper\structural\libstructuralPYTHON_wrap.cxx(18600): warning C4101: 'e': unreferenced local variable
C:\Users\hsauro\Documents\Visual Studio 2017\Projects\Libstructural\install_x64\wrapper\structural\libstructuralPYTHON_wrap.cxx(18635): warning C4101: 'e': unreferenced local variable
C:\Users\hsauro\Documents\Visual Studio 2017\Projects\Libstructural\install_x64\wrapper\structural\libstructuralPYTHON_wrap.cxx(18678): warning C4101: 'e': unreferenced local variable
C:\Users\hsauro\Documents\Visual Studio 2017\Projects\Libstructural\install_x64\wrapper\structural\libstructuralPYTHON_wrap.cxx(18713): warning C4101: 'e': unreferenced local variable
C:\Users\hsauro\Documents\Visual Studio 2017\Projects\Libstructural\install_x64\wrapper\structural\libstructuralPYTHON_wrap.cxx(18758): warning C4101: 'e': unreferenced local variable
C:\Users\hsauro\Documents\Visual Studio 2017\Projects\Libstructural\install_x64\wrapper\structural\libstructuralPYTHON_wrap.cxx(18819): warning C4101: 'e': unreferenced local variable
C:\Users\hsauro\Documents\Visual Studio 2017\Projects\Libstructural\install_x64\wrapper\structural\libstructuralPYTHON_wrap.cxx(18855): warning C4101: 'e': unreferenced local variable
C:\Users\hsauro\Documents\Visual Studio 2017\Projects\Libstructural\install_x64\wrapper\structural\libstructuralPYTHON_wrap.cxx(18891): warning C4101: 'e': unreferenced local variable
C:\Users\hsauro\Documents\Visual Studio 2017\Projects\Libstructural\install_x64\wrapper\structural\libstructuralPYTHON_wrap.cxx(18934): warning C4101: 'e': unreferenced local variable
C:\Users\hsauro\Documents\Visual Studio 2017\Projects\Libstructural\install_x64\wrapper\structural\libstructuralPYTHON_wrap.cxx(18969): warning C4101: 'e': unreferenced local variable
C:\Users\hsauro\Documents\Visual Studio 2017\Projects\Libstructural\install_x64\wrapper\structural\libstructuralPYTHON_wrap.cxx(19014): warning C4101: 'e': unreferenced local variable
C:\Users\hsauro\Documents\Visual Studio 2017\Projects\Libstructural\install_x64\wrapper\structural\libstructuralPYTHON_wrap.cxx(19067): warning C4101: 'e': unreferenced local variable
C:\Users\hsauro\Documents\Visual Studio 2017\Projects\Libstructural\install_x64\wrapper\structural\libstructuralPYTHON_wrap.cxx(19103): warning C4101: 'e': unreferenced local variable
C:\Users\hsauro\Documents\Visual Studio 2017\Projects\Libstructural\install_x64\wrapper\structural\libstructuralPYTHON_wrap.cxx(19139): warning C4101: 'e': unreferenced local variable
C:\Users\hsauro\Documents\Visual Studio 2017\Projects\Libstructural\install_x64\wrapper\structural\libstructuralPYTHON_wrap.cxx(19182): warning C4101: 'e': unreferenced local variable
C:\Users\hsauro\Documents\Visual Studio 2017\Projects\Libstructural\install_x64\wrapper\structural\libstructuralPYTHON_wrap.cxx(19217): warning C4101: 'e': unreferenced local variable
C:\Users\hsauro\Documents\Visual Studio 2017\Projects\Libstructural\install_x64\wrapper\structural\libstructuralPYTHON_wrap.cxx(19262): warning C4101: 'e': unreferenced local variable
C:\Users\hsauro\Documents\Visual Studio 2017\Projects\Libstructural\install_x64\wrapper\structural\libstructuralPYTHON_wrap.cxx(19315): warning C4101: 'e': unreferenced local variable
C:\Users\hsauro\Documents\Visual Studio 2017\Projects\Libstructural\install_x64\wrapper\structural\libstructuralPYTHON_wrap.cxx(19351): warning C4101: 'e': unreferenced local variable
C:\Users\hsauro\Documents\Visual Studio 2017\Projects\Libstructural\install_x64\wrapper\structural\libstructuralPYTHON_wrap.cxx(19387): warning C4101: 'e': unreferenced local variable
C:\Users\hsauro\Documents\Visual Studio 2017\Projects\Libstructural\install_x64\wrapper\structural\libstructuralPYTHON_wrap.cxx(19439): warning C4101: 'e': unreferenced local variable
C:\Users\hsauro\Documents\Visual Studio 2017\Projects\Libstructural\install_x64\wrapper\structural\libstructuralPYTHON_wrap.cxx(19475): warning C4101: 'e': unreferenced local variable
C:\Users\hsauro\Documents\Visual Studio 2017\Projects\Libstructural\install_x64\wrapper\structural\libstructuralPYTHON_wrap.cxx(19502): warning C4101: 'e': unreferenced local variable
C:\Users\hsauro\Documents\Visual Studio 2017\Projects\Libstructural\install_x64\wrapper\structural\libstructuralPYTHON_wrap.cxx(19541): warning C4101: 'e': unreferenced local variable
C:\Users\hsauro\Documents\Visual Studio 2017\Projects\Libstructural\install_x64\wrapper\structural\libstructuralPYTHON_wrap.cxx(19607): warning C4101: 'e': unreferenced local variable
C:\Users\hsauro\Documents\Visual Studio 2017\Projects\Libstructural\install_x64\wrapper\structural\libstructuralPYTHON_wrap.cxx(19664): warning C4101: 'e': unreferenced local variable
C:\Users\hsauro\Documents\Visual Studio 2017\Projects\Libstructural\install_x64\wrapper\structural\libstructuralPYTHON_wrap.cxx(19721): warning C4101: 'e': unreferenced local variable
C:\Users\hsauro\Documents\Visual Studio 2017\Projects\Libstructural\install_x64\wrapper\structural\libstructuralPYTHON_wrap.cxx(19775): warning C4101: 'e': unreferenced local variable
C:\Users\hsauro\Documents\Visual Studio 2017\Projects\Libstructural\install_x64\wrapper\structural\libstructuralPYTHON_wrap.cxx(19964): warning C4101: 'e': unreferenced local variable
C:\Users\hsauro\Documents\Visual Studio 2017\Projects\Libstructural\install_x64\wrapper\structural\libstructuralPYTHON_wrap.cxx(20009): warning C4101: 'e': unreferenced local variable
C:\Users\hsauro\Documents\Visual Studio 2017\Projects\Libstructural\install_x64\wrapper\structural\libstructuralPYTHON_wrap.cxx(20045): warning C4101: 'e': unreferenced local variable
C:\Users\hsauro\Documents\Visual Studio 2017\Projects\Libstructural\install_x64\wrapper\structural\libstructuralPYTHON_wrap.cxx(20154): warning C4101: 'e': unreferenced local variable
C:\Users\hsauro\Documents\Visual Studio 2017\Projects\Libstructural\install_x64\wrapper\structural\libstructuralPYTHON_wrap.cxx(20216): warning C4101: 'e': unreferenced local variable
C:\Users\hsauro\Documents\Visual Studio 2017\Projects\Libstructural\install_x64\wrapper\structural\libstructuralPYTHON_wrap.cxx(20251): warning C4101: 'e': unreferenced local variable
C:\Users\hsauro\Documents\Visual Studio 2017\Projects\Libstructural\install_x64\wrapper\structural\libstructuralPYTHON_wrap.cxx(20311): warning C4101: 'e': unreferenced local variable
C:\Users\hsauro\Documents\Visual Studio 2017\Projects\Libstructural\install_x64\wrapper\structural\libstructuralPYTHON_wrap.cxx(20364): warning C4101: 'e': unreferenced local variable
C:\Users\hsauro\Documents\Visual Studio 2017\Projects\Libstructural\install_x64\wrapper\structural\libstructuralPYTHON_wrap.cxx(20417): warning C4101: 'e': unreferenced local variable
C:\Users\hsauro\Documents\Visual Studio 2017\Projects\Libstructural\install_x64\wrapper\structural\libstructuralPYTHON_wrap.cxx(20470): warning C4101: 'e': unreferenced local variable
C:\Users\hsauro\Documents\Visual Studio 2017\Projects\Libstructural\install_x64\wrapper\structural\libstructuralPYTHON_wrap.cxx(20506): warning C4101: 'e': unreferenced local variable
C:\Users\hsauro\Documents\Visual Studio 2017\Projects\Libstructural\install_x64\wrapper\structural\libstructuralPYTHON_wrap.cxx(20542): warning C4101: 'e': unreferenced local variable
C:\Users\hsauro\Documents\Visual Studio 2017\Projects\Libstructural\install_x64\wrapper\structural\libstructuralPYTHON_wrap.cxx(20578): warning C4101: 'e': unreferenced local variable
C:\Users\hsauro\Documents\Visual Studio 2017\Projects\Libstructural\install_x64\wrapper\structural\libstructuralPYTHON_wrap.cxx(20614): warning C4101: 'e': unreferenced local variable
C:\Users\hsauro\Documents\Visual Studio 2017\Projects\Libstructural\install_x64\wrapper\structural\libstructuralPYTHON_wrap.cxx(20672): warning C4101: 'e': unreferenced local variable
C:\Users\hsauro\Documents\Visual Studio 2017\Projects\Libstructural\install_x64\wrapper\structural\libstructuralPYTHON_wrap.cxx(20730): warning C4101: 'e': unreferenced local variable
C:\Users\hsauro\Documents\Visual Studio 2017\Projects\Libstructural\install_x64\wrapper\structural\libstructuralPYTHON_wrap.cxx(20846): warning C4101: 'e': unreferenced local variable
C:\Users\hsauro\Documents\Visual Studio 2017\Projects\Libstructural\install_x64\wrapper\structural\libstructuralPYTHON_wrap.cxx(20908): warning C4101: 'e': unreferenced local variable
C:\Users\hsauro\Documents\Visual Studio 2017\Projects\Libstructural\install_x64\wrapper\structural\libstructuralPYTHON_wrap.cxx(20960): warning C4101: 'e': unreferenced local variable
C:\Users\hsauro\Documents\Visual Studio 2017\Projects\Libstructural\install_x64\wrapper\structural\libstructuralPYTHON_wrap.cxx(20996): warning C4101: 'e': unreferenced local variable
C:\Users\hsauro\Documents\Visual Studio 2017\Projects\Libstructural\install_x64\wrapper\structural\libstructuralPYTHON_wrap.cxx(21023): warning C4101: 'e': unreferenced local variable
C:\Users\hsauro\Documents\Visual Studio 2017\Projects\Libstructural\install_x64\wrapper\structural\libstructuralPYTHON_wrap.cxx(21062): warning C4101: 'e': unreferenced local variable
C:\Users\hsauro\Documents\Visual Studio 2017\Projects\Libstructural\install_x64\wrapper\structural\libstructuralPYTHON_wrap.cxx(21128): warning C4101: 'e': unreferenced local variable
C:\Users\hsauro\Documents\Visual Studio 2017\Projects\Libstructural\install_x64\wrapper\structural\libstructuralPYTHON_wrap.cxx(21185): warning C4101: 'e': unreferenced local variable
C:\Users\hsauro\Documents\Visual Studio 2017\Projects\Libstructural\install_x64\wrapper\structural\libstructuralPYTHON_wrap.cxx(21242): warning C4101: 'e': unreferenced local variable
C:\Users\hsauro\Documents\Visual Studio 2017\Projects\Libstructural\install_x64\wrapper\structural\libstructuralPYTHON_wrap.cxx(21296): warning C4101: 'e': unreferenced local variable
C:\Users\hsauro\Documents\Visual Studio 2017\Projects\Libstructural\install_x64\wrapper\structural\libstructuralPYTHON_wrap.cxx(21485): warning C4101: 'e': unreferenced local variable
C:\Users\hsauro\Documents\Visual Studio 2017\Projects\Libstructural\install_x64\wrapper\structural\libstructuralPYTHON_wrap.cxx(21530): warning C4101: 'e': unreferenced local variable
C:\Users\hsauro\Documents\Visual Studio 2017\Projects\Libstructural\install_x64\wrapper\structural\libstructuralPYTHON_wrap.cxx(21566): warning C4101: 'e': unreferenced local variable
C:\Users\hsauro\Documents\Visual Studio 2017\Projects\Libstructural\install_x64\wrapper\structural\libstructuralPYTHON_wrap.cxx(21675): warning C4101: 'e': unreferenced local variable
C:\Users\hsauro\Documents\Visual Studio 2017\Projects\Libstructural\install_x64\wrapper\structural\libstructuralPYTHON_wrap.cxx(21737): warning C4101: 'e': unreferenced local variable
C:\Users\hsauro\Documents\Visual Studio 2017\Projects\Libstructural\install_x64\wrapper\structural\libstructuralPYTHON_wrap.cxx(21772): warning C4101: 'e': unreferenced local variable
C:\Users\hsauro\Documents\Visual Studio 2017\Projects\Libstructural\install_x64\wrapper\structural\libstructuralPYTHON_wrap.cxx(21832): warning C4101: 'e': unreferenced local variable
C:\Users\hsauro\Documents\Visual Studio 2017\Projects\Libstructural\install_x64\wrapper\structural\libstructuralPYTHON_wrap.cxx(21885): warning C4101: 'e': unreferenced local variable
C:\Users\hsauro\Documents\Visual Studio 2017\Projects\Libstructural\install_x64\wrapper\structural\libstructuralPYTHON_wrap.cxx(21938): warning C4101: 'e': unreferenced local variable
C:\Users\hsauro\Documents\Visual Studio 2017\Projects\Libstructural\install_x64\wrapper\structural\libstructuralPYTHON_wrap.cxx(21991): warning C4101: 'e': unreferenced local variable
C:\Users\hsauro\Documents\Visual Studio 2017\Projects\Libstructural\install_x64\wrapper\structural\libstructuralPYTHON_wrap.cxx(22027): warning C4101: 'e': unreferenced local variable
C:\Users\hsauro\Documents\Visual Studio 2017\Projects\Libstructural\install_x64\wrapper\structural\libstructuralPYTHON_wrap.cxx(22063): warning C4101: 'e': unreferenced local variable
C:\Users\hsauro\Documents\Visual Studio 2017\Projects\Libstructural\install_x64\wrapper\structural\libstructuralPYTHON_wrap.cxx(22099): warning C4101: 'e': unreferenced local variable
C:\Users\hsauro\Documents\Visual Studio 2017\Projects\Libstructural\install_x64\wrapper\structural\libstructuralPYTHON_wrap.cxx(22135): warning C4101: 'e': unreferenced local variable
C:\Users\hsauro\Documents\Visual Studio 2017\Projects\Libstructural\install_x64\wrapper\structural\libstructuralPYTHON_wrap.cxx(22193): warning C4101: 'e': unreferenced local variable
C:\Users\hsauro\Documents\Visual Studio 2017\Projects\Libstructural\install_x64\wrapper\structural\libstructuralPYTHON_wrap.cxx(22251): warning C4101: 'e': unreferenced local variable
C:\Users\hsauro\Documents\Visual Studio 2017\Projects\Libstructural\install_x64\wrapper\structural\libstructuralPYTHON_wrap.cxx(22367): warning C4101: 'e': unreferenced local variable
C:\Users\hsauro\Documents\Visual Studio 2017\Projects\Libstructural\install_x64\wrapper\structural\libstructuralPYTHON_wrap.cxx(22429): warning C4101: 'e': unreferenced local variable
C:\Users\hsauro\Documents\Visual Studio 2017\Projects\Libstructural\install_x64\wrapper\structural\libstructuralPYTHON_wrap.cxx(22481): warning C4101: 'e': unreferenced local variable
C:\Users\hsauro\Documents\Visual Studio 2017\Projects\Libstructural\install_x64\wrapper\structural\libstructuralPYTHON_wrap.cxx(22517): warning C4101: 'e': unreferenced local variable
C:\Users\hsauro\Documents\Visual Studio 2017\Projects\Libstructural\install_x64\wrapper\structural\libstructuralPYTHON_wrap.cxx(22544): warning C4101: 'e': unreferenced local variable
C:\Users\hsauro\Documents\Visual Studio 2017\Projects\Libstructural\install_x64\wrapper\structural\libstructuralPYTHON_wrap.cxx(22583): warning C4101: 'e': unreferenced local variable
C:\Users\hsauro\Documents\Visual Studio 2017\Projects\Libstructural\install_x64\wrapper\structural\libstructuralPYTHON_wrap.cxx(22649): warning C4101: 'e': unreferenced local variable
C:\Users\hsauro\Documents\Visual Studio 2017\Projects\Libstructural\install_x64\wrapper\structural\libstructuralPYTHON_wrap.cxx(22706): warning C4101: 'e': unreferenced local variable
C:\Users\hsauro\Documents\Visual Studio 2017\Projects\Libstructural\install_x64\wrapper\structural\libstructuralPYTHON_wrap.cxx(22763): warning C4101: 'e': unreferenced local variable
C:\Users\hsauro\Documents\Visual Studio 2017\Projects\Libstructural\install_x64\wrapper\structural\libstructuralPYTHON_wrap.cxx(22817): warning C4101: 'e': unreferenced local variable
C:\Users\hsauro\Documents\Visual Studio 2017\Projects\Libstructural\install_x64\wrapper\structural\libstructuralPYTHON_wrap.cxx(23006): warning C4101: 'e': unreferenced local variable
C:\Users\hsauro\Documents\Visual Studio 2017\Projects\Libstructural\install_x64\wrapper\structural\libstructuralPYTHON_wrap.cxx(23051): warning C4101: 'e': unreferenced local variable
C:\Users\hsauro\Documents\Visual Studio 2017\Projects\Libstructural\install_x64\wrapper\structural\libstructuralPYTHON_wrap.cxx(23087): warning C4101: 'e': unreferenced local variable
C:\Users\hsauro\Documents\Visual Studio 2017\Projects\Libstructural\install_x64\wrapper\structural\libstructuralPYTHON_wrap.cxx(23196): warning C4101: 'e': unreferenced local variable
C:\Users\hsauro\Documents\Visual Studio 2017\Projects\Libstructural\install_x64\wrapper\structural\libstructuralPYTHON_wrap.cxx(23258): warning C4101: 'e': unreferenced local variable
C:\Users\hsauro\Documents\Visual Studio 2017\Projects\Libstructural\install_x64\wrapper\structural\libstructuralPYTHON_wrap.cxx(23293): warning C4101: 'e': unreferenced local variable
C:\Users\hsauro\Documents\Visual Studio 2017\Projects\Libstructural\install_x64\wrapper\structural\libstructuralPYTHON_wrap.cxx(23353): warning C4101: 'e': unreferenced local variable
C:\Users\hsauro\Documents\Visual Studio 2017\Projects\Libstructural\install_x64\wrapper\structural\libstructuralPYTHON_wrap.cxx(23406): warning C4101: 'e': unreferenced local variable
C:\Users\hsauro\Documents\Visual Studio 2017\Projects\Libstructural\install_x64\wrapper\structural\libstructuralPYTHON_wrap.cxx(23459): warning C4101: 'e': unreferenced local variable
C:\Users\hsauro\Documents\Visual Studio 2017\Projects\Libstructural\install_x64\wrapper\structural\libstructuralPYTHON_wrap.cxx(23512): warning C4101: 'e': unreferenced local variable
C:\Users\hsauro\Documents\Visual Studio 2017\Projects\Libstructural\install_x64\wrapper\structural\libstructuralPYTHON_wrap.cxx(23548): warning C4101: 'e': unreferenced local variable
C:\Users\hsauro\Documents\Visual Studio 2017\Projects\Libstructural\install_x64\wrapper\structural\libstructuralPYTHON_wrap.cxx(23584): warning C4101: 'e': unreferenced local variable
C:\Users\hsauro\Documents\Visual Studio 2017\Projects\Libstructural\install_x64\wrapper\structural\libstructuralPYTHON_wrap.cxx(23620): warning C4101: 'e': unreferenced local variable
C:\Users\hsauro\Documents\Visual Studio 2017\Projects\Libstructural\install_x64\wrapper\structural\libstructuralPYTHON_wrap.cxx(23656): warning C4101: 'e': unreferenced local variable
C:\Users\hsauro\Documents\Visual Studio 2017\Projects\Libstructural\install_x64\wrapper\structural\libstructuralPYTHON_wrap.cxx(23714): warning C4101: 'e': unreferenced local variable
C:\Users\hsauro\Documents\Visual Studio 2017\Projects\Libstructural\install_x64\wrapper\structural\libstructuralPYTHON_wrap.cxx(23772): warning C4101: 'e': unreferenced local variable
C:\Users\hsauro\Documents\Visual Studio 2017\Projects\Libstructural\install_x64\wrapper\structural\libstructuralPYTHON_wrap.cxx(23888): warning C4101: 'e': unreferenced local variable
C:\Users\hsauro\Documents\Visual Studio 2017\Projects\Libstructural\install_x64\wrapper\structural\libstructuralPYTHON_wrap.cxx(23958): warning C4101: 'e': unreferenced local variable
     Creating library C:/Users/hsauro/Documents/Visual Studio 2017/Projects/Libstructural/BUILD/SWIG/Release/_structural.lib and object C:/Users/hsauro/Documents/Visual Studio 2017/Projects/Libstructural/BUILD/SWIG/Release/_structural.exp
LINK : warning LNK4098: defaultlib 'LIBCMT' conflicts with use of other libs; use /NODEFAULTLIB:library
  _structural.vcxproj -> C:\Users\hsauro\Documents\Visual Studio 2017\Projects\Libstructural\BUILD\SWIG\Release\_structural.pyd
