  complex.cpp
c1xx : fatal error C1083: Cannot open source file: '..\..\libstruct\LibLA\complex.cpp': No such file or directory
  libla.cpp
c1xx : fatal error C1083: Cannot open source file: '..\..\libstruct\LibLA\libla.cpp': No such file or directory
  matrix.cpp
c1xx : fatal error C1083: Cannot open source file: '..\..\libstruct\LibLA\matrix.cpp': No such file or directory
  util.cpp
c1xx : fatal error C1083: Cannot open source file: '..\..\libstruct\LibLA\util.cpp': No such file or directory
  constraint.cpp
c1xx : fatal error C1083: Cannot open source file: '..\..\libstruct\LibStructural\constraint.cpp': No such file or directory
  libstructural.cpp
c1xx : fatal error C1083: Cannot open source file: '..\..\libstruct\LibStructural\libstructural.cpp': No such file or directory
  lpresult.cpp
c1xx : fatal error C1083: Cannot open source file: '..\..\libstruct\LibStructural\lpresult.cpp': No such file or directory
  objective.cpp
c1xx : fatal error C1083: Cannot open source file: '..\..\libstruct\LibStructural\objective.cpp': No such file or directory
  sbmlmodel.cpp
c1xx : fatal error C1083: Cannot open source file: '..\..\libstruct\LibStructural\sbmlmodel.cpp': No such file or directory
  libstructural_wrap_python.cpp
c1xx : fatal error C1083: Cannot open source file: '..\..\libstruct\SWIG\libstructural_wrap_python.cpp': No such file or directory
