  complex.cpp
  libla.cpp
  matrix.cpp
  util.cpp
..\LibLA\util.cpp(712): warning C4267: '=': conversion from 'size_t' to 'int', possible loss of data
..\LibLA\util.cpp(722): warning C4267: '=': conversion from 'size_t' to 'int', possible loss of data
..\LibLA\util.cpp(735): warning C4267: '=': conversion from 'size_t' to 'int', possible loss of data
..\LibLA\util.cpp(745): warning C4267: '=': conversion from 'size_t' to 'int', possible loss of data
  libstructural_wrap_python.cpp
..\SWIG\libstructural_wrap_python.cpp(5549): warning C4101: 'e': unreferenced local variable
..\SWIG\libstructural_wrap_python.cpp(5595): warning C4101: 'e': unreferenced local variable
..\SWIG\libstructural_wrap_python.cpp(5650): warning C4101: 'e': unreferenced local variable
..\SWIG\libstructural_wrap_python.cpp(5696): warning C4101: 'e': unreferenced local variable
..\SWIG\libstructural_wrap_python.cpp(5795): warning C4101: 'e': unreferenced local variable
..\SWIG\libstructural_wrap_python.cpp(5841): warning C4101: 'e': unreferenced local variable
..\SWIG\libstructural_wrap_python.cpp(5939): warning C4101: 'e': unreferenced local variable
..\SWIG\libstructural_wrap_python.cpp(5993): warning C4101: 'e': unreferenced local variable
..\SWIG\libstructural_wrap_python.cpp(6029): warning C4101: 'e': unreferenced local variable
..\SWIG\libstructural_wrap_python.cpp(6075): warning C4101: 'e': unreferenced local variable
..\SWIG\libstructural_wrap_python.cpp(6121): warning C4101: 'e': unreferenced local variable
..\SWIG\libstructural_wrap_python.cpp(6167): warning C4101: 'e': unreferenced local variable
..\SWIG\libstructural_wrap_python.cpp(6222): warning C4101: 'e': unreferenced local variable
..\SWIG\libstructural_wrap_python.cpp(6270): warning C4101: 'e': unreferenced local variable
..\SWIG\libstructural_wrap_python.cpp(6318): warning C4101: 'e': unreferenced local variable
..\SWIG\libstructural_wrap_python.cpp(6373): warning C4101: 'e': unreferenced local variable
..\SWIG\libstructural_wrap_python.cpp(6428): warning C4101: 'e': unreferenced local variable
..\SWIG\libstructural_wrap_python.cpp(6483): warning C4101: 'e': unreferenced local variable
..\SWIG\libstructural_wrap_python.cpp(6538): warning C4101: 'e': unreferenced local variable
..\SWIG\libstructural_wrap_python.cpp(6586): warning C4101: 'e': unreferenced local variable
..\SWIG\libstructural_wrap_python.cpp(6665): warning C4101: 'e': unreferenced local variable
..\SWIG\libstructural_wrap_python.cpp(6712): warning C4101: 'e': unreferenced local variable
..\SWIG\libstructural_wrap_python.cpp(6753): warning C4101: 'e': unreferenced local variable
..\SWIG\libstructural_wrap_python.cpp(6947): warning C4101: 'e': unreferenced local variable
..\SWIG\libstructural_wrap_python.cpp(6992): warning C4101: 'e': unreferenced local variable
..\SWIG\libstructural_wrap_python.cpp(7028): warning C4101: 'e': unreferenced local variable
..\SWIG\libstructural_wrap_python.cpp(7064): warning C4101: 'e': unreferenced local variable
..\SWIG\libstructural_wrap_python.cpp(7100): warning C4101: 'e': unreferenced local variable
..\SWIG\libstructural_wrap_python.cpp(7142): warning C4101: 'e': unreferenced local variable
..\SWIG\libstructural_wrap_python.cpp(7205): warning C4101: 'e': unreferenced local variable
..\SWIG\libstructural_wrap_python.cpp(7281): warning C4101: 'e': unreferenced local variable
..\SWIG\libstructural_wrap_python.cpp(7345): warning C4101: 'e': unreferenced local variable
..\SWIG\libstructural_wrap_python.cpp(7471): warning C4101: 'e': unreferenced local variable
..\SWIG\libstructural_wrap_python.cpp(7521): warning C4101: 'e': unreferenced local variable
..\SWIG\libstructural_wrap_python.cpp(7574): warning C4101: 'e': unreferenced local variable
..\SWIG\libstructural_wrap_python.cpp(7640): warning C4101: 'e': unreferenced local variable
..\SWIG\libstructural_wrap_python.cpp(7694): warning C4101: 'e': unreferenced local variable
..\SWIG\libstructural_wrap_python.cpp(7746): warning C4101: 'e': unreferenced local variable
..\SWIG\libstructural_wrap_python.cpp(7844): warning C4101: 'e': unreferenced local variable
..\SWIG\libstructural_wrap_python.cpp(7955): warning C4101: 'e': unreferenced local variable
..\SWIG\libstructural_wrap_python.cpp(8075): warning C4101: 'e': unreferenced local variable
..\SWIG\libstructural_wrap_python.cpp(8104): warning C4101: 'e': unreferenced local variable
..\SWIG\libstructural_wrap_python.cpp(8145): warning C4101: 'e': unreferenced local variable
..\SWIG\libstructural_wrap_python.cpp(8183): warning C4101: 'e': unreferenced local variable
..\SWIG\libstructural_wrap_python.cpp(8219): warning C4101: 'e': unreferenced local variable
..\SWIG\libstructural_wrap_python.cpp(8254): warning C4101: 'e': unreferenced local variable
..\SWIG\libstructural_wrap_python.cpp(8301): warning C4101: 'e': unreferenced local variable
..\SWIG\libstructural_wrap_python.cpp(8337): warning C4101: 'e': unreferenced local variable
..\SWIG\libstructural_wrap_python.cpp(8373): warning C4101: 'e': unreferenced local variable
..\SWIG\libstructural_wrap_python.cpp(8410): warning C4101: 'e': unreferenced local variable
..\SWIG\libstructural_wrap_python.cpp(8447): warning C4101: 'e': unreferenced local variable
..\SWIG\libstructural_wrap_python.cpp(8484): warning C4101: 'e': unreferenced local variable
..\SWIG\libstructural_wrap_python.cpp(8521): warning C4101: 'e': unreferenced local variable
..\SWIG\libstructural_wrap_python.cpp(8556): warning C4101: 'e': unreferenced local variable
..\SWIG\libstructural_wrap_python.cpp(8600): warning C4101: 'e': unreferenced local variable
..\SWIG\libstructural_wrap_python.cpp(8651): warning C4101: 'e': unreferenced local variable
..\SWIG\libstructural_wrap_python.cpp(8718): warning C4101: 'e': unreferenced local variable
..\SWIG\libstructural_wrap_python.cpp(8820): warning C4101: 'e': unreferenced local variable
..\SWIG\libstructural_wrap_python.cpp(8928): warning C4101: 'e': unreferenced local variable
..\SWIG\libstructural_wrap_python.cpp(8966): warning C4101: 'e': unreferenced local variable
..\SWIG\libstructural_wrap_python.cpp(9002): warning C4101: 'e': unreferenced local variable
..\SWIG\libstructural_wrap_python.cpp(9060): warning C4101: 'e': unreferenced local variable
..\SWIG\libstructural_wrap_python.cpp(9120): warning C4101: 'e': unreferenced local variable
..\SWIG\libstructural_wrap_python.cpp(9239): warning C4101: 'e': unreferenced local variable
..\SWIG\libstructural_wrap_python.cpp(9315): warning C4101: 'e': unreferenced local variable
..\SWIG\libstructural_wrap_python.cpp(9421): warning C4101: 'e': unreferenced local variable
..\SWIG\libstructural_wrap_python.cpp(9457): warning C4101: 'e': unreferenced local variable
..\SWIG\libstructural_wrap_python.cpp(9492): warning C4101: 'e': unreferenced local variable
..\SWIG\libstructural_wrap_python.cpp(9537): warning C4101: 'e': unreferenced local variable
..\SWIG\libstructural_wrap_python.cpp(9573): warning C4101: 'e': unreferenced local variable
..\SWIG\libstructural_wrap_python.cpp(9609): warning C4101: 'e': unreferenced local variable
..\SWIG\libstructural_wrap_python.cpp(9645): warning C4101: 'e': unreferenced local variable
..\SWIG\libstructural_wrap_python.cpp(9687): warning C4101: 'e': unreferenced local variable
..\SWIG\libstructural_wrap_python.cpp(9750): warning C4101: 'e': unreferenced local variable
..\SWIG\libstructural_wrap_python.cpp(9826): warning C4101: 'e': unreferenced local variable
..\SWIG\libstructural_wrap_python.cpp(9890): warning C4101: 'e': unreferenced local variable
..\SWIG\libstructural_wrap_python.cpp(10016): warning C4101: 'e': unreferenced local variable
..\SWIG\libstructural_wrap_python.cpp(10066): warning C4101: 'e': unreferenced local variable
..\SWIG\libstructural_wrap_python.cpp(10119): warning C4101: 'e': unreferenced local variable
..\SWIG\libstructural_wrap_python.cpp(10185): warning C4101: 'e': unreferenced local variable
..\SWIG\libstructural_wrap_python.cpp(10239): warning C4101: 'e': unreferenced local variable
..\SWIG\libstructural_wrap_python.cpp(10291): warning C4101: 'e': unreferenced local variable
..\SWIG\libstructural_wrap_python.cpp(10389): warning C4101: 'e': unreferenced local variable
..\SWIG\libstructural_wrap_python.cpp(10500): warning C4101: 'e': unreferenced local variable
..\SWIG\libstructural_wrap_python.cpp(10620): warning C4101: 'e': unreferenced local variable
..\SWIG\libstructural_wrap_python.cpp(10649): warning C4101: 'e': unreferenced local variable
..\SWIG\libstructural_wrap_python.cpp(10690): warning C4101: 'e': unreferenced local variable
..\SWIG\libstructural_wrap_python.cpp(10728): warning C4101: 'e': unreferenced local variable
..\SWIG\libstructural_wrap_python.cpp(10764): warning C4101: 'e': unreferenced local variable
..\SWIG\libstructural_wrap_python.cpp(10799): warning C4101: 'e': unreferenced local variable
..\SWIG\libstructural_wrap_python.cpp(10846): warning C4101: 'e': unreferenced local variable
..\SWIG\libstructural_wrap_python.cpp(10882): warning C4101: 'e': unreferenced local variable
..\SWIG\libstructural_wrap_python.cpp(10918): warning C4101: 'e': unreferenced local variable
..\SWIG\libstructural_wrap_python.cpp(10955): warning C4101: 'e': unreferenced local variable
..\SWIG\libstructural_wrap_python.cpp(10992): warning C4101: 'e': unreferenced local variable
..\SWIG\libstructural_wrap_python.cpp(11029): warning C4101: 'e': unreferenced local variable
..\SWIG\libstructural_wrap_python.cpp(11066): warning C4101: 'e': unreferenced local variable
..\SWIG\libstructural_wrap_python.cpp(11101): warning C4101: 'e': unreferenced local variable
..\SWIG\libstructural_wrap_python.cpp(11145): warning C4101: 'e': unreferenced local variable
..\SWIG\libstructural_wrap_python.cpp(11196): warning C4101: 'e': unreferenced local variable
..\SWIG\libstructural_wrap_python.cpp(11263): warning C4101: 'e': unreferenced local variable
..\SWIG\libstructural_wrap_python.cpp(11365): warning C4101: 'e': unreferenced local variable
..\SWIG\libstructural_wrap_python.cpp(11473): warning C4101: 'e': unreferenced local variable
..\SWIG\libstructural_wrap_python.cpp(11511): warning C4101: 'e': unreferenced local variable
..\SWIG\libstructural_wrap_python.cpp(11547): warning C4101: 'e': unreferenced local variable
..\SWIG\libstructural_wrap_python.cpp(11605): warning C4101: 'e': unreferenced local variable
..\SWIG\libstructural_wrap_python.cpp(11665): warning C4101: 'e': unreferenced local variable
..\SWIG\libstructural_wrap_python.cpp(11784): warning C4101: 'e': unreferenced local variable
..\SWIG\libstructural_wrap_python.cpp(11860): warning C4101: 'e': unreferenced local variable
..\SWIG\libstructural_wrap_python.cpp(11966): warning C4101: 'e': unreferenced local variable
..\SWIG\libstructural_wrap_python.cpp(12002): warning C4101: 'e': unreferenced local variable
..\SWIG\libstructural_wrap_python.cpp(12037): warning C4101: 'e': unreferenced local variable
..\SWIG\libstructural_wrap_python.cpp(12082): warning C4101: 'e': unreferenced local variable
..\SWIG\libstructural_wrap_python.cpp(12118): warning C4101: 'e': unreferenced local variable
..\SWIG\libstructural_wrap_python.cpp(12154): warning C4101: 'e': unreferenced local variable
..\SWIG\libstructural_wrap_python.cpp(12190): warning C4101: 'e': unreferenced local variable
..\SWIG\libstructural_wrap_python.cpp(12232): warning C4101: 'e': unreferenced local variable
..\SWIG\libstructural_wrap_python.cpp(12295): warning C4101: 'e': unreferenced local variable
..\SWIG\libstructural_wrap_python.cpp(12371): warning C4101: 'e': unreferenced local variable
..\SWIG\libstructural_wrap_python.cpp(12435): warning C4101: 'e': unreferenced local variable
..\SWIG\libstructural_wrap_python.cpp(12561): warning C4101: 'e': unreferenced local variable
..\SWIG\libstructural_wrap_python.cpp(12611): warning C4101: 'e': unreferenced local variable
..\SWIG\libstructural_wrap_python.cpp(12664): warning C4101: 'e': unreferenced local variable
..\SWIG\libstructural_wrap_python.cpp(12730): warning C4101: 'e': unreferenced local variable
..\SWIG\libstructural_wrap_python.cpp(12784): warning C4101: 'e': unreferenced local variable
..\SWIG\libstructural_wrap_python.cpp(12836): warning C4101: 'e': unreferenced local variable
..\SWIG\libstructural_wrap_python.cpp(12934): warning C4101: 'e': unreferenced local variable
..\SWIG\libstructural_wrap_python.cpp(13042): warning C4101: 'e': unreferenced local variable
..\SWIG\libstructural_wrap_python.cpp(13159): warning C4101: 'e': unreferenced local variable
..\SWIG\libstructural_wrap_python.cpp(13186): warning C4101: 'e': unreferenced local variable
..\SWIG\libstructural_wrap_python.cpp(13227): warning C4101: 'e': unreferenced local variable
..\SWIG\libstructural_wrap_python.cpp(13265): warning C4101: 'e': unreferenced local variable
..\SWIG\libstructural_wrap_python.cpp(13301): warning C4101: 'e': unreferenced local variable
..\SWIG\libstructural_wrap_python.cpp(13336): warning C4101: 'e': unreferenced local variable
..\SWIG\libstructural_wrap_python.cpp(13383): warning C4101: 'e': unreferenced local variable
..\SWIG\libstructural_wrap_python.cpp(13419): warning C4101: 'e': unreferenced local variable
..\SWIG\libstructural_wrap_python.cpp(13455): warning C4101: 'e': unreferenced local variable
..\SWIG\libstructural_wrap_python.cpp(13492): warning C4101: 'e': unreferenced local variable
..\SWIG\libstructural_wrap_python.cpp(13529): warning C4101: 'e': unreferenced local variable
..\SWIG\libstructural_wrap_python.cpp(13566): warning C4101: 'e': unreferenced local variable
..\SWIG\libstructural_wrap_python.cpp(13603): warning C4101: 'e': unreferenced local variable
..\SWIG\libstructural_wrap_python.cpp(13638): warning C4101: 'e': unreferenced local variable
..\SWIG\libstructural_wrap_python.cpp(13682): warning C4101: 'e': unreferenced local variable
..\SWIG\libstructural_wrap_python.cpp(13733): warning C4101: 'e': unreferenced local variable
..\SWIG\libstructural_wrap_python.cpp(13800): warning C4101: 'e': unreferenced local variable
..\SWIG\libstructural_wrap_python.cpp(13899): warning C4101: 'e': unreferenced local variable
..\SWIG\libstructural_wrap_python.cpp(14004): warning C4101: 'e': unreferenced local variable
..\SWIG\libstructural_wrap_python.cpp(14040): warning C4101: 'e': unreferenced local variable
..\SWIG\libstructural_wrap_python.cpp(14076): warning C4101: 'e': unreferenced local variable
..\SWIG\libstructural_wrap_python.cpp(14131): warning C4101: 'e': unreferenced local variable
..\SWIG\libstructural_wrap_python.cpp(14186): warning C4101: 'e': unreferenced local variable
..\SWIG\libstructural_wrap_python.cpp(14302): warning C4101: 'e': unreferenced local variable
..\SWIG\libstructural_wrap_python.cpp(14373): warning C4101: 'e': unreferenced local variable
..\SWIG\libstructural_wrap_python.cpp(14481): warning C4101: 'e': unreferenced local variable
..\SWIG\libstructural_wrap_python.cpp(14517): warning C4101: 'e': unreferenced local variable
..\SWIG\libstructural_wrap_python.cpp(14552): warning C4101: 'e': unreferenced local variable
..\SWIG\libstructural_wrap_python.cpp(14586): warning C4101: 'e': unreferenced local variable
..\SWIG\libstructural_wrap_python.cpp(14635): warning C4101: 'e': unreferenced local variable
..\SWIG\libstructural_wrap_python.cpp(14676): warning C4101: 'e': unreferenced local variable
..\SWIG\libstructural_wrap_python.cpp(14861): warning C4101: 'e': unreferenced local variable
..\SWIG\libstructural_wrap_python.cpp(14895): warning C4101: 'e': unreferenced local variable
..\SWIG\libstructural_wrap_python.cpp(14942): warning C4101: 'e': unreferenced local variable
..\SWIG\libstructural_wrap_python.cpp(14983): warning C4101: 'e': unreferenced local variable
..\SWIG\libstructural_wrap_python.cpp(15169): warning C4101: 'e': unreferenced local variable
..\SWIG\libstructural_wrap_python.cpp(15203): warning C4101: 'e': unreferenced local variable
..\SWIG\libstructural_wrap_python.cpp(15250): warning C4101: 'e': unreferenced local variable
..\SWIG\libstructural_wrap_python.cpp(15309): warning C4101: 'e': unreferenced local variable
..\SWIG\libstructural_wrap_python.cpp(15356): warning C4101: 'e': unreferenced local variable
..\SWIG\libstructural_wrap_python.cpp(15413): warning C4101: 'e': unreferenced local variable
..\SWIG\libstructural_wrap_python.cpp(15470): warning C4101: 'e': unreferenced local variable
..\SWIG\libstructural_wrap_python.cpp(15517): warning C4101: 'e': unreferenced local variable
..\SWIG\libstructural_wrap_python.cpp(15564): warning C4101: 'e': unreferenced local variable
..\SWIG\libstructural_wrap_python.cpp(15611): warning C4101: 'e': unreferenced local variable
..\SWIG\libstructural_wrap_python.cpp(15647): warning C4101: 'e': unreferenced local variable
..\SWIG\libstructural_wrap_python.cpp(15683): warning C4101: 'e': unreferenced local variable
..\SWIG\libstructural_wrap_python.cpp(15719): warning C4101: 'e': unreferenced local variable
..\SWIG\libstructural_wrap_python.cpp(15755): warning C4101: 'e': unreferenced local variable
..\SWIG\libstructural_wrap_python.cpp(15791): warning C4101: 'e': unreferenced local variable
..\SWIG\libstructural_wrap_python.cpp(15827): warning C4101: 'e': unreferenced local variable
..\SWIG\libstructural_wrap_python.cpp(15863): warning C4101: 'e': unreferenced local variable
..\SWIG\libstructural_wrap_python.cpp(15899): warning C4101: 'e': unreferenced local variable
..\SWIG\libstructural_wrap_python.cpp(15935): warning C4101: 'e': unreferenced local variable
..\SWIG\libstructural_wrap_python.cpp(15971): warning C4101: 'e': unreferenced local variable
..\SWIG\libstructural_wrap_python.cpp(16007): warning C4101: 'e': unreferenced local variable
..\SWIG\libstructural_wrap_python.cpp(16043): warning C4101: 'e': unreferenced local variable
..\SWIG\libstructural_wrap_python.cpp(16079): warning C4101: 'e': unreferenced local variable
..\SWIG\libstructural_wrap_python.cpp(16115): warning C4101: 'e': unreferenced local variable
..\SWIG\libstructural_wrap_python.cpp(16151): warning C4101: 'e': unreferenced local variable
..\SWIG\libstructural_wrap_python.cpp(16187): warning C4101: 'e': unreferenced local variable
..\SWIG\libstructural_wrap_python.cpp(16235): warning C4101: 'e': unreferenced local variable
..\SWIG\libstructural_wrap_python.cpp(16271): warning C4101: 'e': unreferenced local variable
..\SWIG\libstructural_wrap_python.cpp(16307): warning C4101: 'e': unreferenced local variable
..\SWIG\libstructural_wrap_python.cpp(16343): warning C4101: 'e': unreferenced local variable
..\SWIG\libstructural_wrap_python.cpp(16379): warning C4101: 'e': unreferenced local variable
..\SWIG\libstructural_wrap_python.cpp(16415): warning C4101: 'e': unreferenced local variable
..\SWIG\libstructural_wrap_python.cpp(16451): warning C4101: 'e': unreferenced local variable
..\SWIG\libstructural_wrap_python.cpp(16487): warning C4101: 'e': unreferenced local variable
..\SWIG\libstructural_wrap_python.cpp(16523): warning C4101: 'e': unreferenced local variable
..\SWIG\libstructural_wrap_python.cpp(16559): warning C4101: 'e': unreferenced local variable
..\SWIG\libstructural_wrap_python.cpp(16595): warning C4101: 'e': unreferenced local variable
..\SWIG\libstructural_wrap_python.cpp(16631): warning C4101: 'e': unreferenced local variable
..\SWIG\libstructural_wrap_python.cpp(16667): warning C4101: 'e': unreferenced local variable
..\SWIG\libstructural_wrap_python.cpp(16703): warning C4101: 'e': unreferenced local variable
..\SWIG\libstructural_wrap_python.cpp(16739): warning C4101: 'e': unreferenced local variable
..\SWIG\libstructural_wrap_python.cpp(16775): warning C4101: 'e': unreferenced local variable
..\SWIG\libstructural_wrap_python.cpp(16811): warning C4101: 'e': unreferenced local variable
..\SWIG\libstructural_wrap_python.cpp(16847): warning C4101: 'e': unreferenced local variable
..\SWIG\libstructural_wrap_python.cpp(16883): warning C4101: 'e': unreferenced local variable
..\SWIG\libstructural_wrap_python.cpp(16919): warning C4101: 'e': unreferenced local variable
..\SWIG\libstructural_wrap_python.cpp(16955): warning C4101: 'e': unreferenced local variable
..\SWIG\libstructural_wrap_python.cpp(16991): warning C4101: 'e': unreferenced local variable
..\SWIG\libstructural_wrap_python.cpp(17027): warning C4101: 'e': unreferenced local variable
..\SWIG\libstructural_wrap_python.cpp(17063): warning C4101: 'e': unreferenced local variable
..\SWIG\libstructural_wrap_python.cpp(17099): warning C4101: 'e': unreferenced local variable
..\SWIG\libstructural_wrap_python.cpp(17135): warning C4101: 'e': unreferenced local variable
..\SWIG\libstructural_wrap_python.cpp(17171): warning C4101: 'e': unreferenced local variable
..\SWIG\libstructural_wrap_python.cpp(17207): warning C4101: 'e': unreferenced local variable
..\SWIG\libstructural_wrap_python.cpp(17243): warning C4101: 'e': unreferenced local variable
..\SWIG\libstructural_wrap_python.cpp(17279): warning C4101: 'e': unreferenced local variable
..\SWIG\libstructural_wrap_python.cpp(17327): warning C4101: 'e': unreferenced local variable
..\SWIG\libstructural_wrap_python.cpp(17375): warning C4101: 'e': unreferenced local variable
..\SWIG\libstructural_wrap_python.cpp(17423): warning C4101: 'e': unreferenced local variable
..\SWIG\libstructural_wrap_python.cpp(17471): warning C4101: 'e': unreferenced local variable
..\SWIG\libstructural_wrap_python.cpp(17519): warning C4101: 'e': unreferenced local variable
..\SWIG\libstructural_wrap_python.cpp(17567): warning C4101: 'e': unreferenced local variable
..\SWIG\libstructural_wrap_python.cpp(17658): warning C4101: 'e': unreferenced local variable
..\SWIG\libstructural_wrap_python.cpp(17702): warning C4101: 'e': unreferenced local variable
..\SWIG\libstructural_wrap_python.cpp(17738): warning C4101: 'e': unreferenced local variable
..\SWIG\libstructural_wrap_python.cpp(17765): warning C4101: 'e': unreferenced local variable
..\SWIG\libstructural_wrap_python.cpp(17792): warning C4101: 'e': unreferenced local variable
..\SWIG\libstructural_wrap_python.cpp(17828): warning C4101: 'e': unreferenced local variable
..\SWIG\libstructural_wrap_python.cpp(17874): warning C4101: 'e': unreferenced local variable
..\SWIG\libstructural_wrap_python.cpp(17978): warning C4101: 'e': unreferenced local variable
..\SWIG\libstructural_wrap_python.cpp(18070): warning C4101: 'e': unreferenced local variable
..\SWIG\libstructural_wrap_python.cpp(18106): warning C4101: 'e': unreferenced local variable
..\SWIG\libstructural_wrap_python.cpp(18142): warning C4101: 'e': unreferenced local variable
..\SWIG\libstructural_wrap_python.cpp(18178): warning C4101: 'e': unreferenced local variable
..\SWIG\libstructural_wrap_python.cpp(18214): warning C4101: 'e': unreferenced local variable
..\SWIG\libstructural_wrap_python.cpp(18250): warning C4101: 'e': unreferenced local variable
..\SWIG\libstructural_wrap_python.cpp(18286): warning C4101: 'e': unreferenced local variable
..\SWIG\libstructural_wrap_python.cpp(18322): warning C4101: 'e': unreferenced local variable
..\SWIG\libstructural_wrap_python.cpp(18358): warning C4101: 'e': unreferenced local variable
..\SWIG\libstructural_wrap_python.cpp(18394): warning C4101: 'e': unreferenced local variable
..\SWIG\libstructural_wrap_python.cpp(18430): warning C4101: 'e': unreferenced local variable
..\SWIG\libstructural_wrap_python.cpp(18466): warning C4101: 'e': unreferenced local variable
..\SWIG\libstructural_wrap_python.cpp(18501): warning C4101: 'e': unreferenced local variable
..\SWIG\libstructural_wrap_python.cpp(18544): warning C4101: 'e': unreferenced local variable
..\SWIG\libstructural_wrap_python.cpp(18579): warning C4101: 'e': unreferenced local variable
..\SWIG\libstructural_wrap_python.cpp(18624): warning C4101: 'e': unreferenced local variable
..\SWIG\libstructural_wrap_python.cpp(18685): warning C4101: 'e': unreferenced local variable
..\SWIG\libstructural_wrap_python.cpp(18721): warning C4101: 'e': unreferenced local variable
..\SWIG\libstructural_wrap_python.cpp(18757): warning C4101: 'e': unreferenced local variable
..\SWIG\libstructural_wrap_python.cpp(18800): warning C4101: 'e': unreferenced local variable
..\SWIG\libstructural_wrap_python.cpp(18835): warning C4101: 'e': unreferenced local variable
..\SWIG\libstructural_wrap_python.cpp(18880): warning C4101: 'e': unreferenced local variable
..\SWIG\libstructural_wrap_python.cpp(18933): warning C4101: 'e': unreferenced local variable
..\SWIG\libstructural_wrap_python.cpp(18969): warning C4101: 'e': unreferenced local variable
..\SWIG\libstructural_wrap_python.cpp(19005): warning C4101: 'e': unreferenced local variable
..\SWIG\libstructural_wrap_python.cpp(19048): warning C4101: 'e': unreferenced local variable
..\SWIG\libstructural_wrap_python.cpp(19083): warning C4101: 'e': unreferenced local variable
..\SWIG\libstructural_wrap_python.cpp(19128): warning C4101: 'e': unreferenced local variable
..\SWIG\libstructural_wrap_python.cpp(19181): warning C4101: 'e': unreferenced local variable
..\SWIG\libstructural_wrap_python.cpp(19217): warning C4101: 'e': unreferenced local variable
..\SWIG\libstructural_wrap_python.cpp(19253): warning C4101: 'e': unreferenced local variable
..\SWIG\libstructural_wrap_python.cpp(19305): warning C4101: 'e': unreferenced local variable
..\SWIG\libstructural_wrap_python.cpp(19341): warning C4101: 'e': unreferenced local variable
..\SWIG\libstructural_wrap_python.cpp(19368): warning C4101: 'e': unreferenced local variable
..\SWIG\libstructural_wrap_python.cpp(19407): warning C4101: 'e': unreferenced local variable
..\SWIG\libstructural_wrap_python.cpp(19473): warning C4101: 'e': unreferenced local variable
..\SWIG\libstructural_wrap_python.cpp(19530): warning C4101: 'e': unreferenced local variable
..\SWIG\libstructural_wrap_python.cpp(19587): warning C4101: 'e': unreferenced local variable
..\SWIG\libstructural_wrap_python.cpp(19641): warning C4101: 'e': unreferenced local variable
..\SWIG\libstructural_wrap_python.cpp(19830): warning C4101: 'e': unreferenced local variable
..\SWIG\libstructural_wrap_python.cpp(19875): warning C4101: 'e': unreferenced local variable
..\SWIG\libstructural_wrap_python.cpp(19911): warning C4101: 'e': unreferenced local variable
..\SWIG\libstructural_wrap_python.cpp(20020): warning C4101: 'e': unreferenced local variable
..\SWIG\libstructural_wrap_python.cpp(20082): warning C4101: 'e': unreferenced local variable
..\SWIG\libstructural_wrap_python.cpp(20117): warning C4101: 'e': unreferenced local variable
..\SWIG\libstructural_wrap_python.cpp(20177): warning C4101: 'e': unreferenced local variable
..\SWIG\libstructural_wrap_python.cpp(20230): warning C4101: 'e': unreferenced local variable
..\SWIG\libstructural_wrap_python.cpp(20283): warning C4101: 'e': unreferenced local variable
..\SWIG\libstructural_wrap_python.cpp(20336): warning C4101: 'e': unreferenced local variable
..\SWIG\libstructural_wrap_python.cpp(20372): warning C4101: 'e': unreferenced local variable
..\SWIG\libstructural_wrap_python.cpp(20408): warning C4101: 'e': unreferenced local variable
..\SWIG\libstructural_wrap_python.cpp(20444): warning C4101: 'e': unreferenced local variable
..\SWIG\libstructural_wrap_python.cpp(20480): warning C4101: 'e': unreferenced local variable
..\SWIG\libstructural_wrap_python.cpp(20538): warning C4101: 'e': unreferenced local variable
..\SWIG\libstructural_wrap_python.cpp(20596): warning C4101: 'e': unreferenced local variable
..\SWIG\libstructural_wrap_python.cpp(20712): warning C4101: 'e': unreferenced local variable
..\SWIG\libstructural_wrap_python.cpp(20774): warning C4101: 'e': unreferenced local variable
..\SWIG\libstructural_wrap_python.cpp(20826): warning C4101: 'e': unreferenced local variable
..\SWIG\libstructural_wrap_python.cpp(20862): warning C4101: 'e': unreferenced local variable
..\SWIG\libstructural_wrap_python.cpp(20889): warning C4101: 'e': unreferenced local variable
..\SWIG\libstructural_wrap_python.cpp(20928): warning C4101: 'e': unreferenced local variable
..\SWIG\libstructural_wrap_python.cpp(20994): warning C4101: 'e': unreferenced local variable
..\SWIG\libstructural_wrap_python.cpp(21051): warning C4101: 'e': unreferenced local variable
..\SWIG\libstructural_wrap_python.cpp(21108): warning C4101: 'e': unreferenced local variable
..\SWIG\libstructural_wrap_python.cpp(21162): warning C4101: 'e': unreferenced local variable
..\SWIG\libstructural_wrap_python.cpp(21351): warning C4101: 'e': unreferenced local variable
..\SWIG\libstructural_wrap_python.cpp(21396): warning C4101: 'e': unreferenced local variable
..\SWIG\libstructural_wrap_python.cpp(21432): warning C4101: 'e': unreferenced local variable
..\SWIG\libstructural_wrap_python.cpp(21541): warning C4101: 'e': unreferenced local variable
..\SWIG\libstructural_wrap_python.cpp(21603): warning C4101: 'e': unreferenced local variable
..\SWIG\libstructural_wrap_python.cpp(21638): warning C4101: 'e': unreferenced local variable
..\SWIG\libstructural_wrap_python.cpp(21698): warning C4101: 'e': unreferenced local variable
..\SWIG\libstructural_wrap_python.cpp(21751): warning C4101: 'e': unreferenced local variable
..\SWIG\libstructural_wrap_python.cpp(21804): warning C4101: 'e': unreferenced local variable
..\SWIG\libstructural_wrap_python.cpp(21857): warning C4101: 'e': unreferenced local variable
..\SWIG\libstructural_wrap_python.cpp(21893): warning C4101: 'e': unreferenced local variable
..\SWIG\libstructural_wrap_python.cpp(21929): warning C4101: 'e': unreferenced local variable
..\SWIG\libstructural_wrap_python.cpp(21965): warning C4101: 'e': unreferenced local variable
..\SWIG\libstructural_wrap_python.cpp(22001): warning C4101: 'e': unreferenced local variable
..\SWIG\libstructural_wrap_python.cpp(22059): warning C4101: 'e': unreferenced local variable
..\SWIG\libstructural_wrap_python.cpp(22117): warning C4101: 'e': unreferenced local variable
..\SWIG\libstructural_wrap_python.cpp(22233): warning C4101: 'e': unreferenced local variable
..\SWIG\libstructural_wrap_python.cpp(22295): warning C4101: 'e': unreferenced local variable
..\SWIG\libstructural_wrap_python.cpp(22347): warning C4101: 'e': unreferenced local variable
..\SWIG\libstructural_wrap_python.cpp(22383): warning C4101: 'e': unreferenced local variable
..\SWIG\libstructural_wrap_python.cpp(22410): warning C4101: 'e': unreferenced local variable
..\SWIG\libstructural_wrap_python.cpp(22449): warning C4101: 'e': unreferenced local variable
..\SWIG\libstructural_wrap_python.cpp(22515): warning C4101: 'e': unreferenced local variable
..\SWIG\libstructural_wrap_python.cpp(22572): warning C4101: 'e': unreferenced local variable
..\SWIG\libstructural_wrap_python.cpp(22629): warning C4101: 'e': unreferenced local variable
..\SWIG\libstructural_wrap_python.cpp(22683): warning C4101: 'e': unreferenced local variable
..\SWIG\libstructural_wrap_python.cpp(22872): warning C4101: 'e': unreferenced local variable
..\SWIG\libstructural_wrap_python.cpp(22917): warning C4101: 'e': unreferenced local variable
..\SWIG\libstructural_wrap_python.cpp(22953): warning C4101: 'e': unreferenced local variable
..\SWIG\libstructural_wrap_python.cpp(23062): warning C4101: 'e': unreferenced local variable
..\SWIG\libstructural_wrap_python.cpp(23124): warning C4101: 'e': unreferenced local variable
..\SWIG\libstructural_wrap_python.cpp(23159): warning C4101: 'e': unreferenced local variable
..\SWIG\libstructural_wrap_python.cpp(23219): warning C4101: 'e': unreferenced local variable
..\SWIG\libstructural_wrap_python.cpp(23272): warning C4101: 'e': unreferenced local variable
..\SWIG\libstructural_wrap_python.cpp(23325): warning C4101: 'e': unreferenced local variable
..\SWIG\libstructural_wrap_python.cpp(23378): warning C4101: 'e': unreferenced local variable
..\SWIG\libstructural_wrap_python.cpp(23414): warning C4101: 'e': unreferenced local variable
..\SWIG\libstructural_wrap_python.cpp(23450): warning C4101: 'e': unreferenced local variable
..\SWIG\libstructural_wrap_python.cpp(23486): warning C4101: 'e': unreferenced local variable
..\SWIG\libstructural_wrap_python.cpp(23522): warning C4101: 'e': unreferenced local variable
..\SWIG\libstructural_wrap_python.cpp(23580): warning C4101: 'e': unreferenced local variable
..\SWIG\libstructural_wrap_python.cpp(23638): warning C4101: 'e': unreferenced local variable
..\SWIG\libstructural_wrap_python.cpp(23754): warning C4101: 'e': unreferenced local variable
..\SWIG\libstructural_wrap_python.cpp(23824): warning C4101: 'e': unreferenced local variable
  libstructural.cpp
libstructural.cpp(314): warning C4267: '=': conversion from 'size_t' to 'int', possible loss of data
libstructural.cpp(315): warning C4267: '=': conversion from 'size_t' to 'int', possible loss of data
libstructural.cpp(2070): warning C4018: '<': signed/unsigned mismatch
libstructural.cpp(2076): warning C4018: '<': signed/unsigned mismatch
libstructural.cpp(2227): warning C4018: '<': signed/unsigned mismatch
libstructural.cpp(2228): warning C4018: '<': signed/unsigned mismatch
libstructural.cpp(2341): warning C4267: '=': conversion from 'size_t' to 'int', possible loss of data
libstructural.cpp(2355): warning C4267: '=': conversion from 'size_t' to 'int', possible loss of data
libstructural.cpp(2373): warning C4267: '=': conversion from 'size_t' to 'int', possible loss of data
libstructural.cpp(2388): warning C4267: '=': conversion from 'size_t' to 'int', possible loss of data
libstructural.cpp(2396): warning C4267: '=': conversion from 'size_t' to 'int', possible loss of data
libstructural.cpp(2404): warning C4267: '=': conversion from 'size_t' to 'int', possible loss of data
libstructural.cpp(2412): warning C4267: '=': conversion from 'size_t' to 'int', possible loss of data
libstructural.cpp(2420): warning C4267: '=': conversion from 'size_t' to 'int', possible loss of data
libstructural.cpp(2609): warning C4267: '=': conversion from 'size_t' to 'int', possible loss of data
libstructural.cpp(2622): warning C4267: '=': conversion from 'size_t' to 'int', possible loss of data
libstructural.cpp(2631): warning C4267: '=': conversion from 'size_t' to 'int', possible loss of data
libstructural.cpp(2778): warning C4267: '=': conversion from 'size_t' to 'int', possible loss of data
  sbmlmodel.cpp
C:\Program Files (x86)\Microsoft Visual Studio\2017\Community\Common7\IDE\VC\VCTargets\Microsoft.CppBuild.targets(1198,5): warning MSB8012: TargetPath(C:\Users\yosef\Documents\Visual Studio 2017\Projects\libstruct\LibStructural\x64\Release\structural.dll) does not match the Linker's OutputFile property value (C:\Users\yosef\Documents\Visual Studio 2017\Projects\libstruct\SWIG\python\_structural.pyd). This may cause your project to build incorrectly. To correct this, please make sure that $(OutDir), $(TargetName) and $(TargetExt) property values match the value specified in %(Link.OutputFile).
C:\Program Files (x86)\Microsoft Visual Studio\2017\Community\Common7\IDE\VC\VCTargets\Microsoft.CppBuild.targets(1199,5): warning MSB8012: TargetExt(.dll) does not match the Linker's OutputFile property value (.pyd). This may cause your project to build incorrectly. To correct this, please make sure that $(OutDir), $(TargetName) and $(TargetExt) property values match the value specified in %(Link.OutputFile).
C:\Program Files (x86)\Microsoft Visual Studio\2017\Community\Common7\IDE\VC\VCTargets\Microsoft.CppBuild.targets(1200,5): warning MSB8012: TargetName(structural) does not match the Linker's OutputFile property value (_structural). This may cause your project to build incorrectly. To correct this, please make sure that $(OutDir), $(TargetName) and $(TargetExt) property values match the value specified in %(Link.OutputFile).
     Creating library C:\Users\yosef\Documents\Visual Studio 2017\Projects\libstruct\LibStructural\structural.lib and object C:\Users\yosef\Documents\Visual Studio 2017\Projects\libstruct\LibStructural\structural.exp
LINK : warning LNK4098: defaultlib 'LIBCMT' conflicts with use of other libs; use /NODEFAULTLIB:library
  Generating code
  73 of 2740 functions ( 2.7%) were compiled, the rest were copied from previous compilation.
    0 functions were new in current compilation
    437 functions had inline decision re-evaluated but remain unchanged
  Finished generating code
  libStruct.vcxproj -> C:\Users\yosef\Documents\Visual Studio 2017\Projects\libstruct\LibStructural\x64\Release\structural.dll
  libStruct.vcxproj -> C:\Users\yosef\Documents\Visual Studio 2017\Projects\libstruct\LibStructural\structural.pdb (Full PDB)
