c:\users\yosef\documents\visual studio 2017\projects\libstruct\libstructural\x64\release\vc141.pdb
c:\users\yosef\documents\visual studio 2017\projects\libstruct\libstructural\x64\release\libstructural_wrap_python.obj
c:\users\yosef\documents\visual studio 2017\projects\libstruct\libstructural\x64\release\sbmlmodel.obj
c:\users\yosef\documents\visual studio 2017\projects\libstruct\libstructural\x64\release\objective.obj
c:\users\yosef\documents\visual studio 2017\projects\libstruct\libstructural\x64\release\lpresult.obj
c:\users\yosef\documents\visual studio 2017\projects\libstruct\libstructural\x64\release\libstructural.obj
c:\users\yosef\documents\visual studio 2017\projects\libstruct\libstructural\x64\release\constraint.obj
c:\users\yosef\documents\visual studio 2017\projects\libstruct\libstructural\x64\release\util.obj
c:\users\yosef\documents\visual studio 2017\projects\libstruct\libstructural\x64\release\matrix.obj
c:\users\yosef\documents\visual studio 2017\projects\libstruct\libstructural\x64\release\libla.obj
c:\users\yosef\documents\visual studio 2017\projects\libstruct\libstructural\x64\release\complex.obj
c:\tellurium-winpython\python-2.7.13.amd64\lib\site-packages\structural\_structural.pyd
c:\users\yosef\documents\visual studio 2017\projects\libstruct\libstructural\structural.pdb
c:\users\yosef\documents\visual studio 2017\projects\libstruct\libstructural\structural.lib
c:\users\yosef\documents\visual studio 2017\projects\libstruct\libstructural\structural.exp
c:\users\hsauro\documents\visual studio 2017\projects\libstructural\libstructural\x64\release\complex.obj
c:\users\hsauro\documents\visual studio 2017\projects\libstructural\libstructural\x64\release\constraint.obj
c:\users\hsauro\documents\visual studio 2017\projects\libstructural\libstructural\x64\release\libla.obj
c:\users\hsauro\documents\visual studio 2017\projects\libstructural\libstructural\x64\release\libstructural.obj
c:\users\hsauro\documents\visual studio 2017\projects\libstructural\libstructural\x64\release\libstructural_wrap_python.obj
c:\users\hsauro\documents\visual studio 2017\projects\libstructural\libstructural\x64\release\lpresult.obj
c:\users\hsauro\documents\visual studio 2017\projects\libstructural\libstructural\x64\release\matrix.obj
c:\users\hsauro\documents\visual studio 2017\projects\libstructural\libstructural\x64\release\objective.obj
c:\users\hsauro\documents\visual studio 2017\projects\libstructural\libstructural\x64\release\sbmlmodel.obj
c:\users\hsauro\documents\visual studio 2017\projects\libstructural\libstructural\x64\release\util.obj
c:\users\hsauro\documents\visual studio 2017\projects\libstructural\libstructural\x64\release\vc141.pdb
c:\users\hsauro\documents\visual studio 2017\projects\libstructural\libstructural\x64\release\structural.tlog\cl.command.1.tlog
c:\users\hsauro\documents\visual studio 2017\projects\libstructural\libstructural\x64\release\structural.tlog\cl.read.1.tlog
c:\users\hsauro\documents\visual studio 2017\projects\libstructural\libstructural\x64\release\structural.tlog\cl.write.1.tlog
c:\users\hsauro\documents\visual studio 2017\projects\libstructural\libstructural\x64\release\structural.tlog\link.command.1.tlog
c:\users\hsauro\documents\visual studio 2017\projects\libstructural\libstructural\x64\release\structural.tlog\link.delete.1.tlog
c:\users\hsauro\documents\visual studio 2017\projects\libstructural\libstructural\x64\release\structural.tlog\link.read.1.tlog
c:\users\hsauro\documents\visual studio 2017\projects\libstructural\libstructural\x64\release\structural.tlog\link.write.1.tlog
c:\users\hsauro\documents\visual studio 2017\projects\libstructural\libstructural\x64\release\structural.tlog\structural.write.1u.tlog
