  Building Custom Rule C:/Users/yosef/Documents/Visual Studio 2017/Projects/libstruct/LibStructural/CMakeLists.txt
  CMake does not need to re-run because C:/Users/yosef/Documents/Visual Studio 2017/Projects/libstruct/build_x64/LibStructural/CMakeFiles/generate.stamp is up-to-date.
  complex.cpp
  libla.cpp
  matrix.cpp
  util.cpp
C:\Users\yosef\Documents\Visual Studio 2017\Projects\libstruct\LibLA\util.cpp(712): warning C4267: '=': conversion from 'size_t' to 'int', possible loss of data
C:\Users\yosef\Documents\Visual Studio 2017\Projects\libstruct\LibLA\util.cpp(722): warning C4267: '=': conversion from 'size_t' to 'int', possible loss of data
C:\Users\yosef\Documents\Visual Studio 2017\Projects\libstruct\LibLA\util.cpp(735): warning C4267: '=': conversion from 'size_t' to 'int', possible loss of data
C:\Users\yosef\Documents\Visual Studio 2017\Projects\libstruct\LibLA\util.cpp(745): warning C4267: '=': conversion from 'size_t' to 'int', possible loss of data
  constraint.cpp
  fluxbalance.cpp
c:\users\yosef\documents\visual studio 2017\projects\libstruct\include\lpresult.h(41): warning C4267: 'return': conversion from 'size_t' to 'int', possible loss of data
C:\Users\yosef\Documents\Visual Studio 2017\Projects\libstruct\include\fluxbalance.h(36): fatal error C1083: Cannot open include file: 'libstructural.h': No such file or directory
  libstructural.cpp
C:\Users\yosef\Documents\Visual Studio 2017\Projects\libstruct\LibStructural\libstructural.cpp(13): fatal error C1083: Cannot open include file: 'libstructural.h': No such file or directory
  lpresult.cpp
C:\Users\yosef\Documents\Visual Studio 2017\Projects\libstruct\include\lpresult.h(41): warning C4267: 'return': conversion from 'size_t' to 'int', possible loss of data
  objective.cpp
  sbmlmodel.cpp
  Generating Code...
