  Building Custom Rule C:/Users/yosef/Documents/Visual Studio 2017/Projects/libstruct/dependencies/third-party/clapack/3.2.1/F2CLIBS/libf2c/CMakeLists.txt
  CMake does not need to re-run because C:/Users/yosef/Documents/Visual Studio 2017/Projects/libstruct/build_x64/F2CLIBS/libf2c/CMakeFiles/generate.stamp is up-to-date.
  Generating arith.h
  f77vers.c
  i77vers.c
  main.c
  s_rnge.c
  abort_.c
  exit_.c
  getarg_.c
  iargc_.c
  getenv_.c
C:\Program Files (x86)\Windows Kits\10\Include\10.0.15063.0\ucrt\stdlib.h(1300): warning C4005: 'max': macro redefinition
  c:\users\yosef\documents\visual studio 2017\projects\libstruct\dependencies\third-party\clapack\3.2.1\f2clibs\libf2c\f2c.h(160): note: see previous definition of 'max'
C:\Program Files (x86)\Windows Kits\10\Include\10.0.15063.0\ucrt\stdlib.h(1301): warning C4005: 'min': macro redefinition
  c:\users\yosef\documents\visual studio 2017\projects\libstruct\dependencies\third-party\clapack\3.2.1\f2clibs\libf2c\f2c.h(159): note: see previous definition of 'min'
C:\Users\yosef\Documents\Visual Studio 2017\Projects\libstruct\dependencies\third-party\clapack\3.2.1\F2CLIBS\libf2c\getenv_.c(42): warning C4996: 'getenv': This function or variable may be unsafe. Consider using _dupenv_s instead. To disable deprecation, use _CRT_SECURE_NO_WARNINGS. See online help for details.
  C:\Program Files (x86)\Windows Kits\10\Include\10.0.15063.0\ucrt\stdlib.h(1199): note: see declaration of 'getenv'
C:\Users\yosef\Documents\Visual Studio 2017\Projects\libstruct\dependencies\third-party\clapack\3.2.1\F2CLIBS\libf2c\getenv_.c(48): warning C4996: 'strncpy': This function or variable may be unsafe. Consider using strncpy_s instead. To disable deprecation, use _CRT_SECURE_NO_WARNINGS. See online help for details.
  C:\Program Files (x86)\Windows Kits\10\Include\10.0.15063.0\ucrt\string.h(343): note: see declaration of 'strncpy'
C:\Users\yosef\Documents\Visual Studio 2017\Projects\libstruct\dependencies\third-party\clapack\3.2.1\F2CLIBS\libf2c\getenv_.c(50): warning C4996: 'getenv': This function or variable may be unsafe. Consider using _dupenv_s instead. To disable deprecation, use _CRT_SECURE_NO_WARNINGS. See online help for details.
  C:\Program Files (x86)\Windows Kits\10\Include\10.0.15063.0\ucrt\stdlib.h(1199): note: see declaration of 'getenv'
  signal_.c
C:\Users\yosef\Documents\Visual Studio 2017\Projects\libstruct\dependencies\third-party\clapack\3.2.1\F2CLIBS\libf2c\signal_.c(17): warning C4311: 'type cast': pointer truncation from '_crt_signal_t' to 'ftnint'
  s_stop.c
  s_paus.c
C:\Users\yosef\Documents\Visual Studio 2017\Projects\libstruct\dependencies\third-party\clapack\3.2.1\F2CLIBS\libf2c\s_paus.c(65): warning C4996: 'fileno': The POSIX name for this item is deprecated. Instead, use the ISO C and C++ conformant name: _fileno. See online help for details.
  C:\Program Files (x86)\Windows Kits\10\Include\10.0.15063.0\ucrt\stdio.h(2456): note: see declaration of 'fileno'
C:\Users\yosef\Documents\Visual Studio 2017\Projects\libstruct\dependencies\third-party\clapack\3.2.1\F2CLIBS\libf2c\s_paus.c(70): warning C4996: 'fopen': This function or variable may be unsafe. Consider using fopen_s instead. To disable deprecation, use _CRT_SECURE_NO_WARNINGS. See online help for details.
  C:\Program Files (x86)\Windows Kits\10\Include\10.0.15063.0\ucrt\stdio.h(207): note: see declaration of 'fopen'
  system_.c
  cabs.c
  ctype.c
  derf_.c
  derfc_.c
  erf_.c
  erfc_.c
  sig_die.c
  Generating Code...
  Compiling...
  pow_ci.c
C:\Users\yosef\Documents\Visual Studio 2017\Projects\libstruct\dependencies\third-party\clapack\3.2.1\F2CLIBS\libf2c\pow_ci.c(21): warning C4244: '=': conversion from 'doublereal' to 'real', possible loss of data
C:\Users\yosef\Documents\Visual Studio 2017\Projects\libstruct\dependencies\third-party\clapack\3.2.1\F2CLIBS\libf2c\pow_ci.c(22): warning C4244: '=': conversion from 'doublereal' to 'real', possible loss of data
  pow_dd.c
  pow_di.c
  pow_hh.c
  pow_ii.c
  pow_ri.c
  pow_zi.c
  pow_zz.c
  c_abs.c
  c_cos.c
C:\Users\yosef\Documents\Visual Studio 2017\Projects\libstruct\dependencies\third-party\clapack\3.2.1\F2CLIBS\libf2c\c_cos.c(18): warning C4244: '=': conversion from 'double' to 'real', possible loss of data
C:\Users\yosef\Documents\Visual Studio 2017\Projects\libstruct\dependencies\third-party\clapack\3.2.1\F2CLIBS\libf2c\c_cos.c(19): warning C4244: '=': conversion from 'double' to 'real', possible loss of data
  c_div.c
C:\Users\yosef\Documents\Visual Studio 2017\Projects\libstruct\dependencies\third-party\clapack\3.2.1\F2CLIBS\libf2c\c_div.c(39): warning C4244: '=': conversion from 'double' to 'real', possible loss of data
C:\Users\yosef\Documents\Visual Studio 2017\Projects\libstruct\dependencies\third-party\clapack\3.2.1\F2CLIBS\libf2c\c_div.c(47): warning C4244: '=': conversion from 'double' to 'real', possible loss of data
C:\Users\yosef\Documents\Visual Studio 2017\Projects\libstruct\dependencies\third-party\clapack\3.2.1\F2CLIBS\libf2c\c_div.c(49): warning C4244: '=': conversion from 'double' to 'real', possible loss of data
  c_exp.c
C:\Users\yosef\Documents\Visual Studio 2017\Projects\libstruct\dependencies\third-party\clapack\3.2.1\F2CLIBS\libf2c\c_exp.c(20): warning C4244: '=': conversion from 'double' to 'real', possible loss of data
C:\Users\yosef\Documents\Visual Studio 2017\Projects\libstruct\dependencies\third-party\clapack\3.2.1\F2CLIBS\libf2c\c_exp.c(21): warning C4244: '=': conversion from 'double' to 'real', possible loss of data
  c_log.c
C:\Users\yosef\Documents\Visual Studio 2017\Projects\libstruct\dependencies\third-party\clapack\3.2.1\F2CLIBS\libf2c\c_log.c(18): warning C4244: '=': conversion from 'double' to 'real', possible loss of data
C:\Users\yosef\Documents\Visual Studio 2017\Projects\libstruct\dependencies\third-party\clapack\3.2.1\F2CLIBS\libf2c\c_log.c(19): warning C4244: '=': conversion from 'double' to 'real', possible loss of data
  c_sin.c
C:\Users\yosef\Documents\Visual Studio 2017\Projects\libstruct\dependencies\third-party\clapack\3.2.1\F2CLIBS\libf2c\c_sin.c(18): warning C4244: '=': conversion from 'double' to 'real', possible loss of data
C:\Users\yosef\Documents\Visual Studio 2017\Projects\libstruct\dependencies\third-party\clapack\3.2.1\F2CLIBS\libf2c\c_sin.c(19): warning C4244: '=': conversion from 'double' to 'real', possible loss of data
  c_sqrt.c
C:\Users\yosef\Documents\Visual Studio 2017\Projects\libstruct\dependencies\third-party\clapack\3.2.1\F2CLIBS\libf2c\c_sqrt.c(25): warning C4244: '=': conversion from 'double' to 'real', possible loss of data
C:\Users\yosef\Documents\Visual Studio 2017\Projects\libstruct\dependencies\third-party\clapack\3.2.1\F2CLIBS\libf2c\c_sqrt.c(27): warning C4244: '=': conversion from 'double' to 'real', possible loss of data
C:\Users\yosef\Documents\Visual Studio 2017\Projects\libstruct\dependencies\third-party\clapack\3.2.1\F2CLIBS\libf2c\c_sqrt.c(34): warning C4244: '=': conversion from 'double' to 'real', possible loss of data
C:\Users\yosef\Documents\Visual Studio 2017\Projects\libstruct\dependencies\third-party\clapack\3.2.1\F2CLIBS\libf2c\c_sqrt.c(36): warning C4244: '=': conversion from 'double' to 'real', possible loss of data
  z_abs.c
  z_cos.c
  z_div.c
  z_exp.c
  z_log.c
  Generating Code...
  Compiling...
  z_sin.c
  z_sqrt.c
  r_abs.c
  r_acos.c
  r_asin.c
  r_atan.c
  r_atn2.c
  r_cnjg.c
  r_cos.c
  r_cosh.c
  r_dim.c
  r_exp.c
  r_imag.c
  r_int.c
  r_lg10.c
  r_log.c
  r_mod.c
  r_nint.c
  r_sign.c
  r_sin.c
  Generating Code...
  Compiling...
  r_sinh.c
  r_sqrt.c
  r_tan.c
  r_tanh.c
  d_abs.c
  d_acos.c
  d_asin.c
  d_atan.c
  d_atn2.c
  d_cnjg.c
  d_cos.c
  d_cosh.c
  d_dim.c
  d_exp.c
  d_imag.c
  d_int.c
  d_lg10.c
  d_log.c
  d_mod.c
  d_nint.c
  Generating Code...
  Compiling...
  d_prod.c
  d_sign.c
  d_sin.c
  d_sinh.c
  d_sqrt.c
  d_tan.c
  d_tanh.c
  i_abs.c
  i_dim.c
  i_dnnt.c
  i_indx.c
  i_len.c
  i_len_trim.c
  i_mod.c
  i_nint.c
  i_sign.c
  lbitbits.c
C:\Users\yosef\Documents\Visual Studio 2017\Projects\libstruct\dependencies\third-party\clapack\3.2.1\F2CLIBS\libf2c\lbitbits.c(47): warning C4554: '>>': check operator precedence for possible error; use parentheses to clarify precedence
C:\Users\yosef\Documents\Visual Studio 2017\Projects\libstruct\dependencies\third-party\clapack\3.2.1\F2CLIBS\libf2c\lbitbits.c(51): warning C4554: '<<': check operator precedence for possible error; use parentheses to clarify precedence
C:\Users\yosef\Documents\Visual Studio 2017\Projects\libstruct\dependencies\third-party\clapack\3.2.1\F2CLIBS\libf2c\lbitbits.c(60): warning C4554: '>>': check operator precedence for possible error; use parentheses to clarify precedence
C:\Users\yosef\Documents\Visual Studio 2017\Projects\libstruct\dependencies\third-party\clapack\3.2.1\F2CLIBS\libf2c\lbitbits.c(64): warning C4554: '<<': check operator precedence for possible error; use parentheses to clarify precedence
  lbitshft.c
  i_ceiling.c
  h_abs.c
  Generating Code...
  Compiling...
  h_dim.c
  h_dnnt.c
  h_indx.c
  h_len.c
C:\Users\yosef\Documents\Visual Studio 2017\Projects\libstruct\dependencies\third-party\clapack\3.2.1\F2CLIBS\libf2c\h_len.c(12): warning C4244: 'return': conversion from 'ftnlen' to 'shortint', possible loss of data
  h_mod.c
  h_nint.c
  h_sign.c
  l_ge.c
  l_gt.c
  l_le.c
  l_lt.c
  hl_ge.c
  hl_gt.c
  hl_le.c
  hl_lt.c
  ef1asc_.c
  ef1cmc_.c
  f77_aloc.c
  s_cat.c
  s_cmp.c
  Generating Code...
  Compiling...
  s_copy.c
  backspac.c
  close.c
  dfe.c
  dolio.c
  due.c
  endfile.c
C:\Users\yosef\Documents\Visual Studio 2017\Projects\libstruct\dependencies\third-party\clapack\3.2.1\F2CLIBS\libf2c\endfile.c(45): warning C4996: 'sprintf': This function or variable may be unsafe. Consider using sprintf_s instead. To disable deprecation, use _CRT_SECURE_NO_WARNINGS. See online help for details.
  C:\Program Files (x86)\Windows Kits\10\Include\10.0.15063.0\ucrt\stdio.h(1772): note: see declaration of 'sprintf'
C:\Users\yosef\Documents\Visual Studio 2017\Projects\libstruct\dependencies\third-party\clapack\3.2.1\F2CLIBS\libf2c\endfile.c(46): warning C4996: 'fopen': This function or variable may be unsafe. Consider using fopen_s instead. To disable deprecation, use _CRT_SECURE_NO_WARNINGS. See online help for details.
  C:\Program Files (x86)\Windows Kits\10\Include\10.0.15063.0\ucrt\stdio.h(207): note: see declaration of 'fopen'
C:\Users\yosef\Documents\Visual Studio 2017\Projects\libstruct\dependencies\third-party\clapack\3.2.1\F2CLIBS\libf2c\endfile.c(104): warning C4996: 'fopen': This function or variable may be unsafe. Consider using fopen_s instead. To disable deprecation, use _CRT_SECURE_NO_WARNINGS. See online help for details.
  C:\Program Files (x86)\Windows Kits\10\Include\10.0.15063.0\ucrt\stdio.h(207): note: see declaration of 'fopen'
C:\Users\yosef\Documents\Visual Studio 2017\Projects\libstruct\dependencies\third-party\clapack\3.2.1\F2CLIBS\libf2c\endfile.c(110): warning C4996: 'fopen': This function or variable may be unsafe. Consider using fopen_s instead. To disable deprecation, use _CRT_SECURE_NO_WARNINGS. See online help for details.
  C:\Program Files (x86)\Windows Kits\10\Include\10.0.15063.0\ucrt\stdio.h(207): note: see declaration of 'fopen'
C:\Users\yosef\Documents\Visual Studio 2017\Projects\libstruct\dependencies\third-party\clapack\3.2.1\F2CLIBS\libf2c\endfile.c(111): warning C4996: 'tmpfile': This function or variable may be unsafe. Consider using tmpfile_s instead. To disable deprecation, use _CRT_SECURE_NO_WARNINGS. See online help for details.
  C:\Program Files (x86)\Windows Kits\10\Include\10.0.15063.0\ucrt\stdio.h(429): note: see declaration of 'tmpfile'
C:\Users\yosef\Documents\Visual Studio 2017\Projects\libstruct\dependencies\third-party\clapack\3.2.1\F2CLIBS\libf2c\endfile.c(123): warning C4996: 'freopen': This function or variable may be unsafe. Consider using freopen_s instead. To disable deprecation, use _CRT_SECURE_NO_WARNINGS. See online help for details.
  C:\Program Files (x86)\Windows Kits\10\Include\10.0.15063.0\ucrt\stdio.h(242): note: see declaration of 'freopen'
C:\Users\yosef\Documents\Visual Studio 2017\Projects\libstruct\dependencies\third-party\clapack\3.2.1\F2CLIBS\libf2c\endfile.c(133): warning C4996: 'fopen': This function or variable may be unsafe. Consider using fopen_s instead. To disable deprecation, use _CRT_SECURE_NO_WARNINGS. See online help for details.
  C:\Program Files (x86)\Windows Kits\10\Include\10.0.15063.0\ucrt\stdio.h(207): note: see declaration of 'fopen'
  err.c
C:\Users\yosef\Documents\Visual Studio 2017\Projects\libstruct\dependencies\third-party\clapack\3.2.1\F2CLIBS\libf2c\err.c(220): warning C4996: 'freopen': This function or variable may be unsafe. Consider using freopen_s instead. To disable deprecation, use _CRT_SECURE_NO_WARNINGS. See online help for details.
  C:\Program Files (x86)\Windows Kits\10\Include\10.0.15063.0\ucrt\stdio.h(242): note: see declaration of 'freopen'
C:\Users\yosef\Documents\Visual Studio 2017\Projects\libstruct\dependencies\third-party\clapack\3.2.1\F2CLIBS\libf2c\err.c(222): warning C4996: 'freopen': This function or variable may be unsafe. Consider using freopen_s instead. To disable deprecation, use _CRT_SECURE_NO_WARNINGS. See online help for details.
  C:\Program Files (x86)\Windows Kits\10\Include\10.0.15063.0\ucrt\stdio.h(242): note: see declaration of 'freopen'
C:\Users\yosef\Documents\Visual Studio 2017\Projects\libstruct\dependencies\third-party\clapack\3.2.1\F2CLIBS\libf2c\err.c(256): warning C4996: 'freopen': This function or variable may be unsafe. Consider using freopen_s instead. To disable deprecation, use _CRT_SECURE_NO_WARNINGS. See online help for details.
  C:\Program Files (x86)\Windows Kits\10\Include\10.0.15063.0\ucrt\stdio.h(242): note: see declaration of 'freopen'
C:\Users\yosef\Documents\Visual Studio 2017\Projects\libstruct\dependencies\third-party\clapack\3.2.1\F2CLIBS\libf2c\err.c(263): warning C4996: 'freopen': This function or variable may be unsafe. Consider using freopen_s instead. To disable deprecation, use _CRT_SECURE_NO_WARNINGS. See online help for details.
  C:\Program Files (x86)\Windows Kits\10\Include\10.0.15063.0\ucrt\stdio.h(242): note: see declaration of 'freopen'
  fmt.c
  fmtlib.c
C:\Users\yosef\Documents\Visual Studio 2017\Projects\libstruct\dependencies\third-party\clapack\3.2.1\F2CLIBS\libf2c\fmtlib.c(42): warning C4244: '=': conversion from 'unsigned long' to 'char', possible loss of data
  ftell_.c
  iio.c
  ilnw.c
  inquire.c
C:\Users\yosef\Documents\Visual Studio 2017\Projects\libstruct\dependencies\third-party\clapack\3.2.1\F2CLIBS\libf2c\inquire.c(73): warning C4244: '=': conversion from '__int64' to 'ftnint', possible loss of data
C:\Users\yosef\Documents\Visual Studio 2017\Projects\libstruct\dependencies\third-party\clapack\3.2.1\F2CLIBS\libf2c\inquire.c(35): warning C4996: 'access': The POSIX name for this item is deprecated. Instead, use the ISO C and C++ conformant name: _access. See online help for details.
  C:\Program Files (x86)\Windows Kits\10\Include\10.0.15063.0\ucrt\corecrt_io.h(441): note: see declaration of 'access'
  lread.c
C:\Users\yosef\Documents\Visual Studio 2017\Projects\libstruct\dependencies\third-party\clapack\3.2.1\F2CLIBS\libf2c\lread.c(79): warning C4273: 'ungetc': inconsistent dll linkage
  C:\Program Files (x86)\Windows Kits\10\Include\10.0.15063.0\ucrt\stdio.h(448): note: see previous definition of 'ungetc'
C:\Users\yosef\Documents\Visual Studio 2017\Projects\libstruct\dependencies\third-party\clapack\3.2.1\F2CLIBS\libf2c\lread.c(183): warning C4244: '+=': conversion from '__int64' to 'int', possible loss of data
C:\Users\yosef\Documents\Visual Studio 2017\Projects\libstruct\dependencies\third-party\clapack\3.2.1\F2CLIBS\libf2c\lread.c(220): warning C4996: 'sprintf': This function or variable may be unsafe. Consider using sprintf_s instead. To disable deprecation, use _CRT_SECURE_NO_WARNINGS. See online help for details.
  C:\Program Files (x86)\Windows Kits\10\Include\10.0.15063.0\ucrt\stdio.h(1772): note: see declaration of 'sprintf'
C:\Users\yosef\Documents\Visual Studio 2017\Projects\libstruct\dependencies\third-party\clapack\3.2.1\F2CLIBS\libf2c\lread.c(751): warning C4244: '=': conversion from 'double' to 'real', possible loss of data
C:\Users\yosef\Documents\Visual Studio 2017\Projects\libstruct\dependencies\third-party\clapack\3.2.1\F2CLIBS\libf2c\lread.c(758): warning C4244: '=': conversion from 'double' to 'real', possible loss of data
C:\Users\yosef\Documents\Visual Studio 2017\Projects\libstruct\dependencies\third-party\clapack\3.2.1\F2CLIBS\libf2c\lread.c(759): warning C4244: '=': conversion from 'double' to 'real', possible loss of data
  lwrite.c
C:\Users\yosef\Documents\Visual Studio 2017\Projects\libstruct\dependencies\third-party\clapack\3.2.1\F2CLIBS\libf2c\lwrite.c(172): warning C4244: 'return': conversion from '__int64' to 'int', possible loss of data
C:\Users\yosef\Documents\Visual Studio 2017\Projects\libstruct\dependencies\third-party\clapack\3.2.1\F2CLIBS\libf2c\lwrite.c(137): warning C4996: 'sprintf': This function or variable may be unsafe. Consider using sprintf_s instead. To disable deprecation, use _CRT_SECURE_NO_WARNINGS. See online help for details.
  C:\Program Files (x86)\Windows Kits\10\Include\10.0.15063.0\ucrt\stdio.h(1772): note: see declaration of 'sprintf'
  open.c
C:\Users\yosef\Documents\Visual Studio 2017\Projects\libstruct\dependencies\third-party\clapack\3.2.1\F2CLIBS\libf2c\open.c(192): warning C4996: 'sprintf': This function or variable may be unsafe. Consider using sprintf_s instead. To disable deprecation, use _CRT_SECURE_NO_WARNINGS. See online help for details.
  C:\Program Files (x86)\Windows Kits\10\Include\10.0.15063.0\ucrt\stdio.h(1772): note: see declaration of 'sprintf'
C:\Users\yosef\Documents\Visual Studio 2017\Projects\libstruct\dependencies\third-party\clapack\3.2.1\F2CLIBS\libf2c\open.c(207): warning C4996: 'access': The POSIX name for this item is deprecated. Instead, use the ISO C and C++ conformant name: _access. See online help for details.
  C:\Program Files (x86)\Windows Kits\10\Include\10.0.15063.0\ucrt\corecrt_io.h(441): note: see declaration of 'access'
C:\Users\yosef\Documents\Visual Studio 2017\Projects\libstruct\dependencies\third-party\clapack\3.2.1\F2CLIBS\libf2c\open.c(219): warning C4996: 'tmpfile': This function or variable may be unsafe. Consider using tmpfile_s instead. To disable deprecation, use _CRT_SECURE_NO_WARNINGS. See online help for details.
  C:\Program Files (x86)\Windows Kits\10\Include\10.0.15063.0\ucrt\stdio.h(429): note: see declaration of 'tmpfile'
C:\Users\yosef\Documents\Visual Studio 2017\Projects\libstruct\dependencies\third-party\clapack\3.2.1\F2CLIBS\libf2c\open.c(237): warning C4996: 'access': The POSIX name for this item is deprecated. Instead, use the ISO C and C++ conformant name: _access. See online help for details.
  C:\Program Files (x86)\Windows Kits\10\Include\10.0.15063.0\ucrt\corecrt_io.h(441): note: see declaration of 'access'
C:\Users\yosef\Documents\Visual Studio 2017\Projects\libstruct\dependencies\third-party\clapack\3.2.1\F2CLIBS\libf2c\open.c(246): warning C4996: 'fopen': This function or variable may be unsafe. Consider using fopen_s instead. To disable deprecation, use _CRT_SECURE_NO_WARNINGS. See online help for details.
  C:\Program Files (x86)\Windows Kits\10\Include\10.0.15063.0\ucrt\stdio.h(207): note: see declaration of 'fopen'
C:\Users\yosef\Documents\Visual Studio 2017\Projects\libstruct\dependencies\third-party\clapack\3.2.1\F2CLIBS\libf2c\open.c(252): warning C4996: 'strcpy': This function or variable may be unsafe. Consider using strcpy_s instead. To disable deprecation, use _CRT_SECURE_NO_WARNINGS. See online help for details.
  C:\Program Files (x86)\Windows Kits\10\Include\10.0.15063.0\ucrt\string.h(136): note: see declaration of 'strcpy'
C:\Users\yosef\Documents\Visual Studio 2017\Projects\libstruct\dependencies\third-party\clapack\3.2.1\F2CLIBS\libf2c\open.c(255): warning C4996: 'fopen': This function or variable may be unsafe. Consider using fopen_s instead. To disable deprecation, use _CRT_SECURE_NO_WARNINGS. See online help for details.
  C:\Program Files (x86)\Windows Kits\10\Include\10.0.15063.0\ucrt\stdio.h(207): note: see declaration of 'fopen'
C:\Users\yosef\Documents\Visual Studio 2017\Projects\libstruct\dependencies\third-party\clapack\3.2.1\F2CLIBS\libf2c\open.c(256): warning C4996: 'fopen': This function or variable may be unsafe. Consider using fopen_s instead. To disable deprecation, use _CRT_SECURE_NO_WARNINGS. See online help for details.
  C:\Program Files (x86)\Windows Kits\10\Include\10.0.15063.0\ucrt\stdio.h(207): note: see declaration of 'fopen'
C:\Users\yosef\Documents\Visual Studio 2017\Projects\libstruct\dependencies\third-party\clapack\3.2.1\F2CLIBS\libf2c\open.c(258): warning C4996: 'fopen': This function or variable may be unsafe. Consider using fopen_s instead. To disable deprecation, use _CRT_SECURE_NO_WARNINGS. See online help for details.
  C:\Program Files (x86)\Windows Kits\10\Include\10.0.15063.0\ucrt\stdio.h(207): note: see declaration of 'fopen'
C:\Users\yosef\Documents\Visual Studio 2017\Projects\libstruct\dependencies\third-party\clapack\3.2.1\F2CLIBS\libf2c\open.c(291): warning C4267: '=': conversion from 'size_t' to 'ftnlen', possible loss of data
C:\Users\yosef\Documents\Visual Studio 2017\Projects\libstruct\dependencies\third-party\clapack\3.2.1\F2CLIBS\libf2c\open.c(287): warning C4996: 'sprintf': This function or variable may be unsafe. Consider using sprintf_s instead. To disable deprecation, use _CRT_SECURE_NO_WARNINGS. See online help for details.
  C:\Program Files (x86)\Windows Kits\10\Include\10.0.15063.0\ucrt\stdio.h(1772): note: see declaration of 'sprintf'
  rdfmt.c
C:\Users\yosef\Documents\Visual Studio 2017\Projects\libstruct\dependencies\third-party\clapack\3.2.1\F2CLIBS\libf2c\rdfmt.c(70): warning C4244: '=': conversion from '__int64' to 'int', possible loss of data
C:\Users\yosef\Documents\Visual Studio 2017\Projects\libstruct\dependencies\third-party\clapack\3.2.1\F2CLIBS\libf2c\rdfmt.c(71): warning C4554: '>>': check operator precedence for possible error; use parentheses to clarify precedence
C:\Users\yosef\Documents\Visual Studio 2017\Projects\libstruct\dependencies\third-party\clapack\3.2.1\F2CLIBS\libf2c\rdfmt.c(93): warning C4554: '<<': check operator precedence for possible error; use parentheses to clarify precedence
C:\Users\yosef\Documents\Visual Studio 2017\Projects\libstruct\dependencies\third-party\clapack\3.2.1\F2CLIBS\libf2c\rdfmt.c(389): warning C4244: '=': conversion from 'double' to 'real', possible loss of data
C:\Users\yosef\Documents\Visual Studio 2017\Projects\libstruct\dependencies\third-party\clapack\3.2.1\F2CLIBS\libf2c\rdfmt.c(382): warning C4996: 'sprintf': This function or variable may be unsafe. Consider using sprintf_s instead. To disable deprecation, use _CRT_SECURE_NO_WARNINGS. See online help for details.
  C:\Program Files (x86)\Windows Kits\10\Include\10.0.15063.0\ucrt\stdio.h(1772): note: see declaration of 'sprintf'
  rewind.c
  rsfe.c
  Generating Code...
  Compiling...
  rsli.c
  rsne.c
C:\Users\yosef\Documents\Visual Studio 2017\Projects\libstruct\dependencies\third-party\clapack\3.2.1\F2CLIBS\libf2c\rsne.c(71): warning C4273: 'ungetc': inconsistent dll linkage
  C:\Program Files (x86)\Windows Kits\10\Include\10.0.15063.0\ucrt\stdio.h(448): note: see previous definition of 'ungetc'
  sfe.c
  sue.c
  typesize.c
  uio.c
  util.c
  wref.c
C:\Users\yosef\Documents\Visual Studio 2017\Projects\libstruct\dependencies\third-party\clapack\3.2.1\F2CLIBS\libf2c\wref.c(99): warning C4267: '=': conversion from 'size_t' to 'int', possible loss of data
C:\Users\yosef\Documents\Visual Studio 2017\Projects\libstruct\dependencies\third-party\clapack\3.2.1\F2CLIBS\libf2c\wref.c(90): warning C4996: 'sprintf': This function or variable may be unsafe. Consider using sprintf_s instead. To disable deprecation, use _CRT_SECURE_NO_WARNINGS. See online help for details.
  C:\Program Files (x86)\Windows Kits\10\Include\10.0.15063.0\ucrt\stdio.h(1772): note: see declaration of 'sprintf'
C:\Users\yosef\Documents\Visual Studio 2017\Projects\libstruct\dependencies\third-party\clapack\3.2.1\F2CLIBS\libf2c\wref.c(117): warning C4996: 'sprintf': This function or variable may be unsafe. Consider using sprintf_s instead. To disable deprecation, use _CRT_SECURE_NO_WARNINGS. See online help for details.
  C:\Program Files (x86)\Windows Kits\10\Include\10.0.15063.0\ucrt\stdio.h(1772): note: see declaration of 'sprintf'
C:\Users\yosef\Documents\Visual Studio 2017\Projects\libstruct\dependencies\third-party\clapack\3.2.1\F2CLIBS\libf2c\wref.c(119): warning C4996: 'strcpy': This function or variable may be unsafe. Consider using strcpy_s instead. To disable deprecation, use _CRT_SECURE_NO_WARNINGS. See online help for details.
  C:\Program Files (x86)\Windows Kits\10\Include\10.0.15063.0\ucrt\string.h(136): note: see declaration of 'strcpy'
C:\Users\yosef\Documents\Visual Studio 2017\Projects\libstruct\dependencies\third-party\clapack\3.2.1\F2CLIBS\libf2c\wref.c(246): warning C4996: 'sprintf': This function or variable may be unsafe. Consider using sprintf_s instead. To disable deprecation, use _CRT_SECURE_NO_WARNINGS. See online help for details.
  C:\Program Files (x86)\Windows Kits\10\Include\10.0.15063.0\ucrt\stdio.h(1772): note: see declaration of 'sprintf'
  wrtfmt.c
C:\Users\yosef\Documents\Visual Studio 2017\Projects\libstruct\dependencies\third-party\clapack\3.2.1\F2CLIBS\libf2c\wrtfmt.c(96): warning C4244: '=': conversion from '__int64' to 'int', possible loss of data
  wsfe.c
  wsle.c
  wsne.c
  xwsne.c
  dtime_.c
C:\Users\yosef\Documents\Visual Studio 2017\Projects\libstruct\dependencies\third-party\clapack\3.2.1\F2CLIBS\libf2c\dtime_.c(47): warning C4244: '=': conversion from 'double' to 'float', possible loss of data
  etime_.c
C:\Users\yosef\Documents\Visual Studio 2017\Projects\libstruct\dependencies\third-party\clapack\3.2.1\F2CLIBS\libf2c\etime_.c(46): warning C4244: '=': conversion from 'double' to 'float', possible loss of data
  Generating Code...
  f2c.vcxproj -> C:\Users\yosef\Documents\Visual Studio 2017\Projects\libstruct\build_x64\F2CLIBS\libf2c\Debug\libf2c.lib
