c:\users\yosef\documents\visual studio 2017\projects\libstruct\build_x64\f2clibs\libf2c\f2c.dir\debug\f2c.pdb
c:\users\yosef\documents\visual studio 2017\projects\libstruct\build_x64\f2clibs\libf2c\f2c.dir\debug\sig_die.obj
c:\users\yosef\documents\visual studio 2017\projects\libstruct\build_x64\f2clibs\libf2c\f2c.dir\debug\erfc_.obj
c:\users\yosef\documents\visual studio 2017\projects\libstruct\build_x64\f2clibs\libf2c\f2c.dir\debug\erf_.obj
c:\users\yosef\documents\visual studio 2017\projects\libstruct\build_x64\f2clibs\libf2c\f2c.dir\debug\derfc_.obj
c:\users\yosef\documents\visual studio 2017\projects\libstruct\build_x64\f2clibs\libf2c\f2c.dir\debug\derf_.obj
c:\users\yosef\documents\visual studio 2017\projects\libstruct\build_x64\f2clibs\libf2c\f2c.dir\debug\ctype.obj
c:\users\yosef\documents\visual studio 2017\projects\libstruct\build_x64\f2clibs\libf2c\f2c.dir\debug\cabs.obj
c:\users\yosef\documents\visual studio 2017\projects\libstruct\build_x64\f2clibs\libf2c\f2c.dir\debug\system_.obj
c:\users\yosef\documents\visual studio 2017\projects\libstruct\build_x64\f2clibs\libf2c\f2c.dir\debug\s_paus.obj
c:\users\yosef\documents\visual studio 2017\projects\libstruct\build_x64\f2clibs\libf2c\f2c.dir\debug\s_stop.obj
c:\users\yosef\documents\visual studio 2017\projects\libstruct\build_x64\f2clibs\libf2c\f2c.dir\debug\signal_.obj
c:\users\yosef\documents\visual studio 2017\projects\libstruct\build_x64\f2clibs\libf2c\f2c.dir\debug\getenv_.obj
c:\users\yosef\documents\visual studio 2017\projects\libstruct\build_x64\f2clibs\libf2c\f2c.dir\debug\iargc_.obj
c:\users\yosef\documents\visual studio 2017\projects\libstruct\build_x64\f2clibs\libf2c\f2c.dir\debug\getarg_.obj
c:\users\yosef\documents\visual studio 2017\projects\libstruct\build_x64\f2clibs\libf2c\f2c.dir\debug\exit_.obj
c:\users\yosef\documents\visual studio 2017\projects\libstruct\build_x64\f2clibs\libf2c\f2c.dir\debug\abort_.obj
c:\users\yosef\documents\visual studio 2017\projects\libstruct\build_x64\f2clibs\libf2c\f2c.dir\debug\s_rnge.obj
c:\users\yosef\documents\visual studio 2017\projects\libstruct\build_x64\f2clibs\libf2c\f2c.dir\debug\main.obj
c:\users\yosef\documents\visual studio 2017\projects\libstruct\build_x64\f2clibs\libf2c\f2c.dir\debug\i77vers.obj
c:\users\yosef\documents\visual studio 2017\projects\libstruct\build_x64\f2clibs\libf2c\f2c.dir\debug\f77vers.obj
c:\users\yosef\documents\visual studio 2017\projects\libstruct\build_x64\f2clibs\libf2c\f2c.dir\debug\z_log.obj
c:\users\yosef\documents\visual studio 2017\projects\libstruct\build_x64\f2clibs\libf2c\f2c.dir\debug\z_exp.obj
c:\users\yosef\documents\visual studio 2017\projects\libstruct\build_x64\f2clibs\libf2c\f2c.dir\debug\z_div.obj
c:\users\yosef\documents\visual studio 2017\projects\libstruct\build_x64\f2clibs\libf2c\f2c.dir\debug\z_cos.obj
c:\users\yosef\documents\visual studio 2017\projects\libstruct\build_x64\f2clibs\libf2c\f2c.dir\debug\z_abs.obj
c:\users\yosef\documents\visual studio 2017\projects\libstruct\build_x64\f2clibs\libf2c\f2c.dir\debug\c_sqrt.obj
c:\users\yosef\documents\visual studio 2017\projects\libstruct\build_x64\f2clibs\libf2c\f2c.dir\debug\c_sin.obj
c:\users\yosef\documents\visual studio 2017\projects\libstruct\build_x64\f2clibs\libf2c\f2c.dir\debug\c_log.obj
c:\users\yosef\documents\visual studio 2017\projects\libstruct\build_x64\f2clibs\libf2c\f2c.dir\debug\c_exp.obj
c:\users\yosef\documents\visual studio 2017\projects\libstruct\build_x64\f2clibs\libf2c\f2c.dir\debug\c_div.obj
c:\users\yosef\documents\visual studio 2017\projects\libstruct\build_x64\f2clibs\libf2c\f2c.dir\debug\c_cos.obj
c:\users\yosef\documents\visual studio 2017\projects\libstruct\build_x64\f2clibs\libf2c\f2c.dir\debug\c_abs.obj
c:\users\yosef\documents\visual studio 2017\projects\libstruct\build_x64\f2clibs\libf2c\f2c.dir\debug\pow_zz.obj
c:\users\yosef\documents\visual studio 2017\projects\libstruct\build_x64\f2clibs\libf2c\f2c.dir\debug\pow_zi.obj
c:\users\yosef\documents\visual studio 2017\projects\libstruct\build_x64\f2clibs\libf2c\f2c.dir\debug\pow_ri.obj
c:\users\yosef\documents\visual studio 2017\projects\libstruct\build_x64\f2clibs\libf2c\f2c.dir\debug\pow_ii.obj
c:\users\yosef\documents\visual studio 2017\projects\libstruct\build_x64\f2clibs\libf2c\f2c.dir\debug\pow_hh.obj
c:\users\yosef\documents\visual studio 2017\projects\libstruct\build_x64\f2clibs\libf2c\f2c.dir\debug\pow_di.obj
c:\users\yosef\documents\visual studio 2017\projects\libstruct\build_x64\f2clibs\libf2c\f2c.dir\debug\pow_dd.obj
c:\users\yosef\documents\visual studio 2017\projects\libstruct\build_x64\f2clibs\libf2c\f2c.dir\debug\pow_ci.obj
c:\users\yosef\documents\visual studio 2017\projects\libstruct\build_x64\f2clibs\libf2c\f2c.dir\debug\r_sin.obj
c:\users\yosef\documents\visual studio 2017\projects\libstruct\build_x64\f2clibs\libf2c\f2c.dir\debug\r_sign.obj
c:\users\yosef\documents\visual studio 2017\projects\libstruct\build_x64\f2clibs\libf2c\f2c.dir\debug\r_nint.obj
c:\users\yosef\documents\visual studio 2017\projects\libstruct\build_x64\f2clibs\libf2c\f2c.dir\debug\r_mod.obj
c:\users\yosef\documents\visual studio 2017\projects\libstruct\build_x64\f2clibs\libf2c\f2c.dir\debug\r_log.obj
c:\users\yosef\documents\visual studio 2017\projects\libstruct\build_x64\f2clibs\libf2c\f2c.dir\debug\r_lg10.obj
c:\users\yosef\documents\visual studio 2017\projects\libstruct\build_x64\f2clibs\libf2c\f2c.dir\debug\r_int.obj
c:\users\yosef\documents\visual studio 2017\projects\libstruct\build_x64\f2clibs\libf2c\f2c.dir\debug\r_imag.obj
c:\users\yosef\documents\visual studio 2017\projects\libstruct\build_x64\f2clibs\libf2c\f2c.dir\debug\r_exp.obj
c:\users\yosef\documents\visual studio 2017\projects\libstruct\build_x64\f2clibs\libf2c\f2c.dir\debug\r_dim.obj
c:\users\yosef\documents\visual studio 2017\projects\libstruct\build_x64\f2clibs\libf2c\f2c.dir\debug\r_cosh.obj
c:\users\yosef\documents\visual studio 2017\projects\libstruct\build_x64\f2clibs\libf2c\f2c.dir\debug\r_cos.obj
c:\users\yosef\documents\visual studio 2017\projects\libstruct\build_x64\f2clibs\libf2c\f2c.dir\debug\r_cnjg.obj
c:\users\yosef\documents\visual studio 2017\projects\libstruct\build_x64\f2clibs\libf2c\f2c.dir\debug\r_atn2.obj
c:\users\yosef\documents\visual studio 2017\projects\libstruct\build_x64\f2clibs\libf2c\f2c.dir\debug\r_atan.obj
c:\users\yosef\documents\visual studio 2017\projects\libstruct\build_x64\f2clibs\libf2c\f2c.dir\debug\r_asin.obj
c:\users\yosef\documents\visual studio 2017\projects\libstruct\build_x64\f2clibs\libf2c\f2c.dir\debug\r_acos.obj
c:\users\yosef\documents\visual studio 2017\projects\libstruct\build_x64\f2clibs\libf2c\f2c.dir\debug\r_abs.obj
c:\users\yosef\documents\visual studio 2017\projects\libstruct\build_x64\f2clibs\libf2c\f2c.dir\debug\z_sqrt.obj
c:\users\yosef\documents\visual studio 2017\projects\libstruct\build_x64\f2clibs\libf2c\f2c.dir\debug\z_sin.obj
c:\users\yosef\documents\visual studio 2017\projects\libstruct\build_x64\f2clibs\libf2c\f2c.dir\debug\d_nint.obj
c:\users\yosef\documents\visual studio 2017\projects\libstruct\build_x64\f2clibs\libf2c\f2c.dir\debug\d_mod.obj
c:\users\yosef\documents\visual studio 2017\projects\libstruct\build_x64\f2clibs\libf2c\f2c.dir\debug\d_log.obj
c:\users\yosef\documents\visual studio 2017\projects\libstruct\build_x64\f2clibs\libf2c\f2c.dir\debug\d_lg10.obj
c:\users\yosef\documents\visual studio 2017\projects\libstruct\build_x64\f2clibs\libf2c\f2c.dir\debug\d_int.obj
c:\users\yosef\documents\visual studio 2017\projects\libstruct\build_x64\f2clibs\libf2c\f2c.dir\debug\d_imag.obj
c:\users\yosef\documents\visual studio 2017\projects\libstruct\build_x64\f2clibs\libf2c\f2c.dir\debug\d_exp.obj
c:\users\yosef\documents\visual studio 2017\projects\libstruct\build_x64\f2clibs\libf2c\f2c.dir\debug\d_dim.obj
c:\users\yosef\documents\visual studio 2017\projects\libstruct\build_x64\f2clibs\libf2c\f2c.dir\debug\d_cosh.obj
c:\users\yosef\documents\visual studio 2017\projects\libstruct\build_x64\f2clibs\libf2c\f2c.dir\debug\d_cos.obj
c:\users\yosef\documents\visual studio 2017\projects\libstruct\build_x64\f2clibs\libf2c\f2c.dir\debug\d_cnjg.obj
c:\users\yosef\documents\visual studio 2017\projects\libstruct\build_x64\f2clibs\libf2c\f2c.dir\debug\d_atn2.obj
c:\users\yosef\documents\visual studio 2017\projects\libstruct\build_x64\f2clibs\libf2c\f2c.dir\debug\d_atan.obj
c:\users\yosef\documents\visual studio 2017\projects\libstruct\build_x64\f2clibs\libf2c\f2c.dir\debug\d_asin.obj
c:\users\yosef\documents\visual studio 2017\projects\libstruct\build_x64\f2clibs\libf2c\f2c.dir\debug\d_acos.obj
c:\users\yosef\documents\visual studio 2017\projects\libstruct\build_x64\f2clibs\libf2c\f2c.dir\debug\d_abs.obj
c:\users\yosef\documents\visual studio 2017\projects\libstruct\build_x64\f2clibs\libf2c\f2c.dir\debug\r_tanh.obj
c:\users\yosef\documents\visual studio 2017\projects\libstruct\build_x64\f2clibs\libf2c\f2c.dir\debug\r_tan.obj
c:\users\yosef\documents\visual studio 2017\projects\libstruct\build_x64\f2clibs\libf2c\f2c.dir\debug\r_sqrt.obj
c:\users\yosef\documents\visual studio 2017\projects\libstruct\build_x64\f2clibs\libf2c\f2c.dir\debug\r_sinh.obj
c:\users\yosef\documents\visual studio 2017\projects\libstruct\build_x64\f2clibs\libf2c\f2c.dir\debug\h_abs.obj
c:\users\yosef\documents\visual studio 2017\projects\libstruct\build_x64\f2clibs\libf2c\f2c.dir\debug\i_ceiling.obj
c:\users\yosef\documents\visual studio 2017\projects\libstruct\build_x64\f2clibs\libf2c\f2c.dir\debug\lbitshft.obj
c:\users\yosef\documents\visual studio 2017\projects\libstruct\build_x64\f2clibs\libf2c\f2c.dir\debug\lbitbits.obj
c:\users\yosef\documents\visual studio 2017\projects\libstruct\build_x64\f2clibs\libf2c\f2c.dir\debug\i_sign.obj
c:\users\yosef\documents\visual studio 2017\projects\libstruct\build_x64\f2clibs\libf2c\f2c.dir\debug\i_nint.obj
c:\users\yosef\documents\visual studio 2017\projects\libstruct\build_x64\f2clibs\libf2c\f2c.dir\debug\i_mod.obj
c:\users\yosef\documents\visual studio 2017\projects\libstruct\build_x64\f2clibs\libf2c\f2c.dir\debug\i_len_trim.obj
c:\users\yosef\documents\visual studio 2017\projects\libstruct\build_x64\f2clibs\libf2c\f2c.dir\debug\i_len.obj
c:\users\yosef\documents\visual studio 2017\projects\libstruct\build_x64\f2clibs\libf2c\f2c.dir\debug\i_indx.obj
c:\users\yosef\documents\visual studio 2017\projects\libstruct\build_x64\f2clibs\libf2c\f2c.dir\debug\i_dnnt.obj
c:\users\yosef\documents\visual studio 2017\projects\libstruct\build_x64\f2clibs\libf2c\f2c.dir\debug\i_dim.obj
c:\users\yosef\documents\visual studio 2017\projects\libstruct\build_x64\f2clibs\libf2c\f2c.dir\debug\i_abs.obj
c:\users\yosef\documents\visual studio 2017\projects\libstruct\build_x64\f2clibs\libf2c\f2c.dir\debug\d_tanh.obj
c:\users\yosef\documents\visual studio 2017\projects\libstruct\build_x64\f2clibs\libf2c\f2c.dir\debug\d_tan.obj
c:\users\yosef\documents\visual studio 2017\projects\libstruct\build_x64\f2clibs\libf2c\f2c.dir\debug\d_sqrt.obj
c:\users\yosef\documents\visual studio 2017\projects\libstruct\build_x64\f2clibs\libf2c\f2c.dir\debug\d_sinh.obj
c:\users\yosef\documents\visual studio 2017\projects\libstruct\build_x64\f2clibs\libf2c\f2c.dir\debug\d_sin.obj
c:\users\yosef\documents\visual studio 2017\projects\libstruct\build_x64\f2clibs\libf2c\f2c.dir\debug\d_sign.obj
c:\users\yosef\documents\visual studio 2017\projects\libstruct\build_x64\f2clibs\libf2c\f2c.dir\debug\d_prod.obj
c:\users\yosef\documents\visual studio 2017\projects\libstruct\build_x64\f2clibs\libf2c\f2c.dir\debug\s_cmp.obj
c:\users\yosef\documents\visual studio 2017\projects\libstruct\build_x64\f2clibs\libf2c\f2c.dir\debug\s_cat.obj
c:\users\yosef\documents\visual studio 2017\projects\libstruct\build_x64\f2clibs\libf2c\f2c.dir\debug\f77_aloc.obj
c:\users\yosef\documents\visual studio 2017\projects\libstruct\build_x64\f2clibs\libf2c\f2c.dir\debug\ef1cmc_.obj
c:\users\yosef\documents\visual studio 2017\projects\libstruct\build_x64\f2clibs\libf2c\f2c.dir\debug\ef1asc_.obj
c:\users\yosef\documents\visual studio 2017\projects\libstruct\build_x64\f2clibs\libf2c\f2c.dir\debug\hl_lt.obj
c:\users\yosef\documents\visual studio 2017\projects\libstruct\build_x64\f2clibs\libf2c\f2c.dir\debug\hl_le.obj
c:\users\yosef\documents\visual studio 2017\projects\libstruct\build_x64\f2clibs\libf2c\f2c.dir\debug\hl_gt.obj
c:\users\yosef\documents\visual studio 2017\projects\libstruct\build_x64\f2clibs\libf2c\f2c.dir\debug\hl_ge.obj
c:\users\yosef\documents\visual studio 2017\projects\libstruct\build_x64\f2clibs\libf2c\f2c.dir\debug\l_lt.obj
c:\users\yosef\documents\visual studio 2017\projects\libstruct\build_x64\f2clibs\libf2c\f2c.dir\debug\l_le.obj
c:\users\yosef\documents\visual studio 2017\projects\libstruct\build_x64\f2clibs\libf2c\f2c.dir\debug\l_gt.obj
c:\users\yosef\documents\visual studio 2017\projects\libstruct\build_x64\f2clibs\libf2c\f2c.dir\debug\l_ge.obj
c:\users\yosef\documents\visual studio 2017\projects\libstruct\build_x64\f2clibs\libf2c\f2c.dir\debug\h_sign.obj
c:\users\yosef\documents\visual studio 2017\projects\libstruct\build_x64\f2clibs\libf2c\f2c.dir\debug\h_nint.obj
c:\users\yosef\documents\visual studio 2017\projects\libstruct\build_x64\f2clibs\libf2c\f2c.dir\debug\h_mod.obj
c:\users\yosef\documents\visual studio 2017\projects\libstruct\build_x64\f2clibs\libf2c\f2c.dir\debug\h_len.obj
c:\users\yosef\documents\visual studio 2017\projects\libstruct\build_x64\f2clibs\libf2c\f2c.dir\debug\h_indx.obj
c:\users\yosef\documents\visual studio 2017\projects\libstruct\build_x64\f2clibs\libf2c\f2c.dir\debug\h_dnnt.obj
c:\users\yosef\documents\visual studio 2017\projects\libstruct\build_x64\f2clibs\libf2c\f2c.dir\debug\h_dim.obj
c:\users\yosef\documents\visual studio 2017\projects\libstruct\build_x64\f2clibs\libf2c\f2c.dir\debug\rsfe.obj
c:\users\yosef\documents\visual studio 2017\projects\libstruct\build_x64\f2clibs\libf2c\f2c.dir\debug\rewind.obj
c:\users\yosef\documents\visual studio 2017\projects\libstruct\build_x64\f2clibs\libf2c\f2c.dir\debug\rdfmt.obj
c:\users\yosef\documents\visual studio 2017\projects\libstruct\build_x64\f2clibs\libf2c\f2c.dir\debug\open.obj
c:\users\yosef\documents\visual studio 2017\projects\libstruct\build_x64\f2clibs\libf2c\f2c.dir\debug\lwrite.obj
c:\users\yosef\documents\visual studio 2017\projects\libstruct\build_x64\f2clibs\libf2c\f2c.dir\debug\lread.obj
c:\users\yosef\documents\visual studio 2017\projects\libstruct\build_x64\f2clibs\libf2c\f2c.dir\debug\inquire.obj
c:\users\yosef\documents\visual studio 2017\projects\libstruct\build_x64\f2clibs\libf2c\f2c.dir\debug\ilnw.obj
c:\users\yosef\documents\visual studio 2017\projects\libstruct\build_x64\f2clibs\libf2c\f2c.dir\debug\iio.obj
c:\users\yosef\documents\visual studio 2017\projects\libstruct\build_x64\f2clibs\libf2c\f2c.dir\debug\ftell_.obj
c:\users\yosef\documents\visual studio 2017\projects\libstruct\build_x64\f2clibs\libf2c\f2c.dir\debug\fmtlib.obj
c:\users\yosef\documents\visual studio 2017\projects\libstruct\build_x64\f2clibs\libf2c\f2c.dir\debug\fmt.obj
c:\users\yosef\documents\visual studio 2017\projects\libstruct\build_x64\f2clibs\libf2c\f2c.dir\debug\err.obj
c:\users\yosef\documents\visual studio 2017\projects\libstruct\build_x64\f2clibs\libf2c\f2c.dir\debug\endfile.obj
c:\users\yosef\documents\visual studio 2017\projects\libstruct\build_x64\f2clibs\libf2c\f2c.dir\debug\due.obj
c:\users\yosef\documents\visual studio 2017\projects\libstruct\build_x64\f2clibs\libf2c\f2c.dir\debug\dolio.obj
c:\users\yosef\documents\visual studio 2017\projects\libstruct\build_x64\f2clibs\libf2c\f2c.dir\debug\dfe.obj
c:\users\yosef\documents\visual studio 2017\projects\libstruct\build_x64\f2clibs\libf2c\f2c.dir\debug\close.obj
c:\users\yosef\documents\visual studio 2017\projects\libstruct\build_x64\f2clibs\libf2c\f2c.dir\debug\backspac.obj
c:\users\yosef\documents\visual studio 2017\projects\libstruct\build_x64\f2clibs\libf2c\f2c.dir\debug\s_copy.obj
c:\users\yosef\documents\visual studio 2017\projects\libstruct\build_x64\f2clibs\libf2c\f2c.dir\debug\etime_.obj
c:\users\yosef\documents\visual studio 2017\projects\libstruct\build_x64\f2clibs\libf2c\f2c.dir\debug\dtime_.obj
c:\users\yosef\documents\visual studio 2017\projects\libstruct\build_x64\f2clibs\libf2c\f2c.dir\debug\xwsne.obj
c:\users\yosef\documents\visual studio 2017\projects\libstruct\build_x64\f2clibs\libf2c\f2c.dir\debug\wsne.obj
c:\users\yosef\documents\visual studio 2017\projects\libstruct\build_x64\f2clibs\libf2c\f2c.dir\debug\wsle.obj
c:\users\yosef\documents\visual studio 2017\projects\libstruct\build_x64\f2clibs\libf2c\f2c.dir\debug\wsfe.obj
c:\users\yosef\documents\visual studio 2017\projects\libstruct\build_x64\f2clibs\libf2c\f2c.dir\debug\wrtfmt.obj
c:\users\yosef\documents\visual studio 2017\projects\libstruct\build_x64\f2clibs\libf2c\f2c.dir\debug\wref.obj
c:\users\yosef\documents\visual studio 2017\projects\libstruct\build_x64\f2clibs\libf2c\f2c.dir\debug\util.obj
c:\users\yosef\documents\visual studio 2017\projects\libstruct\build_x64\f2clibs\libf2c\f2c.dir\debug\uio.obj
c:\users\yosef\documents\visual studio 2017\projects\libstruct\build_x64\f2clibs\libf2c\f2c.dir\debug\typesize.obj
c:\users\yosef\documents\visual studio 2017\projects\libstruct\build_x64\f2clibs\libf2c\f2c.dir\debug\sue.obj
c:\users\yosef\documents\visual studio 2017\projects\libstruct\build_x64\f2clibs\libf2c\f2c.dir\debug\sfe.obj
c:\users\yosef\documents\visual studio 2017\projects\libstruct\build_x64\f2clibs\libf2c\f2c.dir\debug\rsne.obj
c:\users\yosef\documents\visual studio 2017\projects\libstruct\build_x64\f2clibs\libf2c\f2c.dir\debug\rsli.obj
c:\users\yosef\documents\visual studio 2017\projects\libstruct\build_x64\f2clibs\libf2c\cmakefiles\generate.stamp
c:\users\yosef\documents\visual studio 2017\projects\libstruct\build_x64\f2clibs\libf2c\arith.h
c:\users\yosef\documents\visual studio 2017\projects\libstruct\build_x64\f2clibs\libf2c\debug\libf2c.lib
c:\users\yosef\documents\visual studio 2017\projects\libstruct\build_x64\f2clibs\libf2c\f2c.dir\debug\f2c.tlog\cl.command.1.tlog
c:\users\yosef\documents\visual studio 2017\projects\libstruct\build_x64\f2clibs\libf2c\f2c.dir\debug\f2c.tlog\cl.read.1.tlog
c:\users\yosef\documents\visual studio 2017\projects\libstruct\build_x64\f2clibs\libf2c\f2c.dir\debug\f2c.tlog\cl.write.1.tlog
c:\users\yosef\documents\visual studio 2017\projects\libstruct\build_x64\f2clibs\libf2c\f2c.dir\debug\f2c.tlog\custombuild.command.1.tlog
c:\users\yosef\documents\visual studio 2017\projects\libstruct\build_x64\f2clibs\libf2c\f2c.dir\debug\f2c.tlog\custombuild.read.1.tlog
c:\users\yosef\documents\visual studio 2017\projects\libstruct\build_x64\f2clibs\libf2c\f2c.dir\debug\f2c.tlog\custombuild.write.1.tlog
c:\users\yosef\documents\visual studio 2017\projects\libstruct\build_x64\f2clibs\libf2c\f2c.dir\debug\f2c.tlog\lib-link.read.1.tlog
c:\users\yosef\documents\visual studio 2017\projects\libstruct\build_x64\f2clibs\libf2c\f2c.dir\debug\f2c.tlog\lib-link.write.1.tlog
c:\users\yosef\documents\visual studio 2017\projects\libstruct\build_x64\f2clibs\libf2c\f2c.dir\debug\f2c.tlog\lib.command.1.tlog
