  CMake Error at LibStructural/cmake_install.cmake:44 (file):
    file INSTALL cannot find "C:/Users/yosef/Documents/Visual Studio
    2017/Projects/libstruct/build_x64/LibStructural/Debug/LibStructural.dll".
  Call Stack (most recent call first):
    cmake_install.cmake:66 (include)
  
  
  -- Install configuration: "Debug"
  -- Installing: C:/Users/yosef/Documents/Visual Studio 2017/Projects/libstruct/install_x64/bin/msvcp140.dll
  -- Installing: C:/Users/yosef/Documents/Visual Studio 2017/Projects/libstruct/install_x64/bin/vcruntime140.dll
  -- Installing: C:/Users/yosef/Documents/Visual Studio 2017/Projects/libstruct/install_x64/bin/concrt140.dll
  -- Installing: C:/Users/yosef/Documents/Visual Studio 2017/Projects/libstruct/install_x64/include/blaswrap.h
  -- Installing: C:/Users/yosef/Documents/Visual Studio 2017/Projects/libstruct/install_x64/include/clapack.h
  -- Installing: C:/Users/yosef/Documents/Visual Studio 2017/Projects/libstruct/install_x64/include/complex.h
  -- Installing: C:/Users/yosef/Documents/Visual Studio 2017/Projects/libstruct/install_x64/include/constraint.h
  -- Installing: C:/Users/yosef/Documents/Visual Studio 2017/Projects/libstruct/install_x64/include/f2c.h
  -- Installing: C:/Users/yosef/Documents/Visual Studio 2017/Projects/libstruct/install_x64/include/fluxbalance.h
  -- Installing: C:/Users/yosef/Documents/Visual Studio 2017/Projects/libstruct/install_x64/include/libla.h
  -- Installing: C:/Users/yosef/Documents/Visual Studio 2017/Projects/libstruct/install_x64/include/libutil.h
  -- Installing: C:/Users/yosef/Documents/Visual Studio 2017/Projects/libstruct/install_x64/include/lp_Hash.h
  -- Installing: C:/Users/yosef/Documents/Visual Studio 2017/Projects/libstruct/install_x64/include/lp_SOS.h
  -- Installing: C:/Users/yosef/Documents/Visual Studio 2017/Projects/libstruct/install_x64/include/lp_lib.h
  -- Installing: C:/Users/yosef/Documents/Visual Studio 2017/Projects/libstruct/install_x64/include/lp_matrix.h
  -- Installing: C:/Users/yosef/Documents/Visual Studio 2017/Projects/libstruct/install_x64/include/lp_mipbb.h
  -- Installing: C:/Users/yosef/Documents/Visual Studio 2017/Projects/libstruct/install_x64/include/lp_types.h
  -- Installing: C:/Users/yosef/Documents/Visual Studio 2017/Projects/libstruct/install_x64/include/lp_utils.h
  -- Installing: C:/Users/yosef/Documents/Visual Studio 2017/Projects/libstruct/install_x64/include/lpresult.h
  -- Installing: C:/Users/yosef/Documents/Visual Studio 2017/Projects/libstruct/install_x64/include/matrix.h
  -- Installing: C:/Users/yosef/Documents/Visual Studio 2017/Projects/libstruct/install_x64/include/objective.h
  -- Installing: C:/Users/yosef/Documents/Visual Studio 2017/Projects/libstruct/install_x64/include/sbmlmodel.h
  -- Installing: C:/Users/yosef/Documents/Visual Studio 2017/Projects/libstruct/install_x64/include/util.h
  -- Installing: C:/Users/yosef/Documents/Visual Studio 2017/Projects/libstruct/install_x64/lib/LibLA.lib
  -- Installing: C:/Users/yosef/Documents/Visual Studio 2017/Projects/libstruct/install_x64/bin/LibLA.dll
  -- Installing: C:/Users/yosef/Documents/Visual Studio 2017/Projects/libstruct/install_x64/lib/LibLA-static.lib
C:\Program Files (x86)\Microsoft Visual Studio\2017\Community\Common7\IDE\VC\VCTargets\Microsoft.CppCommon.targets(133,5): error MSB3073: The command "setlocal
C:\Program Files (x86)\Microsoft Visual Studio\2017\Community\Common7\IDE\VC\VCTargets\Microsoft.CppCommon.targets(133,5): error MSB3073: "C:\Program Files\CMake\bin\cmake.exe" -DBUILD_TYPE=Debug -P cmake_install.cmake
C:\Program Files (x86)\Microsoft Visual Studio\2017\Community\Common7\IDE\VC\VCTargets\Microsoft.CppCommon.targets(133,5): error MSB3073: if %errorlevel% neq 0 goto :cmEnd
C:\Program Files (x86)\Microsoft Visual Studio\2017\Community\Common7\IDE\VC\VCTargets\Microsoft.CppCommon.targets(133,5): error MSB3073: :cmEnd
C:\Program Files (x86)\Microsoft Visual Studio\2017\Community\Common7\IDE\VC\VCTargets\Microsoft.CppCommon.targets(133,5): error MSB3073: endlocal & call :cmErrorLevel %errorlevel% & goto :cmDone
C:\Program Files (x86)\Microsoft Visual Studio\2017\Community\Common7\IDE\VC\VCTargets\Microsoft.CppCommon.targets(133,5): error MSB3073: :cmErrorLevel
C:\Program Files (x86)\Microsoft Visual Studio\2017\Community\Common7\IDE\VC\VCTargets\Microsoft.CppCommon.targets(133,5): error MSB3073: exit /b %1
C:\Program Files (x86)\Microsoft Visual Studio\2017\Community\Common7\IDE\VC\VCTargets\Microsoft.CppCommon.targets(133,5): error MSB3073: :cmDone
C:\Program Files (x86)\Microsoft Visual Studio\2017\Community\Common7\IDE\VC\VCTargets\Microsoft.CppCommon.targets(133,5): error MSB3073: if %errorlevel% neq 0 goto :VCEnd
C:\Program Files (x86)\Microsoft Visual Studio\2017\Community\Common7\IDE\VC\VCTargets\Microsoft.CppCommon.targets(133,5): error MSB3073: :VCEnd" exited with code 1.
