c:\users\yosef\documents\visual studio 2017\projects\libstruct\build_x64\libstructural\libstructural.dir\release\sbmlmodel.obj
c:\users\yosef\documents\visual studio 2017\projects\libstruct\build_x64\libstructural\libstructural.dir\release\objective.obj
c:\users\yosef\documents\visual studio 2017\projects\libstruct\build_x64\libstructural\libstructural.dir\release\libstructural.obj
c:\users\yosef\documents\visual studio 2017\projects\libstruct\build_x64\libstructural\libstructural.dir\release\constraint.obj
c:\users\yosef\documents\visual studio 2017\projects\libstruct\build_x64\libstructural\libstructural.dir\release\util.obj
c:\users\yosef\documents\visual studio 2017\projects\libstruct\build_x64\libstructural\libstructural.dir\release\matrix.obj
c:\users\yosef\documents\visual studio 2017\projects\libstruct\build_x64\libstructural\libstructural.dir\release\libla.obj
c:\users\yosef\documents\visual studio 2017\projects\libstruct\build_x64\libstructural\libstructural.dir\release\complex.obj
c:\users\yosef\documents\visual studio 2017\projects\libstruct\build_x64\libstructural\cmakefiles\generate.stamp
c:\users\yosef\documents\visual studio 2017\projects\libstruct\build_x64\libstructural\release\libstructural.lib
c:\users\yosef\documents\visual studio 2017\projects\libstruct\build_x64\libstructural\release\libstructural.exp
c:\users\yosef\documents\visual studio 2017\projects\libstruct\build_x64\libstructural\release\libstructural.dll
c:\users\yosef\documents\visual studio 2017\projects\libstruct\build_x64\libstructural\libstructural.dir\release\libstructural.tlog\cl.command.1.tlog
c:\users\yosef\documents\visual studio 2017\projects\libstruct\build_x64\libstructural\libstructural.dir\release\libstructural.tlog\cl.read.1.tlog
c:\users\yosef\documents\visual studio 2017\projects\libstruct\build_x64\libstructural\libstructural.dir\release\libstructural.tlog\cl.write.1.tlog
c:\users\yosef\documents\visual studio 2017\projects\libstruct\build_x64\libstructural\libstructural.dir\release\libstructural.tlog\custombuild.command.1.tlog
c:\users\yosef\documents\visual studio 2017\projects\libstruct\build_x64\libstructural\libstructural.dir\release\libstructural.tlog\custombuild.read.1.tlog
c:\users\yosef\documents\visual studio 2017\projects\libstruct\build_x64\libstructural\libstructural.dir\release\libstructural.tlog\custombuild.write.1.tlog
c:\users\yosef\documents\visual studio 2017\projects\libstruct\build_x64\libstructural\libstructural.dir\release\libstructural.tlog\libstructural.write.1u.tlog
c:\users\yosef\documents\visual studio 2017\projects\libstruct\build_x64\libstructural\libstructural.dir\release\libstructural.tlog\link.command.1.tlog
c:\users\yosef\documents\visual studio 2017\projects\libstruct\build_x64\libstructural\libstructural.dir\release\libstructural.tlog\link.read.1.tlog
c:\users\yosef\documents\visual studio 2017\projects\libstruct\build_x64\libstructural\libstructural.dir\release\libstructural.tlog\link.write.1.tlog
