c:\users\yosef\documents\visual studio 2017\projects\libstruct\build_x64\blas\src\blas.dir\debug\blas.pdb
c:\users\yosef\documents\visual studio 2017\projects\libstruct\build_x64\blas\src\blas.dir\debug\stbmv.obj
c:\users\yosef\documents\visual studio 2017\projects\libstruct\build_x64\blas\src\blas.dir\debug\strmv.obj
c:\users\yosef\documents\visual studio 2017\projects\libstruct\build_x64\blas\src\blas.dir\debug\sspmv.obj
c:\users\yosef\documents\visual studio 2017\projects\libstruct\build_x64\blas\src\blas.dir\debug\ssbmv.obj
c:\users\yosef\documents\visual studio 2017\projects\libstruct\build_x64\blas\src\blas.dir\debug\ssymv.obj
c:\users\yosef\documents\visual studio 2017\projects\libstruct\build_x64\blas\src\blas.dir\debug\sgbmv.obj
c:\users\yosef\documents\visual studio 2017\projects\libstruct\build_x64\blas\src\blas.dir\debug\sgemv.obj
c:\users\yosef\documents\visual studio 2017\projects\libstruct\build_x64\blas\src\blas.dir\debug\srotm.obj
c:\users\yosef\documents\visual studio 2017\projects\libstruct\build_x64\blas\src\blas.dir\debug\srotmg.obj
c:\users\yosef\documents\visual studio 2017\projects\libstruct\build_x64\blas\src\blas.dir\debug\sdsdot.obj
c:\users\yosef\documents\visual studio 2017\projects\libstruct\build_x64\blas\src\blas.dir\debug\sswap.obj
c:\users\yosef\documents\visual studio 2017\projects\libstruct\build_x64\blas\src\blas.dir\debug\sscal.obj
c:\users\yosef\documents\visual studio 2017\projects\libstruct\build_x64\blas\src\blas.dir\debug\srotg.obj
c:\users\yosef\documents\visual studio 2017\projects\libstruct\build_x64\blas\src\blas.dir\debug\srot.obj
c:\users\yosef\documents\visual studio 2017\projects\libstruct\build_x64\blas\src\blas.dir\debug\snrm2.obj
c:\users\yosef\documents\visual studio 2017\projects\libstruct\build_x64\blas\src\blas.dir\debug\sdot.obj
c:\users\yosef\documents\visual studio 2017\projects\libstruct\build_x64\blas\src\blas.dir\debug\scopy.obj
c:\users\yosef\documents\visual studio 2017\projects\libstruct\build_x64\blas\src\blas.dir\debug\saxpy.obj
c:\users\yosef\documents\visual studio 2017\projects\libstruct\build_x64\blas\src\blas.dir\debug\sasum.obj
c:\users\yosef\documents\visual studio 2017\projects\libstruct\build_x64\blas\src\blas.dir\debug\isamax.obj
c:\users\yosef\documents\visual studio 2017\projects\libstruct\build_x64\blas\src\blas.dir\debug\ddot.obj
c:\users\yosef\documents\visual studio 2017\projects\libstruct\build_x64\blas\src\blas.dir\debug\dcopy.obj
c:\users\yosef\documents\visual studio 2017\projects\libstruct\build_x64\blas\src\blas.dir\debug\daxpy.obj
c:\users\yosef\documents\visual studio 2017\projects\libstruct\build_x64\blas\src\blas.dir\debug\dasum.obj
c:\users\yosef\documents\visual studio 2017\projects\libstruct\build_x64\blas\src\blas.dir\debug\idamax.obj
c:\users\yosef\documents\visual studio 2017\projects\libstruct\build_x64\blas\src\blas.dir\debug\strsm.obj
c:\users\yosef\documents\visual studio 2017\projects\libstruct\build_x64\blas\src\blas.dir\debug\strmm.obj
c:\users\yosef\documents\visual studio 2017\projects\libstruct\build_x64\blas\src\blas.dir\debug\ssyr2k.obj
c:\users\yosef\documents\visual studio 2017\projects\libstruct\build_x64\blas\src\blas.dir\debug\ssyrk.obj
c:\users\yosef\documents\visual studio 2017\projects\libstruct\build_x64\blas\src\blas.dir\debug\ssymm.obj
c:\users\yosef\documents\visual studio 2017\projects\libstruct\build_x64\blas\src\blas.dir\debug\sgemm.obj
c:\users\yosef\documents\visual studio 2017\projects\libstruct\build_x64\blas\src\blas.dir\debug\sspr2.obj
c:\users\yosef\documents\visual studio 2017\projects\libstruct\build_x64\blas\src\blas.dir\debug\ssyr2.obj
c:\users\yosef\documents\visual studio 2017\projects\libstruct\build_x64\blas\src\blas.dir\debug\sspr.obj
c:\users\yosef\documents\visual studio 2017\projects\libstruct\build_x64\blas\src\blas.dir\debug\ssyr.obj
c:\users\yosef\documents\visual studio 2017\projects\libstruct\build_x64\blas\src\blas.dir\debug\sger.obj
c:\users\yosef\documents\visual studio 2017\projects\libstruct\build_x64\blas\src\blas.dir\debug\stpsv.obj
c:\users\yosef\documents\visual studio 2017\projects\libstruct\build_x64\blas\src\blas.dir\debug\stbsv.obj
c:\users\yosef\documents\visual studio 2017\projects\libstruct\build_x64\blas\src\blas.dir\debug\strsv.obj
c:\users\yosef\documents\visual studio 2017\projects\libstruct\build_x64\blas\src\blas.dir\debug\stpmv.obj
c:\users\yosef\documents\visual studio 2017\projects\libstruct\build_x64\blas\src\blas.dir\debug\dger.obj
c:\users\yosef\documents\visual studio 2017\projects\libstruct\build_x64\blas\src\blas.dir\debug\dtpsv.obj
c:\users\yosef\documents\visual studio 2017\projects\libstruct\build_x64\blas\src\blas.dir\debug\dtbsv.obj
c:\users\yosef\documents\visual studio 2017\projects\libstruct\build_x64\blas\src\blas.dir\debug\dtrsv.obj
c:\users\yosef\documents\visual studio 2017\projects\libstruct\build_x64\blas\src\blas.dir\debug\dtpmv.obj
c:\users\yosef\documents\visual studio 2017\projects\libstruct\build_x64\blas\src\blas.dir\debug\dtbmv.obj
c:\users\yosef\documents\visual studio 2017\projects\libstruct\build_x64\blas\src\blas.dir\debug\dtrmv.obj
c:\users\yosef\documents\visual studio 2017\projects\libstruct\build_x64\blas\src\blas.dir\debug\dspmv.obj
c:\users\yosef\documents\visual studio 2017\projects\libstruct\build_x64\blas\src\blas.dir\debug\dsbmv.obj
c:\users\yosef\documents\visual studio 2017\projects\libstruct\build_x64\blas\src\blas.dir\debug\dsymv.obj
c:\users\yosef\documents\visual studio 2017\projects\libstruct\build_x64\blas\src\blas.dir\debug\dgbmv.obj
c:\users\yosef\documents\visual studio 2017\projects\libstruct\build_x64\blas\src\blas.dir\debug\dgemv.obj
c:\users\yosef\documents\visual studio 2017\projects\libstruct\build_x64\blas\src\blas.dir\debug\drotm.obj
c:\users\yosef\documents\visual studio 2017\projects\libstruct\build_x64\blas\src\blas.dir\debug\drotmg.obj
c:\users\yosef\documents\visual studio 2017\projects\libstruct\build_x64\blas\src\blas.dir\debug\dswap.obj
c:\users\yosef\documents\visual studio 2017\projects\libstruct\build_x64\blas\src\blas.dir\debug\dsdot.obj
c:\users\yosef\documents\visual studio 2017\projects\libstruct\build_x64\blas\src\blas.dir\debug\dscal.obj
c:\users\yosef\documents\visual studio 2017\projects\libstruct\build_x64\blas\src\blas.dir\debug\drotg.obj
c:\users\yosef\documents\visual studio 2017\projects\libstruct\build_x64\blas\src\blas.dir\debug\drot.obj
c:\users\yosef\documents\visual studio 2017\projects\libstruct\build_x64\blas\src\blas.dir\debug\dnrm2.obj
c:\users\yosef\documents\visual studio 2017\projects\libstruct\build_x64\blas\src\blas.dir\debug\crotg.obj
c:\users\yosef\documents\visual studio 2017\projects\libstruct\build_x64\blas\src\blas.dir\debug\csscal.obj
c:\users\yosef\documents\visual studio 2017\projects\libstruct\build_x64\blas\src\blas.dir\debug\cdotu.obj
c:\users\yosef\documents\visual studio 2017\projects\libstruct\build_x64\blas\src\blas.dir\debug\cdotc.obj
c:\users\yosef\documents\visual studio 2017\projects\libstruct\build_x64\blas\src\blas.dir\debug\ccopy.obj
c:\users\yosef\documents\visual studio 2017\projects\libstruct\build_x64\blas\src\blas.dir\debug\caxpy.obj
c:\users\yosef\documents\visual studio 2017\projects\libstruct\build_x64\blas\src\blas.dir\debug\icamax.obj
c:\users\yosef\documents\visual studio 2017\projects\libstruct\build_x64\blas\src\blas.dir\debug\scnrm2.obj
c:\users\yosef\documents\visual studio 2017\projects\libstruct\build_x64\blas\src\blas.dir\debug\scasum.obj
c:\users\yosef\documents\visual studio 2017\projects\libstruct\build_x64\blas\src\blas.dir\debug\scabs1.obj
c:\users\yosef\documents\visual studio 2017\projects\libstruct\build_x64\blas\src\blas.dir\debug\dtrsm.obj
c:\users\yosef\documents\visual studio 2017\projects\libstruct\build_x64\blas\src\blas.dir\debug\dtrmm.obj
c:\users\yosef\documents\visual studio 2017\projects\libstruct\build_x64\blas\src\blas.dir\debug\dsyr2k.obj
c:\users\yosef\documents\visual studio 2017\projects\libstruct\build_x64\blas\src\blas.dir\debug\dsyrk.obj
c:\users\yosef\documents\visual studio 2017\projects\libstruct\build_x64\blas\src\blas.dir\debug\dsymm.obj
c:\users\yosef\documents\visual studio 2017\projects\libstruct\build_x64\blas\src\blas.dir\debug\dgemm.obj
c:\users\yosef\documents\visual studio 2017\projects\libstruct\build_x64\blas\src\blas.dir\debug\dspr2.obj
c:\users\yosef\documents\visual studio 2017\projects\libstruct\build_x64\blas\src\blas.dir\debug\dsyr2.obj
c:\users\yosef\documents\visual studio 2017\projects\libstruct\build_x64\blas\src\blas.dir\debug\dspr.obj
c:\users\yosef\documents\visual studio 2017\projects\libstruct\build_x64\blas\src\blas.dir\debug\dsyr.obj
c:\users\yosef\documents\visual studio 2017\projects\libstruct\build_x64\blas\src\blas.dir\debug\chpr2.obj
c:\users\yosef\documents\visual studio 2017\projects\libstruct\build_x64\blas\src\blas.dir\debug\cher2.obj
c:\users\yosef\documents\visual studio 2017\projects\libstruct\build_x64\blas\src\blas.dir\debug\chpr.obj
c:\users\yosef\documents\visual studio 2017\projects\libstruct\build_x64\blas\src\blas.dir\debug\cher.obj
c:\users\yosef\documents\visual studio 2017\projects\libstruct\build_x64\blas\src\blas.dir\debug\cgeru.obj
c:\users\yosef\documents\visual studio 2017\projects\libstruct\build_x64\blas\src\blas.dir\debug\cgerc.obj
c:\users\yosef\documents\visual studio 2017\projects\libstruct\build_x64\blas\src\blas.dir\debug\ctpsv.obj
c:\users\yosef\documents\visual studio 2017\projects\libstruct\build_x64\blas\src\blas.dir\debug\ctbsv.obj
c:\users\yosef\documents\visual studio 2017\projects\libstruct\build_x64\blas\src\blas.dir\debug\ctrsv.obj
c:\users\yosef\documents\visual studio 2017\projects\libstruct\build_x64\blas\src\blas.dir\debug\ctpmv.obj
c:\users\yosef\documents\visual studio 2017\projects\libstruct\build_x64\blas\src\blas.dir\debug\ctbmv.obj
c:\users\yosef\documents\visual studio 2017\projects\libstruct\build_x64\blas\src\blas.dir\debug\ctrmv.obj
c:\users\yosef\documents\visual studio 2017\projects\libstruct\build_x64\blas\src\blas.dir\debug\chpmv.obj
c:\users\yosef\documents\visual studio 2017\projects\libstruct\build_x64\blas\src\blas.dir\debug\chbmv.obj
c:\users\yosef\documents\visual studio 2017\projects\libstruct\build_x64\blas\src\blas.dir\debug\chemv.obj
c:\users\yosef\documents\visual studio 2017\projects\libstruct\build_x64\blas\src\blas.dir\debug\cgbmv.obj
c:\users\yosef\documents\visual studio 2017\projects\libstruct\build_x64\blas\src\blas.dir\debug\cgemv.obj
c:\users\yosef\documents\visual studio 2017\projects\libstruct\build_x64\blas\src\blas.dir\debug\csrot.obj
c:\users\yosef\documents\visual studio 2017\projects\libstruct\build_x64\blas\src\blas.dir\debug\cswap.obj
c:\users\yosef\documents\visual studio 2017\projects\libstruct\build_x64\blas\src\blas.dir\debug\cscal.obj
c:\users\yosef\documents\visual studio 2017\projects\libstruct\build_x64\blas\src\blas.dir\debug\zscal.obj
c:\users\yosef\documents\visual studio 2017\projects\libstruct\build_x64\blas\src\blas.dir\debug\zrotg.obj
c:\users\yosef\documents\visual studio 2017\projects\libstruct\build_x64\blas\src\blas.dir\debug\zdscal.obj
c:\users\yosef\documents\visual studio 2017\projects\libstruct\build_x64\blas\src\blas.dir\debug\zdotu.obj
c:\users\yosef\documents\visual studio 2017\projects\libstruct\build_x64\blas\src\blas.dir\debug\zdotc.obj
c:\users\yosef\documents\visual studio 2017\projects\libstruct\build_x64\blas\src\blas.dir\debug\zcopy.obj
c:\users\yosef\documents\visual studio 2017\projects\libstruct\build_x64\blas\src\blas.dir\debug\zaxpy.obj
c:\users\yosef\documents\visual studio 2017\projects\libstruct\build_x64\blas\src\blas.dir\debug\izamax.obj
c:\users\yosef\documents\visual studio 2017\projects\libstruct\build_x64\blas\src\blas.dir\debug\dznrm2.obj
c:\users\yosef\documents\visual studio 2017\projects\libstruct\build_x64\blas\src\blas.dir\debug\dzasum.obj
c:\users\yosef\documents\visual studio 2017\projects\libstruct\build_x64\blas\src\blas.dir\debug\dcabs1.obj
c:\users\yosef\documents\visual studio 2017\projects\libstruct\build_x64\blas\src\blas.dir\debug\cher2k.obj
c:\users\yosef\documents\visual studio 2017\projects\libstruct\build_x64\blas\src\blas.dir\debug\cherk.obj
c:\users\yosef\documents\visual studio 2017\projects\libstruct\build_x64\blas\src\blas.dir\debug\chemm.obj
c:\users\yosef\documents\visual studio 2017\projects\libstruct\build_x64\blas\src\blas.dir\debug\ctrsm.obj
c:\users\yosef\documents\visual studio 2017\projects\libstruct\build_x64\blas\src\blas.dir\debug\ctrmm.obj
c:\users\yosef\documents\visual studio 2017\projects\libstruct\build_x64\blas\src\blas.dir\debug\csyr2k.obj
c:\users\yosef\documents\visual studio 2017\projects\libstruct\build_x64\blas\src\blas.dir\debug\csyrk.obj
c:\users\yosef\documents\visual studio 2017\projects\libstruct\build_x64\blas\src\blas.dir\debug\csymm.obj
c:\users\yosef\documents\visual studio 2017\projects\libstruct\build_x64\blas\src\blas.dir\debug\cgemm.obj
c:\users\yosef\documents\visual studio 2017\projects\libstruct\build_x64\blas\src\blas.dir\debug\zgemm.obj
c:\users\yosef\documents\visual studio 2017\projects\libstruct\build_x64\blas\src\blas.dir\debug\zhpr2.obj
c:\users\yosef\documents\visual studio 2017\projects\libstruct\build_x64\blas\src\blas.dir\debug\zher2.obj
c:\users\yosef\documents\visual studio 2017\projects\libstruct\build_x64\blas\src\blas.dir\debug\zhpr.obj
c:\users\yosef\documents\visual studio 2017\projects\libstruct\build_x64\blas\src\blas.dir\debug\zher.obj
c:\users\yosef\documents\visual studio 2017\projects\libstruct\build_x64\blas\src\blas.dir\debug\zgeru.obj
c:\users\yosef\documents\visual studio 2017\projects\libstruct\build_x64\blas\src\blas.dir\debug\zgerc.obj
c:\users\yosef\documents\visual studio 2017\projects\libstruct\build_x64\blas\src\blas.dir\debug\ztpsv.obj
c:\users\yosef\documents\visual studio 2017\projects\libstruct\build_x64\blas\src\blas.dir\debug\ztbsv.obj
c:\users\yosef\documents\visual studio 2017\projects\libstruct\build_x64\blas\src\blas.dir\debug\ztrsv.obj
c:\users\yosef\documents\visual studio 2017\projects\libstruct\build_x64\blas\src\blas.dir\debug\ztpmv.obj
c:\users\yosef\documents\visual studio 2017\projects\libstruct\build_x64\blas\src\blas.dir\debug\ztbmv.obj
c:\users\yosef\documents\visual studio 2017\projects\libstruct\build_x64\blas\src\blas.dir\debug\ztrmv.obj
c:\users\yosef\documents\visual studio 2017\projects\libstruct\build_x64\blas\src\blas.dir\debug\zhpmv.obj
c:\users\yosef\documents\visual studio 2017\projects\libstruct\build_x64\blas\src\blas.dir\debug\zhbmv.obj
c:\users\yosef\documents\visual studio 2017\projects\libstruct\build_x64\blas\src\blas.dir\debug\zhemv.obj
c:\users\yosef\documents\visual studio 2017\projects\libstruct\build_x64\blas\src\blas.dir\debug\zgbmv.obj
c:\users\yosef\documents\visual studio 2017\projects\libstruct\build_x64\blas\src\blas.dir\debug\zgemv.obj
c:\users\yosef\documents\visual studio 2017\projects\libstruct\build_x64\blas\src\blas.dir\debug\zdrot.obj
c:\users\yosef\documents\visual studio 2017\projects\libstruct\build_x64\blas\src\blas.dir\debug\zswap.obj
c:\users\yosef\documents\visual studio 2017\projects\libstruct\build_x64\blas\src\blas.dir\debug\xerbla_array.obj
c:\users\yosef\documents\visual studio 2017\projects\libstruct\build_x64\blas\src\blas.dir\debug\xerbla.obj
c:\users\yosef\documents\visual studio 2017\projects\libstruct\build_x64\blas\src\blas.dir\debug\lsame.obj
c:\users\yosef\documents\visual studio 2017\projects\libstruct\build_x64\blas\src\blas.dir\debug\zher2k.obj
c:\users\yosef\documents\visual studio 2017\projects\libstruct\build_x64\blas\src\blas.dir\debug\zherk.obj
c:\users\yosef\documents\visual studio 2017\projects\libstruct\build_x64\blas\src\blas.dir\debug\zhemm.obj
c:\users\yosef\documents\visual studio 2017\projects\libstruct\build_x64\blas\src\blas.dir\debug\ztrsm.obj
c:\users\yosef\documents\visual studio 2017\projects\libstruct\build_x64\blas\src\blas.dir\debug\ztrmm.obj
c:\users\yosef\documents\visual studio 2017\projects\libstruct\build_x64\blas\src\blas.dir\debug\zsyr2k.obj
c:\users\yosef\documents\visual studio 2017\projects\libstruct\build_x64\blas\src\blas.dir\debug\zsyrk.obj
c:\users\yosef\documents\visual studio 2017\projects\libstruct\build_x64\blas\src\blas.dir\debug\zsymm.obj
c:\users\yosef\documents\visual studio 2017\projects\libstruct\build_x64\blas\src\cmakefiles\generate.stamp
c:\users\yosef\documents\visual studio 2017\projects\libstruct\build_x64\blas\src\debug\blas.lib
c:\users\yosef\documents\visual studio 2017\projects\libstruct\build_x64\blas\src\debug\blas.pdb
c:\users\yosef\documents\visual studio 2017\projects\libstruct\build_x64\blas\src\blas.dir\debug\blas.tlog\cl.command.1.tlog
c:\users\yosef\documents\visual studio 2017\projects\libstruct\build_x64\blas\src\blas.dir\debug\blas.tlog\cl.read.1.tlog
c:\users\yosef\documents\visual studio 2017\projects\libstruct\build_x64\blas\src\blas.dir\debug\blas.tlog\cl.write.1.tlog
c:\users\yosef\documents\visual studio 2017\projects\libstruct\build_x64\blas\src\blas.dir\debug\blas.tlog\custombuild.command.1.tlog
c:\users\yosef\documents\visual studio 2017\projects\libstruct\build_x64\blas\src\blas.dir\debug\blas.tlog\custombuild.read.1.tlog
c:\users\yosef\documents\visual studio 2017\projects\libstruct\build_x64\blas\src\blas.dir\debug\blas.tlog\custombuild.write.1.tlog
c:\users\yosef\documents\visual studio 2017\projects\libstruct\build_x64\blas\src\blas.dir\debug\blas.tlog\lib-link.read.1.tlog
c:\users\yosef\documents\visual studio 2017\projects\libstruct\build_x64\blas\src\blas.dir\debug\blas.tlog\lib-link.write.1.tlog
c:\users\yosef\documents\visual studio 2017\projects\libstruct\build_x64\blas\src\blas.dir\debug\blas.tlog\lib.command.1.tlog
