  libstructural.cpp
C:\Users\hsauro\Documents\Visual Studio 2017\Projects\Libstructural\LibStructural\libstructural.cpp(323): warning C4267: '=': conversion from 'size_t' to 'int', possible loss of data
C:\Users\hsauro\Documents\Visual Studio 2017\Projects\Libstructural\LibStructural\libstructural.cpp(324): warning C4267: '=': conversion from 'size_t' to 'int', possible loss of data
C:\Users\hsauro\Documents\Visual Studio 2017\Projects\Libstructural\LibStructural\libstructural.cpp(1060): warning C4267: '=': conversion from 'size_t' to 'int', possible loss of data
C:\Users\hsauro\Documents\Visual Studio 2017\Projects\Libstructural\LibStructural\libstructural.cpp(2124): warning C4018: '<': signed/unsigned mismatch
C:\Users\hsauro\Documents\Visual Studio 2017\Projects\Libstructural\LibStructural\libstructural.cpp(2130): warning C4018: '<': signed/unsigned mismatch
C:\Users\hsauro\Documents\Visual Studio 2017\Projects\Libstructural\LibStructural\libstructural.cpp(2295): warning C4018: '<': signed/unsigned mismatch
C:\Users\hsauro\Documents\Visual Studio 2017\Projects\Libstructural\LibStructural\libstructural.cpp(2296): warning C4018: '<': signed/unsigned mismatch
C:\Users\hsauro\Documents\Visual Studio 2017\Projects\Libstructural\LibStructural\libstructural.cpp(2421): warning C4267: '=': conversion from 'size_t' to 'int', possible loss of data
C:\Users\hsauro\Documents\Visual Studio 2017\Projects\Libstructural\LibStructural\libstructural.cpp(2435): warning C4267: '=': conversion from 'size_t' to 'int', possible loss of data
C:\Users\hsauro\Documents\Visual Studio 2017\Projects\Libstructural\LibStructural\libstructural.cpp(2453): warning C4267: '=': conversion from 'size_t' to 'int', possible loss of data
C:\Users\hsauro\Documents\Visual Studio 2017\Projects\Libstructural\LibStructural\libstructural.cpp(2469): warning C4267: '=': conversion from 'size_t' to 'int', possible loss of data
C:\Users\hsauro\Documents\Visual Studio 2017\Projects\Libstructural\LibStructural\libstructural.cpp(2478): warning C4267: '=': conversion from 'size_t' to 'int', possible loss of data
C:\Users\hsauro\Documents\Visual Studio 2017\Projects\Libstructural\LibStructural\libstructural.cpp(2487): warning C4267: '=': conversion from 'size_t' to 'int', possible loss of data
C:\Users\hsauro\Documents\Visual Studio 2017\Projects\Libstructural\LibStructural\libstructural.cpp(2496): warning C4267: '=': conversion from 'size_t' to 'int', possible loss of data
C:\Users\hsauro\Documents\Visual Studio 2017\Projects\Libstructural\LibStructural\libstructural.cpp(2505): warning C4267: '=': conversion from 'size_t' to 'int', possible loss of data
C:\Users\hsauro\Documents\Visual Studio 2017\Projects\Libstructural\LibStructural\libstructural.cpp(2696): warning C4267: '=': conversion from 'size_t' to 'int', possible loss of data
C:\Users\hsauro\Documents\Visual Studio 2017\Projects\Libstructural\LibStructural\libstructural.cpp(2709): warning C4267: '=': conversion from 'size_t' to 'int', possible loss of data
C:\Users\hsauro\Documents\Visual Studio 2017\Projects\Libstructural\LibStructural\libstructural.cpp(2718): warning C4267: '=': conversion from 'size_t' to 'int', possible loss of data
C:\Users\hsauro\Documents\Visual Studio 2017\Projects\Libstructural\LibStructural\libstructural.cpp(2865): warning C4267: '=': conversion from 'size_t' to 'int', possible loss of data
     Creating library C:/Users/hsauro/Documents/Visual Studio 2017/Projects/Libstructural/BUILD/LibStructural/Release/LibStructural.lib and object C:/Users/hsauro/Documents/Visual Studio 2017/Projects/Libstructural/BUILD/LibStructural/Release/LibStructural.exp
LINK : warning LNK4098: defaultlib 'LIBCMT' conflicts with use of other libs; use /NODEFAULTLIB:library
  LibStructural.vcxproj -> C:\Users\hsauro\Documents\Visual Studio 2017\Projects\Libstructural\BUILD\LibStructural\Release\LibStructural.dll
