  -- Install configuration: "Release"
  -- Up-to-date: C:/Users/hsauro/Documents/Visual Studio 2017/Projects/Libstructural/install_x64/bin/msvcp140.dll
  -- Up-to-date: C:/Users/hsauro/Documents/Visual Studio 2017/Projects/Libstructural/install_x64/bin/vcruntime140.dll
  -- Up-to-date: C:/Users/hsauro/Documents/Visual Studio 2017/Projects/Libstructural/install_x64/bin/concrt140.dll
  -- Up-to-date: C:/Users/hsauro/Documents/Visual Studio 2017/Projects/Libstructural/install_x64/bin
  -- Up-to-date: C:/Users/hsauro/Documents/Visual Studio 2017/Projects/Libstructural/install_x64/include/blaswrap.h
  -- Up-to-date: C:/Users/hsauro/Documents/Visual Studio 2017/Projects/Libstructural/install_x64/include/clapack.h
  -- Up-to-date: C:/Users/hsauro/Documents/Visual Studio 2017/Projects/Libstructural/install_x64/include/complex.h
  -- Up-to-date: C:/Users/hsauro/Documents/Visual Studio 2017/Projects/Libstructural/install_x64/include/constraint.h
  -- Up-to-date: C:/Users/hsauro/Documents/Visual Studio 2017/Projects/Libstructural/install_x64/include/f2c.h
  -- Up-to-date: C:/Users/hsauro/Documents/Visual Studio 2017/Projects/Libstructural/install_x64/include/fluxbalance.h
  -- Up-to-date: C:/Users/hsauro/Documents/Visual Studio 2017/Projects/Libstructural/install_x64/include/libla.h
  -- Up-to-date: C:/Users/hsauro/Documents/Visual Studio 2017/Projects/Libstructural/install_x64/include/libutil.h
  -- Up-to-date: C:/Users/hsauro/Documents/Visual Studio 2017/Projects/Libstructural/install_x64/include/lp_Hash.h
  -- Up-to-date: C:/Users/hsauro/Documents/Visual Studio 2017/Projects/Libstructural/install_x64/include/lp_SOS.h
  -- Up-to-date: C:/Users/hsauro/Documents/Visual Studio 2017/Projects/Libstructural/install_x64/include/lp_lib.h
  -- Up-to-date: C:/Users/hsauro/Documents/Visual Studio 2017/Projects/Libstructural/install_x64/include/lp_matrix.h
  -- Up-to-date: C:/Users/hsauro/Documents/Visual Studio 2017/Projects/Libstructural/install_x64/include/lp_mipbb.h
  -- Up-to-date: C:/Users/hsauro/Documents/Visual Studio 2017/Projects/Libstructural/install_x64/include/lp_utils.h
  -- Up-to-date: C:/Users/hsauro/Documents/Visual Studio 2017/Projects/Libstructural/install_x64/include/lpresult.h
  -- Up-to-date: C:/Users/hsauro/Documents/Visual Studio 2017/Projects/Libstructural/install_x64/include/matrix.h
  -- Up-to-date: C:/Users/hsauro/Documents/Visual Studio 2017/Projects/Libstructural/install_x64/include/objective.h
  -- Up-to-date: C:/Users/hsauro/Documents/Visual Studio 2017/Projects/Libstructural/install_x64/include/sbmlmodel.h
  -- Up-to-date: C:/Users/hsauro/Documents/Visual Studio 2017/Projects/Libstructural/install_x64/include/util.h
  -- Installing: C:/Users/hsauro/Documents/Visual Studio 2017/Projects/Libstructural/install_x64/lib/LibLA.lib
  CMake Error at LibLA/cmake_install.cmake:51 (file):
    file INSTALL cannot find "C:/Users/hsauro/Documents/Visual Studio
    2017/Projects/Libstructural/BUILD/LibLA/Release/LibLA.dll".
  Call Stack (most recent call first):
    cmake_install.cmake:73 (include)
  
  
C:\Program Files (x86)\Microsoft Visual Studio\2017\Community\Common7\IDE\VC\VCTargets\Microsoft.CppCommon.targets(133,5): error MSB3073: The command "setlocal
C:\Program Files (x86)\Microsoft Visual Studio\2017\Community\Common7\IDE\VC\VCTargets\Microsoft.CppCommon.targets(133,5): error MSB3073: "C:\Program Files\CMake\bin\cmake.exe" -DBUILD_TYPE=Release -P cmake_install.cmake
C:\Program Files (x86)\Microsoft Visual Studio\2017\Community\Common7\IDE\VC\VCTargets\Microsoft.CppCommon.targets(133,5): error MSB3073: if %errorlevel% neq 0 goto :cmEnd
C:\Program Files (x86)\Microsoft Visual Studio\2017\Community\Common7\IDE\VC\VCTargets\Microsoft.CppCommon.targets(133,5): error MSB3073: :cmEnd
C:\Program Files (x86)\Microsoft Visual Studio\2017\Community\Common7\IDE\VC\VCTargets\Microsoft.CppCommon.targets(133,5): error MSB3073: endlocal & call :cmErrorLevel %errorlevel% & goto :cmDone
C:\Program Files (x86)\Microsoft Visual Studio\2017\Community\Common7\IDE\VC\VCTargets\Microsoft.CppCommon.targets(133,5): error MSB3073: :cmErrorLevel
C:\Program Files (x86)\Microsoft Visual Studio\2017\Community\Common7\IDE\VC\VCTargets\Microsoft.CppCommon.targets(133,5): error MSB3073: exit /b %1
C:\Program Files (x86)\Microsoft Visual Studio\2017\Community\Common7\IDE\VC\VCTargets\Microsoft.CppCommon.targets(133,5): error MSB3073: :cmDone
C:\Program Files (x86)\Microsoft Visual Studio\2017\Community\Common7\IDE\VC\VCTargets\Microsoft.CppCommon.targets(133,5): error MSB3073: if %errorlevel% neq 0 goto :VCEnd
C:\Program Files (x86)\Microsoft Visual Studio\2017\Community\Common7\IDE\VC\VCTargets\Microsoft.CppCommon.targets(133,5): error MSB3073: :VCEnd" exited with code 1.
